Test (3A): multiple elections ...
100487 LOG1 S0 我身份被查
100488 LOG1 S1 我身份被查
100488 LOG1 S2 我身份被查
100488 LOG1 S3 我身份被查
100488 LOG1 S4 我身份被查
100488 LOG1 S5 我身份被查
100488 LOG1 S6 我身份被查
102030 LOG1 S5 我超时了
102031 LOG1 S5 我身份改为can
102031 LOG1 S5 我开始选举，最新term为1
102031 VOTE S5 我正在选举，我给6发消息
102031 VOTE S5 我正在选举，我给2发消息
102032 VOTE S5 我正在选举，我给4发消息
102032 VOTE S5 我正在选举，我给0发消息
102032 VOTE S5 我正在选举，我给3发消息
102034 LOG1 S6 收5拉，我term0,vf-1,st1
102034 LOG1 S6 我身份改为follower
102034 LOG1 S6 我投票给5，term为1,我身份为1
102035 LOG1 S6 我身份改为follower
102035 LOG1 S0 收5拉，我term0,vf-1,st1
102036 LOG1 S0 我身份改为follower
102036 LOG1 S0 我投票给5，term为1,我身份为1
102036 LOG1 S0 我身份改为follower
102037 TERM S5 6给我投票
102034 LOG1 S2 收5拉，我term0,vf-1,st1
102037 VOTE S5 我正在选举，我给1发消息
102038 LOG1 S3 收5拉，我term0,vf-1,st1
102038 LOG1 S3 我身份改为follower
102038 LOG1 S3 我投票给5，term为1,我身份为1
102038 LOG1 S3 我身份改为follower
102039 LOG1 S4 收5拉，我term0,vf-1,st1
102039 LOG1 S4 我身份改为follower
102040 LOG1 S4 我投票给5，term为1,我身份为1
102040 LOG1 S4 我身份改为follower
102037 LOG1 S2 我身份改为follower
102040 LOG1 S1 收5拉，我term0,vf-1,st1
102041 LOG1 S1 我身份改为follower
102041 LOG1 S1 我投票给5，term为1,我身份为1
102041 LOG1 S1 我身份改为follower
102040 LOG1 S2 我投票给5，term为1,我身份为1
102041 LOG1 S2 我身份改为follower
102037 TERM S5 0给我投票
102042 TERM S5 3给我投票
102042 TERM S5 我成功当选，term为1
102044 LOG1 S0 我收到5的心跳,我之前term为1
102044 LOG1 S0 我为fw,term为1
102047 LOG1 S1 我收到5的心跳,我之前term为1
102047 LOG1 S1 我为fw,term为1
102050 LOG1 S2 我收到5的心跳,我之前term为1
102051 LOG1 S2 我为fw,term为1
102053 LOG1 S3 我收到5的心跳,我之前term为1
102053 LOG1 S3 我为fw,term为1
102055 LOG1 S4 我收到5的心跳,我之前term为1
102055 LOG1 S4 我为fw,term为1
102057 LOG1 S6 我收到5的心跳,我之前term为1
102058 LOG1 S6 我为fw,term为1
102062 TERM S5 4给我投票
102062 TERM S5 1给我投票
102062 TERM S5 2给我投票
102586 LOG1 S0 我收到5的心跳,我之前term为1
102587 LOG1 S0 我为fw,term为1
102590 LOG1 S1 我收到5的心跳,我之前term为1
102590 LOG1 S1 我为fw,term为1
102593 LOG1 S2 我收到5的心跳,我之前term为1
102594 LOG1 S2 我为fw,term为1
102596 LOG1 S3 我收到5的心跳,我之前term为1
102597 LOG1 S3 我为fw,term为1
102599 LOG1 S4 我收到5的心跳,我之前term为1
102599 LOG1 S4 我为fw,term为1
102602 LOG1 S6 我收到5的心跳,我之前term为1
102603 LOG1 S6 我为fw,term为1
103591 LOG1 S0 我收到5的心跳,我之前term为1
103591 LOG1 S0 我为fw,term为1
103594 LOG1 S1 我收到5的心跳,我之前term为1
103594 LOG1 S1 我为fw,term为1
103596 LOG1 S2 我收到5的心跳,我之前term为1
103596 LOG1 S2 我为fw,term为1
103598 LOG1 S3 我收到5的心跳,我之前term为1
103598 LOG1 S3 我为fw,term为1
103600 LOG1 S4 我收到5的心跳,我之前term为1
103600 LOG1 S4 我为fw,term为1
103601 LOG1 S6 我收到5的心跳,我之前term为1
103602 LOG1 S6 我为fw,term为1
104601 LOG1 S0 我收到5的心跳,我之前term为1
104602 LOG1 S0 我为fw,term为1
104605 LOG1 S1 我收到5的心跳,我之前term为1
104606 LOG1 S1 我为fw,term为1
104608 LOG1 S2 我收到5的心跳,我之前term为1
104608 LOG1 S2 我为fw,term为1
104611 LOG1 S3 我收到5的心跳,我之前term为1
104611 LOG1 S3 我为fw,term为1
104613 LOG1 S4 我收到5的心跳,我之前term为1
104613 LOG1 S4 我为fw,term为1
104615 LOG1 S6 我收到5的心跳,我之前term为1
104615 LOG1 S6 我为fw,term为1
105480 LOG1 S0 我身份被查
105480 LOG1 S1 我身份被查
105481 LOG1 S2 我身份被查
105482 LOG1 S3 我身份被查
105482 LOG1 S4 我身份被查
105482 LOG1 S5 我身份被查
105482 LOG1 S6 我身份被查
110198 LOG1 S2 我身份被查
110202 LOG1 S3 我身份被查
110202 LOG1 S4 我身份被查
110202 LOG1 S5 我身份被查
110202 LOG1 S6 我身份被查
110618 LOG1 S0 我收到5的心跳,我之前term为1
110619 LOG1 S0 我为fw,term为1
111622 LOG1 S0 我收到5的心跳,我之前term为1
111623 LOG1 S0 我为fw,term为1
111716 LOG1 S2 我超时了
111717 LOG1 S2 我身份改为can
111718 LOG1 S2 我开始选举，最新term为2
111718 VOTE S2 我正在选举，我给6发消息
111718 VOTE S2 我正在选举，我给3发消息
111719 VOTE S2 我正在选举，我给4发消息
111719 VOTE S2 我正在选举，我给5发消息
111720 VOTE S2 我正在选举，我给0发消息
111721 LOG1 S3 收2拉，我term1,vf5,st1
111721 LOG1 S3 我身份改为follower
111722 LOG1 S3 我投票给2，term为2,我身份为1
111722 VOTE S2 我正在选举，我给1发消息
111722 LOG1 S0 收2拉，我term1,vf5,st1
111723 LOG1 S0 我身份改为follower
111723 LOG1 S0 我投票给2，term为2,我身份为1
111723 LOG1 S0 我身份改为follower
111722 LOG1 S3 我身份改为follower
111722 LOG1 S4 收2拉，我term1,vf5,st1
111725 LOG1 S4 我身份改为follower
111725 LOG1 S4 我投票给2，term为2,我身份为1
111722 LOG1 S5 收2拉，我term1,vf5,st0
111726 LOG1 S5 我身份改为follower
111726 LOG1 S5 我投票给2，term为2,我身份为1
111726 LOG1 S5 我身份改为follower
111725 TERM S2 0给我投票
111727 TERM S2 3给我投票
111725 LOG1 S4 我身份改为follower
111728 TERM S2 5给我投票
111728 TERM S2 我成功当选，term为2
111730 LOG1 S0 我收到2的心跳,我之前term为2
111730 LOG1 S0 我为fw,term为2
112116 LOG1 S6 我超时了
112116 LOG1 S6 我身份改为can
112117 LOG1 S6 我开始选举，最新term为2
112117 VOTE S6 我正在选举，我给0发消息
112117 VOTE S6 我正在选举，我给5发消息
112117 VOTE S6 我正在选举，我给2发消息
112118 VOTE S6 我正在选举，我给4发消息
112118 VOTE S6 我正在选举，我给1发消息
112119 VOTE S6 我正在选举，我给3发消息
112260 LOG1 S0 我收到2的心跳,我之前term为2
112260 LOG1 S0 我为fw,term为2
112435 LOG1 S1 我超时了
112436 LOG1 S1 我身份改为can
112437 LOG1 S1 我开始选举，最新term为2
112438 VOTE S1 我正在选举，我给6发消息
112438 VOTE S1 我正在选举，我给4发消息
112438 VOTE S1 我正在选举，我给2发消息
112438 VOTE S1 我正在选举，我给0发消息
112438 VOTE S1 我正在选举，我给3发消息
112438 VOTE S1 我正在选举，我给5发消息
113272 LOG1 S0 我收到2的心跳,我之前term为2
113273 LOG1 S0 我为fw,term为2
114270 LOG1 S0 我收到2的心跳,我之前term为2
114270 LOG1 S0 我为fw,term为2
114784 LOG1 S0 我身份被查
114784 LOG1 S2 我身份被查
114784 LOG1 S3 我身份被查
114784 LOG1 S4 我身份被查
114784 LOG1 S5 我身份被查
115280 LOG1 S0 我收到2的心跳,我之前term为2
115280 LOG1 S0 我为fw,term为2
116282 LOG1 S0 我收到2的心跳,我之前term为2
116283 LOG1 S0 我为fw,term为2
117290 LOG1 S0 我收到2的心跳,我之前term为2
117291 LOG1 S0 我为fw,term为2
118294 LOG1 S0 我收到2的心跳,我之前term为2
118294 LOG1 S0 我为fw,term为2
118681 LOG1 S5 我超时了
118683 LOG1 S5 我身份改为can
118684 LOG1 S5 我开始选举，最新term为3
118684 VOTE S5 我正在选举，我给6发消息
118684 VOTE S5 我正在选举，我给3发消息
118685 VOTE S5 我正在选举，我给4发消息
118684 VOTE S5 我正在选举，我给1发消息
118684 VOTE S5 我正在选举，我给0发消息
118686 VOTE S5 我正在选举，我给2发消息
118995 LOG1 S4 我超时了
118996 LOG1 S4 我身份改为can
118997 LOG1 S4 我开始选举，最新term为3
118997 VOTE S4 我正在选举，我给6发消息
118998 VOTE S4 我正在选举，我给0发消息
118998 VOTE S4 我正在选举，我给5发消息
118998 VOTE S4 我正在选举，我给1发消息
118998 VOTE S4 我正在选举，我给2发消息
118998 VOTE S4 我正在选举，我给3发消息
119205 LOG1 S3 我超时了
119206 LOG1 S3 我身份改为can
119206 LOG1 S3 我开始选举，最新term为3
119207 VOTE S3 我正在选举，我给6发消息
119207 VOTE S3 我正在选举，我给2发消息
119207 VOTE S3 我正在选举，我给5发消息
119207 VOTE S3 我正在选举，我给4发消息
119207 VOTE S3 我正在选举，我给1发消息
119207 VOTE S3 我正在选举，我给0发消息
119209 LOG1 S2 收3拉，我term2,vf2,st0
119209 LOG1 S2 我身份改为follower
119209 LOG1 S2 我投票给3，term为3,我身份为1
119209 LOG1 S2 我身份改为follower
119209 LOG1 S6 收3拉，我term2,vf6,st2
119210 LOG1 S6 我身份改为follower
119210 LOG1 S6 我投票给3，term为3,我身份为1
119210 LOG1 S6 我身份改为follower
119210 LOG1 S0 收3拉，我term2,vf2,st1
119210 LOG1 S0 我身份改为follower
119210 LOG1 S0 我投票给3，term为3,我身份为1
119210 LOG1 S0 我身份改为follower
119210 TERM S3 2给我投票
119211 TERM S3 6给我投票
119211 TERM S3 0给我投票
119211 TERM S3 我成功当选，term为3
119213 LOG1 S0 我收到3的心跳,我之前term为3
119213 LOG1 S0 我为fw,term为3
119793 LOG1 S0 我收到3的心跳,我之前term为3
119794 LOG1 S0 我为fw,term为3
119805 LOG1 S0 我身份被查
119805 LOG1 S2 我身份被查
119806 LOG1 S3 我身份被查
119806 LOG1 S6 我身份被查
120139 LOG1 S1 我超时了
120142 LOG1 S1 我身份改为can
120142 LOG1 S1 我开始选举，最新term为3
120143 VOTE S1 我正在选举，我给2发消息
120143 VOTE S1 我正在选举，我给6发消息
120147 LOG1 S2 收1拉，我term3,vf3,st1
120147 VOTE S1 我正在选举，我给3发消息
120150 LOG1 S3 收1拉，我term3,vf3,st0
120144 VOTE S1 我正在选举，我给0发消息
120152 LOG1 S6 收1拉，我term3,vf3,st1
120150 VOTE S1 我正在选举，我给4发消息
120151 VOTE S1 我正在选举，我给5发消息
125157 LOG1 S1 我身份被查
125158 LOG1 S2 我身份被查
125158 LOG1 S3 我身份被查
125158 LOG1 S6 我身份被查
125697 LOG1 S5 我超时了
125698 LOG1 S5 我身份改为can
125699 LOG1 S5 我开始选举，最新term为4
125699 VOTE S5 我正在选举，我给6发消息
125699 VOTE S5 我正在选举，我给2发消息
125699 VOTE S5 我正在选举，我给0发消息
125699 VOTE S5 我正在选举，我给1发消息
125699 VOTE S5 我正在选举，我给3发消息
125701 VOTE S5 我正在选举，我给4发消息
125701 LOG1 S6 收5拉，我term3,vf3,st1
125702 LOG1 S6 我身份改为follower
125702 LOG1 S6 我投票给5，term为4,我身份为1
125702 LOG1 S6 我身份改为follower
125702 LOG1 S2 收5拉，我term3,vf3,st1
125702 LOG1 S2 我身份改为follower
125702 LOG1 S2 我投票给5，term为4,我身份为1
125703 LOG1 S2 我身份改为follower
125703 LOG1 S4 收5拉，我term3,vf4,st2
125703 LOG1 S4 我身份改为follower
125703 LOG1 S4 我投票给5，term为4,我身份为1
125703 LOG1 S4 我身份改为follower
125703 TERM S5 6给我投票
125704 TERM S5 2给我投票
125705 TERM S5 4给我投票
125705 TERM S5 我成功当选，term为4
126962 LOG1 S0 我超时了
126962 LOG1 S0 我身份改为can
126963 LOG1 S0 我开始选举，最新term为4
126963 VOTE S0 我正在选举，我给6发消息
126963 VOTE S0 我正在选举，我给3发消息
126964 VOTE S0 我正在选举，我给1发消息
126964 VOTE S0 我正在选举，我给5发消息
126964 VOTE S0 我正在选举，我给2发消息
126964 VOTE S0 我正在选举，我给4发消息
128314 LOG1 S1 我超时了
128315 LOG1 S1 我身份改为can
128315 LOG1 S1 我开始选举，最新term为4
128316 VOTE S1 我正在选举，我给2发消息
128316 VOTE S1 我正在选举，我给6发消息
128317 VOTE S1 我正在选举，我给0发消息
128316 VOTE S1 我正在选举，我给3发消息
128316 VOTE S1 我正在选举，我给5发消息
128316 VOTE S1 我正在选举，我给4发消息
130391 LOG1 S2 我身份被查
130392 LOG1 S4 我身份被查
130392 LOG1 S5 我身份被查
130392 LOG1 S6 我身份被查
132548 LOG1 S3 我收到2的心跳,我之前term为3
132549 LOG1 S4 我收到2的心跳,我之前term为4
132825 LOG1 S4 我超时了
132825 LOG1 S4 我身份改为can
132825 LOG1 S4 我开始选举，最新term为5
132826 VOTE S4 我正在选举，我给6发消息
132826 VOTE S4 我正在选举，我给1发消息
132826 VOTE S4 我正在选举，我给3发消息
132826 VOTE S4 我正在选举，我给5发消息
132826 VOTE S4 我正在选举，我给0发消息
132826 VOTE S4 我正在选举，我给2发消息
132827 LOG1 S3 收4拉，我term3,vf3,st0
132828 LOG1 S3 我身份改为follower
132828 LOG1 S3 我投票给4，term为5,我身份为1
132828 LOG1 S3 我身份改为follower
132828 TERM S4 3给我投票
132828 LOG1 S2 收4拉，我term4,vf5,st1
132828 LOG1 S2 我身份改为follower
132829 LOG1 S2 我投票给4，term为5,我身份为1
132829 LOG1 S2 我身份改为follower
132829 LOG1 S6 收4拉，我term4,vf5,st1
132829 LOG1 S6 我身份改为follower
132829 LOG1 S6 我投票给4，term为5,我身份为1
132829 LOG1 S6 我身份改为follower
132829 TERM S4 2给我投票
132829 TERM S4 6给我投票
132829 TERM S4 我成功当选，term为5
133568 LOG1 S2 我收到3的心跳,我之前term为5
133569 LOG1 S4 我收到3的心跳,我之前term为5
134036 LOG1 S0 我超时了
134037 LOG1 S0 我身份改为can
134037 LOG1 S0 我开始选举，最新term为5
134038 VOTE S0 我正在选举，我给6发消息
134038 VOTE S0 我正在选举，我给3发消息
134038 VOTE S0 我正在选举，我给4发消息
134039 VOTE S0 我正在选举，我给5发消息
134039 VOTE S0 我正在选举，我给2发消息
134038 VOTE S0 我正在选举，我给1发消息
135454 LOG1 S2 我身份被查
135454 LOG1 S3 我身份被查
135454 LOG1 S4 我身份被查
135455 LOG1 S6 我身份被查
136435 LOG1 S0 我收到4的心跳,我之前term为5
136436 LOG1 S0 我为fw,term为5
136437 LOG1 S1 我收到4的心跳,我之前term为4
136437 LOG1 S1 我为fw,term为5
137446 LOG1 S0 我收到4的心跳,我之前term为5
137447 LOG1 S0 我为fw,term为5
137451 LOG1 S1 我收到4的心跳,我之前term为5
137451 LOG1 S1 我为fw,term为5
138085 LOG1 S1 我收到4的心跳,我之前term为5
138085 LOG1 S1 我为fw,term为5
138450 LOG1 S0 我收到4的心跳,我之前term为5
138450 LOG1 S0 我为fw,term为5
138454 LOG1 S1 我收到4的心跳,我之前term为5
138454 LOG1 S1 我为fw,term为5
139454 LOG1 S0 我收到4的心跳,我之前term为5
139454 LOG1 S0 我为fw,term为5
139456 LOG1 S1 我收到4的心跳,我之前term为5
139456 LOG1 S1 我为fw,term为5
139708 LOG1 S2 我超时了
139709 LOG1 S2 我身份改为can
139710 LOG1 S2 我开始选举，最新term为6
139710 VOTE S2 我正在选举，我给6发消息
139711 VOTE S2 我正在选举，我给0发消息
139711 VOTE S2 我正在选举，我给3发消息
139711 VOTE S2 我正在选举，我给4发消息
139712 VOTE S2 我正在选举，我给5发消息
139712 VOTE S2 我正在选举，我给1发消息
140160 LOG1 S6 我超时了
140160 LOG1 S6 我身份改为can
140161 LOG1 S6 我开始选举，最新term为6
140161 VOTE S6 我正在选举，我给5发消息
140161 VOTE S6 我正在选举，我给1发消息
140161 VOTE S6 我正在选举，我给2发消息
140161 VOTE S6 我正在选举，我给0发消息
140161 VOTE S6 我正在选举，我给4发消息
140161 VOTE S6 我正在选举，我给3发消息
140164 LOG1 S1 收6拉，我term5,vf1,st1
140164 LOG1 S1 我身份改为follower
140164 LOG1 S1 我投票给6，term为6,我身份为1
140164 LOG1 S0 收6拉，我term5,vf0,st1
140165 LOG1 S0 我身份改为follower
140165 LOG1 S0 我投票给6，term为6,我身份为1
140164 LOG1 S1 我身份改为follower
140164 LOG1 S4 收6拉，我term5,vf4,st0
140166 LOG1 S4 我身份改为follower
140167 LOG1 S4 我投票给6，term为6,我身份为1
140167 LOG1 S4 我身份改为follower
140166 LOG1 S0 我身份改为follower
140165 LOG1 S3 收6拉，我term5,vf4,st1
140168 LOG1 S3 我身份改为follower
140168 LOG1 S3 我投票给6，term为6,我身份为1
140168 LOG1 S3 我身份改为follower
140167 TERM S6 1给我投票
140169 TERM S6 4给我投票
140169 TERM S6 0给我投票
140169 TERM S6 我成功当选，term为6
140171 LOG1 S0 我收到6的心跳,我之前term为6
140171 LOG1 S0 我为fw,term为6
140173 LOG1 S1 我收到6的心跳,我之前term为6
140174 LOG1 S1 我为fw,term为6
140277 LOG1 S0 我身份被查
140277 LOG1 S1 我身份被查
140277 LOG1 S3 我身份被查
140277 LOG1 S4 我身份被查
140278 LOG1 S6 我身份被查
140693 LOG1 S0 我收到6的心跳,我之前term为6
140694 LOG1 S0 我为fw,term为6
141705 LOG1 S0 我收到6的心跳,我之前term为6
141706 LOG1 S0 我为fw,term为6
142708 LOG1 S0 我收到6的心跳,我之前term为6
142708 LOG1 S0 我为fw,term为6
143719 LOG1 S6 我收到2的心跳,我之前term为6
143719 LOG1 S0 我收到6的心跳,我之前term为6
143720 LOG1 S0 我为fw,term为6
143721 TERM S2 我成功当选，term为6
143722 LOG1 S0 我收到2的心跳,我之前term为6
143723 LOG1 S0 我为fw,term为6
144236 LOG1 S0 我收到2的心跳,我之前term为6
144236 LOG1 S0 我为fw,term为6
144721 LOG1 S0 我收到6的心跳,我之前term为6
144721 LOG1 S0 我为fw,term为6
145224 LOG1 S0 我收到2的心跳,我之前term为6
145225 LOG1 S0 我为fw,term为6
145440 LOG1 S0 我身份被查
145441 LOG1 S2 我身份被查
145441 LOG1 S3 我身份被查
145441 LOG1 S6 我身份被查