Test (3A): multiple elections ...
004362 LOG1 S1 我超时了
004364 LOG1 S1 我身份改为can
004365 LOG1 S1 我开始选举，最新term为1
004365 VOTE S1 我正在选举，我给6发消息
004365 VOTE S1 我正在选举，我给3发消息
004366 VOTE S1 我正在选举，我给0发消息
004366 VOTE S1 我正在选举，我给2发消息
004367 VOTE S1 我正在选举，我给4发消息
004368 LOG1 S0 我超时了
004368 LOG1 S0 我身份改为can
004369 LOG1 S0 我开始选举，最新term为1
004369 VOTE S0 我正在选举，我给6发消息
004369 VOTE S0 我正在选举，我给1发消息
004370 LOG1 S3 收1拉，我term0,vf-1,st1
004370 LOG1 S3 我身份改为follower
004370 LOG1 S3 我投票给1，term为1,我身份为1
004370 LOG1 S3 我身份改为follower
004370 VOTE S1 我正在选举，我给5发消息
004371 LOG1 S6 收1拉，我term0,vf-1,st1
004371 LOG1 S6 我身份改为follower
004371 LOG1 S6 我投票给1，term为1,我身份为1
004371 LOG1 S6 我身份改为follower
004371 LOG1 S5 收1拉，我term0,vf-1,st1
004372 LOG1 S5 我身份改为follower
004372 LOG1 S5 我投票给1，term为1,我身份为1
004372 LOG1 S5 我身份改为follower
004372 LOG1 S0 收1拉，我term1,vf0,st2
004372 LOG1 S2 收1拉，我term0,vf-1,st1
004373 LOG1 S2 我身份改为follower
004373 LOG1 S2 我投票给1，term为1,我身份为1
004373 LOG1 S2 我身份改为follower
004370 LOG1 S1 收0拉，我term1,vf1,st2
004373 LOG1 S4 收1拉，我term0,vf-1,st1
004373 LOG1 S4 我身份改为follower
004374 LOG1 S4 我投票给1，term为1,我身份为1
004374 LOG1 S4 我身份改为follower
004372 TERM S1 我成功当选，term为1
004370 VOTE S0 我正在选举，我给4发消息
004370 LOG1 S6 收0拉，我term0,vf-1,st1
004370 VOTE S0 我正在选举，我给2发消息
004376 LOG1 S0 我身份改为follower
004370 VOTE S0 我正在选举，我给3发消息
004370 VOTE S0 我正在选举，我给5发消息
004375 LOG1 S4 收0拉，我term1,vf1,st1
004376 LOG1 S2 收0拉，我term1,vf1,st1
004377 LOG1 S2 我身份改为follower
004378 LOG1 S3 我身份改为follower
004380 LOG1 S4 我身份改为follower
004381 LOG1 S5 我身份改为follower
004383 LOG1 S6 我身份改为follower
004755 LOG1 S0 我身份被查
004755 LOG1 S1 我身份被查
004756 LOG1 S2 我身份被查
004756 LOG1 S3 我身份被查
004756 LOG1 S4 我身份被查
004756 LOG1 S5 我身份被查
004756 LOG1 S6 我身份被查
004886 LOG1 S0 我身份改为follower
009011 LOG1 S6 我超时了
009012 LOG1 S6 我身份改为can
009012 LOG1 S6 我开始选举，最新term为2
009013 VOTE S6 我正在选举，我给0发消息
009013 VOTE S6 我正在选举，我给2发消息
009013 VOTE S6 我正在选举，我给5发消息
009015 LOG1 S5 收6拉，我term1,vf1,st1
009016 LOG1 S5 我身份改为follower
009015 LOG1 S0 收6拉，我term1,vf0,st1
009016 LOG1 S0 我身份改为follower
009016 LOG1 S0 我投票给6，term为2,我身份为1
009016 LOG1 S0 我身份改为follower
009015 VOTE S6 我正在选举，我给3发消息
009016 VOTE S6 我正在选举，我给4发消息
009013 VOTE S6 我正在选举，我给1发消息
009018 LOG1 S4 收6拉，我term1,vf1,st1
009018 LOG1 S4 我身份改为follower
009018 LOG1 S4 我投票给6，term为2,我身份为1
009018 LOG1 S4 我身份改为follower
009018 LOG1 S1 收6拉，我term1,vf1,st0
009019 LOG1 S1 我身份改为follower
009019 LOG1 S1 我投票给6，term为2,我身份为1
009019 LOG1 S1 我身份改为follower
009016 LOG1 S5 我投票给6，term为2,我身份为1
009019 LOG1 S5 我身份改为follower
009020 TERM S6 我成功当选，term为2
009021 LOG1 S0 我身份改为follower
009022 LOG1 S1 我身份改为follower
009280 LOG1 S2 我超时了
009280 LOG1 S2 我身份改为can
009281 LOG1 S2 我开始选举，最新term为2
009281 VOTE S2 我正在选举，我给6发消息
009281 VOTE S2 我正在选举，我给1发消息
009281 VOTE S2 我正在选举，我给5发消息
009281 VOTE S2 我正在选举，我给3发消息
009281 VOTE S2 我正在选举，我给4发消息
009281 VOTE S2 我正在选举，我给0发消息
009319 LOG1 S3 我超时了
009320 LOG1 S3 我身份改为can
009320 LOG1 S3 我开始选举，最新term为2
009320 VOTE S3 我正在选举，我给6发消息
009321 VOTE S3 我正在选举，我给0发消息
009321 VOTE S3 我正在选举，我给1发消息
009321 VOTE S3 我正在选举，我给4发消息
009320 VOTE S3 我正在选举，我给2发消息
009321 VOTE S3 我正在选举，我给5发消息
009487 LOG1 S0 我身份被查
009487 LOG1 S1 我身份被查
009488 LOG1 S4 我身份被查
009488 LOG1 S5 我身份被查
009488 LOG1 S6 我身份被查
013239 LOG1 S0 我超时了
013240 LOG1 S0 我身份改为can
013240 LOG1 S0 我开始选举，最新term为3
013240 VOTE S0 我正在选举，我给6发消息
013240 VOTE S0 我正在选举，我给3发消息
013241 VOTE S0 我正在选举，我给1发消息
013241 VOTE S0 我正在选举，我给4发消息
013242 VOTE S0 我正在选举，我给5发消息
013242 LOG1 S3 收0拉，我term2,vf3,st2
013242 LOG1 S3 我身份改为follower
013242 LOG1 S1 收0拉，我term2,vf6,st1
013243 LOG1 S1 我身份改为follower
013243 LOG1 S1 我投票给0，term为3,我身份为1
013243 LOG1 S1 我身份改为follower
013242 LOG1 S4 收0拉，我term2,vf6,st1
013243 LOG1 S4 我身份改为follower
013243 LOG1 S4 我投票给0，term为3,我身份为1
013242 LOG1 S3 我投票给0，term为3,我身份为1
013244 LOG1 S3 我身份改为follower
013241 VOTE S0 我正在选举，我给2发消息
013243 LOG1 S5 收0拉，我term2,vf6,st1
013244 LOG1 S5 我身份改为follower
013244 LOG1 S5 我投票给0，term为3,我身份为1
013244 LOG1 S5 我身份改为follower
013243 LOG1 S4 我身份改为follower
013245 TERM S0 我成功当选，term为3
013246 LOG1 S1 我身份改为follower
013776 LOG1 S1 我身份改为follower
014167 LOG1 S2 我超时了
014168 LOG1 S2 我身份改为can
014168 LOG1 S2 我开始选举，最新term为3
014168 VOTE S2 我正在选举，我给6发消息
014168 VOTE S2 我正在选举，我给3发消息
014168 VOTE S2 我正在选举，我给0发消息
014169 VOTE S2 我正在选举，我给1发消息
014169 VOTE S2 我正在选举，我给5发消息
014169 VOTE S2 我正在选举，我给4发消息
014549 LOG1 S0 我身份被查
014549 LOG1 S1 我身份被查
014549 LOG1 S3 我身份被查
014549 LOG1 S4 我身份被查
014549 LOG1 S5 我身份被查
018101 LOG1 S4 我超时了
018101 LOG1 S4 我身份改为can
018101 LOG1 S4 我开始选举，最新term为4
018102 VOTE S4 我正在选举，我给6发消息
018102 VOTE S4 我正在选举，我给2发消息
018102 VOTE S4 我正在选举，我给3发消息
018103 VOTE S4 我正在选举，我给5发消息
018104 LOG1 S3 收4拉，我term3,vf0,st1
018104 LOG1 S3 我身份改为follower
018104 LOG1 S3 我投票给4，term为4,我身份为1
018104 LOG1 S3 我身份改为follower
018104 VOTE S4 我正在选举，我给1发消息
018104 LOG1 S5 收4拉，我term3,vf0,st1
018104 LOG1 S5 我身份改为follower
018104 LOG1 S5 我投票给4，term为4,我身份为1
018104 LOG1 S5 我身份改为follower
018104 LOG1 S2 收4拉，我term3,vf2,st2
018105 LOG1 S2 我身份改为follower
018105 LOG1 S2 我投票给4，term为4,我身份为1
018105 LOG1 S2 我身份改为follower
018104 VOTE S4 我正在选举，我给0发消息
018105 LOG1 S1 收4拉，我term3,vf0,st1
018106 LOG1 S1 我身份改为follower
018105 TERM S4 我成功当选，term为4
018106 LOG1 S1 我投票给4，term为4,我身份为1
018106 LOG1 S1 我身份改为follower
019972 LOG1 S1 我身份被查
019973 LOG1 S2 我身份被查
019973 LOG1 S3 我身份被查
019973 LOG1 S4 我身份被查
019973 LOG1 S5 我身份被查
022997 LOG1 S3 我超时了
022997 LOG1 S3 我身份改为can
022998 LOG1 S3 我开始选举，最新term为5
022998 VOTE S3 我正在选举，我给0发消息
022998 VOTE S3 我正在选举，我给2发消息
022998 VOTE S3 我正在选举，我给4发消息
022999 VOTE S3 我正在选举，我给5发消息
022998 VOTE S3 我正在选举，我给6发消息
022998 VOTE S3 我正在选举，我给1发消息
023000 LOG1 S4 收3拉，我term4,vf4,st0
023000 LOG1 S6 收3拉，我term2,vf6,st0
023001 LOG1 S6 我身份改为follower
023001 LOG1 S6 我投票给3，term为5,我身份为1
023001 LOG1 S6 我身份改为follower
023000 LOG1 S2 收3拉，我term4,vf4,st1
023001 LOG1 S2 我身份改为follower
023001 LOG1 S2 我投票给3，term为5,我身份为1
023001 LOG1 S2 我身份改为follower
023001 LOG1 S4 我身份改为follower
023002 LOG1 S4 我投票给3，term为5,我身份为1
023002 LOG1 S4 我身份改为follower
023003 TERM S3 我成功当选，term为5
023240 LOG1 S5 我超时了
023240 LOG1 S5 我身份改为can
023241 LOG1 S5 我开始选举，最新term为5
023241 VOTE S5 我正在选举，我给6发消息
023241 VOTE S5 我正在选举，我给2发消息
023241 VOTE S5 我正在选举，我给3发消息
023242 VOTE S5 我正在选举，我给4发消息
023242 VOTE S5 我正在选举，我给0发消息
023242 VOTE S5 我正在选举，我给1发消息
024694 LOG1 S2 我身份被查
024694 LOG1 S3 我身份被查
024695 LOG1 S4 我身份被查
024695 LOG1 S6 我身份被查
027518 LOG1 S2 我超时了
027518 LOG1 S2 我身份改为can
027519 LOG1 S2 我开始选举，最新term为6
027519 VOTE S2 我正在选举，我给6发消息
027519 VOTE S2 我正在选举，我给3发消息
027519 VOTE S2 我正在选举，我给4发消息
027520 VOTE S2 我正在选举，我给5发消息
027520 VOTE S2 我正在选举，我给1发消息
027521 LOG1 S3 收2拉，我term5,vf3,st0
027522 LOG1 S3 我身份改为follower
027522 LOG1 S3 我投票给2，term为6,我身份为1
027523 LOG1 S3 我身份改为follower
027521 LOG1 S1 收2拉，我term4,vf4,st1
027523 LOG1 S1 我身份改为follower
027523 LOG1 S1 我投票给2，term为6,我身份为1
027523 LOG1 S1 我身份改为follower
027521 VOTE S2 我正在选举，我给0发消息
027522 LOG1 S6 收2拉，我term5,vf3,st1
027525 LOG1 S6 我身份改为follower
027525 LOG1 S6 我投票给2，term为6,我身份为1
027525 LOG1 S6 我身份改为follower
027526 TERM S2 我成功当选，term为6
028211 LOG1 S5 我超时了
028212 LOG1 S5 我身份改为can
028212 LOG1 S5 我开始选举，最新term为6
028212 VOTE S5 我正在选举，我给6发消息
028213 VOTE S5 我正在选举，我给2发消息
028214 VOTE S5 我正在选举，我给3发消息
028214 VOTE S5 我正在选举，我给0发消息
028214 VOTE S5 我正在选举，我给4发消息
028214 VOTE S5 我正在选举，我给1发消息
029365 LOG1 S1 我身份被查
029366 LOG1 S2 我身份被查
029366 LOG1 S3 我身份被查
029366 LOG1 S6 我身份被查
033567 LOG1 S5 我超时了
033568 LOG1 S5 我身份改为can
033569 LOG1 S5 我开始选举，最新term为7
033569 VOTE S5 我正在选举，我给6发消息
033569 VOTE S5 我正在选举，我给2发消息
033569 VOTE S5 我正在选举，我给3发消息
033570 VOTE S5 我正在选举，我给4发消息
033570 VOTE S5 我正在选举，我给1发消息
033570 VOTE S5 我正在选举，我给0发消息
034167 LOG1 S0 我身份被查
034168 LOG1 S3 我身份被查
034168 LOG1 S4 我身份被查
034168 LOG1 S6 我身份被查
035776 LOG1 S6 我超时了
035777 LOG1 S6 我身份改为can
035777 LOG1 S6 我开始选举，最新term为7
035778 VOTE S6 我正在选举，我给0发消息
035778 VOTE S6 我正在选举，我给5发消息
035778 VOTE S6 我正在选举，我给3发消息
035778 VOTE S6 我正在选举，我给2发消息
035779 VOTE S6 我正在选举，我给4发消息
035778 VOTE S6 我正在选举，我给1发消息
036839 LOG1 S3 我身份改为follower
037104 LOG1 S2 收5拉，我term6,vf2,st0
039010 LOG1 S0 我身份被查
039010 LOG1 S2 我身份被查
039010 LOG1 S3 我身份被查
039010 LOG1 S5 我身份被查
039014 LOG1 S5 我超时了
039014 LOG1 S5 我身份改为can
039014 LOG1 S5 我开始选举，最新term为8
039014 VOTE S5 我正在选举，我给6发消息
039015 VOTE S5 我正在选举，我给0发消息
039015 VOTE S5 我正在选举，我给2发消息
039015 VOTE S5 我正在选举，我给4发消息
039014 VOTE S5 我正在选举，我给1发消息
039016 LOG1 S6 收5拉，我term7,vf6,st2
039015 VOTE S5 我正在选举，我给3发消息
039016 LOG1 S2 收5拉，我term6,vf2,st0
039017 LOG1 S2 我身份改为follower
039016 LOG1 S6 我身份改为follower
039017 LOG1 S6 我投票给5，term为8,我身份为1
039017 LOG1 S6 我身份改为follower
039017 LOG1 S2 我投票给5，term为8,我身份为1
039017 LOG1 S2 我身份改为follower
039017 LOG1 S3 收5拉，我term6,vf2,st1
039018 LOG1 S3 我身份改为follower
039018 LOG1 S3 我投票给5，term为8,我身份为1
039018 LOG1 S3 我身份改为follower
039019 TERM S5 我成功当选，term为8
043405 LOG1 S6 我超时了
043405 LOG1 S6 我身份改为can
043406 LOG1 S6 我开始选举，最新term为9
043406 VOTE S6 我正在选举，我给5发消息
043406 VOTE S6 我正在选举，我给3发消息
043406 VOTE S6 我正在选举，我给4发消息
043406 VOTE S6 我正在选举，我给2发消息
043406 VOTE S6 我正在选举，我给0发消息
043406 VOTE S6 我正在选举，我给1发消息
043408 LOG1 S5 收6拉，我term8,vf5,st0
043408 LOG1 S5 我身份改为follower
043408 LOG1 S5 我投票给6，term为9,我身份为1
043408 LOG1 S5 我身份改为follower
043408 LOG1 S3 收6拉，我term8,vf5,st1
043408 LOG1 S3 我身份改为follower
043408 LOG1 S3 我投票给6，term为9,我身份为1
043408 LOG1 S3 我身份改为follower
043408 LOG1 S2 收6拉，我term8,vf5,st1
043409 LOG1 S2 我身份改为follower
043409 LOG1 S2 我投票给6，term为9,我身份为1
043409 LOG1 S2 我身份改为follower
043410 TERM S6 我成功当选，term为9
044101 LOG1 S2 我身份被查
044101 LOG1 S3 我身份被查
044102 LOG1 S5 我身份被查
044102 LOG1 S6 我身份被查
049448 LOG1 S2 我身份被查
049449 LOG1 S3 我身份被查
049449 LOG1 S4 我身份被查
049450 LOG1 S5 我身份被查
054910 LOG1 S2 我身份被查
054911 LOG1 S3 我身份被查
054911 LOG1 S4 我身份被查
054911 LOG1 S5 我身份被查
056156 LOG1 S4 我身份改为follower
060012 LOG1 S2 我身份被查
060015 LOG1 S3 我身份被查
060015 LOG1 S4 我身份被查
060015 LOG1 S5 我身份被查
064939 LOG1 S2 我身份被查
064940 LOG1 S3 我身份被查
064940 LOG1 S4 我身份被查
064940 LOG1 S5 我身份被查
069679 LOG1 S2 我身份被查
069680 LOG1 S3 我身份被查
069680 LOG1 S4 我身份被查
069681 LOG1 S5 我身份被查
074881 LOG1 S2 我身份被查
074882 LOG1 S3 我身份被查
074882 LOG1 S4 我身份被查
074882 LOG1 S5 我身份被查
079693 LOG1 S2 我身份被查
079693 LOG1 S3 我身份被查
079694 LOG1 S4 我身份被查
079694 LOG1 S5 我身份被查
084723 LOG1 S2 我身份被查
084724 LOG1 S3 我身份被查
084724 LOG1 S4 我身份被查
084724 LOG1 S5 我身份被查
085004 LOG1 S4 我身份改为follower
089515 LOG1 S2 我身份被查
089516 LOG1 S3 我身份被查
089516 LOG1 S4 我身份被查
089516 LOG1 S5 我身份被查
094779 LOG1 S2 我身份被查
094780 LOG1 S3 我身份被查
094780 LOG1 S4 我身份被查
094780 LOG1 S5 我身份被查
--- FAIL: TestManyElections3A (9.48s)
    config.go:458: expected one leader, got none
FAIL
exit status 1
FAIL	6.5840/raft	9.797s
