000010 PERS S0 恢复，[{0  0}]
000016 PERS S1 恢复，[{0  0}]
000016 PERS S2 恢复，[{0  0}]
000017 PERS S3 恢复，[{0  0}]
000017 PERS S4 恢复，[{0  0}]
Test (3C): more persistence ...
000018 LOG1 S1 我身份被查
000018 LOG1 S2 我身份被查
000018 LOG1 S3 我身份被查
000018 LOG1 S4 我身份被查
000018 LOG1 S0 我身份被查
000526 LOG1 S1 我身份被查
000527 LOG1 S2 我身份被查
000528 LOG1 S3 我身份被查
000528 LOG1 S4 我身份被查
000528 LOG1 S0 我身份被查
001035 LOG1 S1 我身份被查
001036 LOG1 S2 我身份被查
001037 LOG1 S3 我身份被查
001037 LOG1 S4 我身份被查
001037 LOG1 S0 我身份被查
001548 LOG1 S1 我身份被查
001550 LOG1 S2 我身份被查
001550 LOG1 S3 我身份被查
001550 LOG1 S4 我身份被查
001550 LOG1 S0 我身份被查
002061 LOG1 S1 我身份被查
002062 LOG1 S2 我身份被查
002063 LOG1 S3 我身份被查
002063 LOG1 S4 我身份被查
002063 LOG1 S0 我身份被查
002574 LOG1 S1 我身份被查
002575 LOG1 S2 我身份被查
002575 LOG1 S3 我身份被查
002575 LOG1 S4 我身份被查
002576 LOG1 S0 我身份被查
003086 LOG1 S1 我身份被查
003088 LOG1 S2 我身份被查
003088 LOG1 S3 我身份被查
003088 LOG1 S4 我身份被查
003089 LOG1 S0 我身份被查
003599 LOG1 S1 我身份被查
003601 LOG1 S2 我身份被查
003601 LOG1 S3 我身份被查
003601 LOG1 S4 我身份被查
003601 LOG1 S0 我身份被查
004113 LOG1 S1 我身份被查
004115 LOG1 S2 我身份被查
004115 LOG1 S3 我身份被查
004115 LOG1 S4 我身份被查
004115 LOG1 S0 我身份被查
004626 LOG1 S1 我身份被查
004628 LOG1 S2 我身份被查
004628 LOG1 S3 我身份被查
004628 LOG1 S4 我身份被查
004628 LOG1 S0 我身份被查
005140 LOG1 S1 我身份被查
005141 LOG1 S2 我身份被查
005141 LOG1 S3 我身份被查
005141 LOG1 S4 我身份被查
005141 LOG1 S0 我身份被查
005642 LOG1 S1 我身份被查
005643 LOG1 S2 我身份被查
005644 LOG1 S3 我身份被查
005644 LOG1 S4 我身份被查
005644 LOG1 S0 我身份被查
006148 LOG1 S1 我身份被查
006149 LOG1 S2 我身份被查
006150 LOG1 S3 我身份被查
006150 LOG1 S4 我身份被查
006150 LOG1 S0 我身份被查
006651 LOG1 S2 我超时了
006650 LOG1 S1 我身份被查
006652 LOG1 S2 我身份被查
006653 LOG1 S3 我身份被查
006653 LOG1 S4 我身份被查
006653 LOG1 S0 我身份被查
006657 LOG1 S2 我身份改为can
006657 LOG1 S2 我开始选举，最新term为1
006659 VOTE S2 我正在选举，我给4发消息
006659 VOTE S2 我正在选举，我给1发消息
006660 VOTE S2 我正在选举，我给3发消息
006664 VOTE S2 我正在选举，我给0发消息
006666 LOG1 S4 收2拉，我term0,vf-1,st1
006666 LOG1 S0 收2拉，我term0,vf-1,st1
006666 LOG1 S0 我身份改为follower
006666 LOG1 S0 我投票给2，term为1,我身份为1
006667 LOG1 S0 传来的lastlogidx0
006667 LOG1 S0 我的日志[{0  0}]
006666 LOG1 S4 我身份改为follower
006666 LOG1 S3 收2拉，我term0,vf-1,st1
006668 LOG1 S3 我身份改为follower
006667 LOG1 S1 收2拉，我term0,vf-1,st1
006668 LOG1 S1 我身份改为follower
006668 LOG1 S3 我投票给2，term为1,我身份为1
006669 LOG1 S3 传来的lastlogidx0
006669 LOG1 S1 我投票给2，term为1,我身份为1
006669 LOG1 S1 传来的lastlogidx0
006669 LOG1 S1 我的日志[{0  0}]
006668 LOG1 S4 我投票给2，term为1,我身份为1
006669 LOG1 S4 传来的lastlogidx0
006668 TERM S2 0给我投票
006669 LOG1 S3 我的日志[{0  0}]
006670 LOG1 S4 我的日志[{0  0}]
006670 TERM S2 1给我投票
006671 TERM S2 我成功当选，term为1
006671 LOG1 S2 发送心跳0
006671 TERM S2 3给我投票
006672 TERM S2 4给我投票
006674 LOG1 S4 我收到2的心跳,我之前term为1
006674 LOG1 S4 我为fw,term为1
006674 LOG1 S0 我收到2的心跳,我之前term为1
006674 LOG1 S4 加入日志，为[],总[{0  0}]
006674 LOG1 S0 我为fw,term为1
006674 LOG1 S3 我收到2的心跳,我之前term为1
006675 LOG1 S3 我为fw,term为1
006674 LOG1 S1 我收到2的心跳,我之前term为1
006675 LOG1 S1 我为fw,term为1
006675 LOG1 S3 加入日志，为[],总[{0  0}]
006675 LOG1 S0 加入日志，为[],总[{0  0}]
006676 LOG1 S1 加入日志，为[],总[{0  0}]
007155 LOG1 S1 我身份被查
007155 LOG1 S2 我身份被查
007156 LEAD S2 我是领导者，收到了客户端命令11
007242 LOG1 S2 发送心跳0
007246 LOG1 S4 我收到2的心跳,我之前term为1
007246 LOG1 S4 我为fw,term为1
007246 LOG1 S4 加入日志，为[{1 11 1}],总[{0  0} {1 11 1}]
007247 LOG1 S1 我收到2的心跳,我之前term为1
007247 LOG1 S1 我为fw,term为1
007248 LOG1 S1 加入日志，为[{1 11 1}],总[{0  0} {1 11 1}]
007248 LOG1 S3 我收到2的心跳,我之前term为1
007248 LOG1 S3 我为fw,term为1
007248 LOG1 S2 大多数人赞同1
007248 LOG1 S3 加入日志，为[{1 11 1}],总[{0  0} {1 11 1}]
007249 LOG1 S2 给虚拟机发消息，1
007248 LOG1 S0 我收到2的心跳,我之前term为1
007249 LOG1 S0 我为fw,term为1
007249 LOG1 S0 加入日志，为[{1 11 1}],总[{0  0} {1 11 1}]
008249 LOG1 S2 发送心跳1
008252 LOG1 S3 我收到2的心跳,我之前term为1
008253 LOG1 S3 我为fw,term为1
008253 LOG1 S3 加入日志，为[],总[{0  0} {1 11 1}]
008253 LOG1 S3 leadercommit为1,commitidx为0
008252 LOG1 S0 我收到2的心跳,我之前term为1
008254 LOG1 S0 我为fw,term为1
008254 LOG1 S3 给虚拟机发消息，1
008254 LOG1 S1 我收到2的心跳,我之前term为1
008254 LOG1 S1 我为fw,term为1
008252 LOG1 S4 我收到2的心跳,我之前term为1
008254 LOG1 S1 加入日志，为[],总[{0  0} {1 11 1}]
008255 LOG1 S1 leadercommit为1,commitidx为0
008255 LOG1 S4 我为fw,term为1
008255 LOG1 S1 给虚拟机发消息，1
008255 LOG1 S4 加入日志，为[],总[{0  0} {1 11 1}]
008255 LOG1 S4 leadercommit为1,commitidx为0
008254 LOG1 S0 加入日志，为[],总[{0  0} {1 11 1}]
008256 LOG1 S0 leadercommit为1,commitidx为0
008256 LOG1 S4 给虚拟机发消息，1
008256 LOG1 S0 给虚拟机发消息，1
009253 LOG1 S2 发送心跳1
009258 LOG1 S1 我收到2的心跳,我之前term为1
009259 LOG1 S3 我收到2的心跳,我之前term为1
009259 LOG1 S3 我为fw,term为1
009259 LOG1 S1 我为fw,term为1
009259 LOG1 S4 我收到2的心跳,我之前term为1
009260 LOG1 S4 我为fw,term为1
009258 LOG1 S0 我收到2的心跳,我之前term为1
009261 LOG1 S0 我为fw,term为1
009260 LOG1 S3 加入日志，为[],总[{0  0} {1 11 1}]
009260 LOG1 S1 加入日志，为[],总[{0  0} {1 11 1}]
009260 LOG1 S4 加入日志，为[],总[{0  0} {1 11 1}]
009261 LOG1 S0 加入日志，为[],总[{0  0} {1 11 1}]
010255 LOG1 S2 发送心跳1
010259 LOG1 S4 我收到2的心跳,我之前term为1
010259 LOG1 S4 我为fw,term为1
010259 LOG1 S4 加入日志，为[],总[{0  0} {1 11 1}]
010261 LOG1 S3 我收到2的心跳,我之前term为1
010261 LOG1 S3 我为fw,term为1
010261 LOG1 S3 加入日志，为[],总[{0  0} {1 11 1}]
010262 LOG1 S0 我收到2的心跳,我之前term为1
010263 LOG1 S1 我收到2的心跳,我之前term为1
010263 LOG1 S1 我为fw,term为1
010263 LOG1 S0 我为fw,term为1
010264 LOG1 S0 加入日志，为[],总[{0  0} {1 11 1}]
010263 LOG1 S1 加入日志，为[],总[{0  0} {1 11 1}]
011358 LOG1 S2 发送心跳1
011455 LOG1 S4 我收到2的心跳,我之前term为1
011455 LOG1 S4 我为fw,term为1
011455 LOG1 S0 我收到2的心跳,我之前term为1
011455 LOG1 S0 我为fw,term为1
011456 LOG1 S0 加入日志，为[],总[{0  0} {1 11 1}]
011456 LOG1 S4 加入日志，为[],总[{0  0} {1 11 1}]
011455 LOG1 S1 我收到2的心跳,我之前term为1
011458 LOG1 S1 我为fw,term为1
011458 LOG1 S3 我收到2的心跳,我之前term为1
011459 LOG1 S3 我为fw,term为1
011459 LOG1 S3 加入日志，为[],总[{0  0} {1 11 1}]
011459 LOG1 S1 加入日志，为[],总[{0  0} {1 11 1}]
012364 LOG1 S2 发送心跳1
012453 LOG1 S4 我收到2的心跳,我之前term为1
012464 LOG1 S4 我为fw,term为1
012464 LOG1 S4 加入日志，为[],总[{0  0} {1 11 1}]
012485 LOG1 S0 我收到2的心跳,我之前term为1
012486 LOG1 S0 我为fw,term为1
012570 LOG1 S0 加入日志，为[],总[{0  0} {1 11 1}]
012571 LOG1 S3 我收到2的心跳,我之前term为1
012571 LOG1 S3 我为fw,term为1
012572 LOG1 S3 加入日志，为[],总[{0  0} {1 11 1}]
012572 LOG1 S1 我收到2的心跳,我之前term为1
012573 LOG1 S1 我为fw,term为1
012573 LOG1 S1 加入日志，为[],总[{0  0} {1 11 1}]
013227 LOG1 S0 我身份被查
013227 LOG1 S1 我身份被查
013227 LOG1 S2 我身份被查
013227 LOG1 S3 我身份被查
013227 LOG1 S4 我身份被查
013227 LOG1 S1 我身份被查
013227 LOG1 S2 我身份被查
013227 LEAD S2 我是领导者，收到了客户端命令12
013370 LOG1 S2 发送心跳1
013374 LOG1 S0 我收到2的心跳,我之前term为1
013374 LOG1 S0 我为fw,term为1
013376 LOG1 S1 我收到2的心跳,我之前term为1
013376 LOG1 S1 我为fw,term为1
013376 LOG1 S1 加入日志，为[{2 12 1}],总[{0  0} {1 11 1} {2 12 1}]
013377 LOG1 S0 加入日志，为[{2 12 1}],总[{0  0} {1 11 1} {2 12 1}]
013378 LOG1 S2 大多数人赞同2
013378 LOG1 S2 给虚拟机发消息，2
014376 LOG1 S2 发送心跳2
014380 LOG1 S1 我收到2的心跳,我之前term为1
014380 LOG1 S1 我为fw,term为1
014380 LOG1 S0 我收到2的心跳,我之前term为1
014381 LOG1 S0 我为fw,term为1
014381 LOG1 S1 加入日志，为[],总[{0  0} {1 11 1} {2 12 1}]
014382 LOG1 S1 leadercommit为2,commitidx为1
014381 LOG1 S0 加入日志，为[],总[{0  0} {1 11 1} {2 12 1}]
014382 LOG1 S0 leadercommit为2,commitidx为1
014382 LOG1 S1 给虚拟机发消息，2
014383 LOG1 S0 给虚拟机发消息，2
014468 PERS S3 恢复，[{0  0} {1 11 1}]
014470 PERS S4 恢复，[{0  0} {1 11 1}]
015379 LOG1 S2 发送心跳2
016389 LOG1 S2 发送心跳2
017398 LOG1 S2 发送心跳2
018406 LOG1 S2 发送心跳2
019414 LOG1 S2 发送心跳2
020415 LOG1 S2 发送心跳2
020984 LOG1 S3 我超时了
020988 LOG1 S3 我身份改为can
020988 LOG1 S3 我开始选举，最新term为2
020989 VOTE S3 我正在选举，我给4发消息
020990 VOTE S3 我正在选举，我给2发消息
020990 VOTE S3 我正在选举，我给1发消息
020989 VOTE S3 我正在选举，我给0发消息
020994 LOG1 S4 收3拉，我term1,vf2,st1
020994 LOG1 S4 我身份改为follower
020995 LOG1 S4 我投票给3，term为2,我身份为1
020995 LOG1 S4 传来的lastlogidx1
020995 LOG1 S4 我的日志[{0  0} {1 11 1}]
020998 TERM S3 4给我投票
021425 LOG1 S2 发送心跳2
021580 LOG1 S0 我超时了
021582 LOG1 S0 我身份改为can
021583 LOG1 S0 我开始选举，最新term为2
021583 VOTE S0 我正在选举，我给4发消息
021583 VOTE S0 我正在选举，我给2发消息
021583 VOTE S0 我正在选举，我给3发消息
021583 VOTE S0 我正在选举，我给1发消息
022396 LOG1 S1 我超时了
022399 LOG1 S1 我身份改为can
022399 LOG1 S1 我开始选举，最新term为2
022400 VOTE S1 我正在选举，我给4发消息
022400 VOTE S1 我正在选举，我给2发消息
022400 VOTE S1 我正在选举，我给0发消息
022400 VOTE S1 我正在选举，我给3发消息
022429 LOG1 S2 发送心跳2
023440 LOG1 S2 发送心跳2
024450 LOG1 S2 发送心跳2
024473 PERS S0 恢复，[{0  0} {1 11 1} {2 12 1}]
024474 LOG1 S3 我身份被查
024474 LOG1 S4 我身份被查
024474 LOG1 S0 我身份被查
024982 LOG1 S3 我身份被查
024983 LOG1 S4 我身份被查
024983 LOG1 S0 我身份被查
025457 LOG1 S2 发送心跳2
025487 LOG1 S3 我身份被查
025487 LOG1 S4 我身份被查
025487 LOG1 S0 我身份被查
025992 LOG1 S3 我身份被查
025993 LOG1 S4 我身份被查
025993 LOG1 S0 我身份被查
026458 LOG1 S2 发送心跳2
026498 LOG1 S3 我身份被查
026499 LOG1 S4 我身份被查
026499 LOG1 S0 我身份被查
027000 LOG1 S3 我身份被查
027001 LOG1 S4 我身份被查
027002 LOG1 S0 我身份被查
027469 LOG1 S2 发送心跳2
027505 LOG1 S3 我身份被查
027506 LOG1 S4 我身份被查
027506 LOG1 S0 我身份被查
027615 LOG1 S3 我超时了
027616 LOG1 S3 我身份改为can
027617 LOG1 S3 我开始选举，最新term为3
027618 VOTE S3 我正在选举，我给4发消息
027618 VOTE S3 我正在选举，我给2发消息
027618 VOTE S3 我正在选举，我给0发消息
027618 VOTE S3 我正在选举，我给1发消息
027621 LOG1 S4 收3拉，我term2,vf3,st1
027622 LOG1 S4 我身份改为follower
027622 LOG1 S0 收3拉，我term2,vf0,st1
027623 LOG1 S0 我身份改为follower
027622 LOG1 S4 我投票给3，term为3,我身份为1
027623 LOG1 S4 传来的lastlogidx1
027623 LOG1 S0 我投票给3，term为3,我身份为1
027624 LOG1 S0 传来的lastlogidx1
027623 LOG1 S4 我的日志[{0  0} {1 11 1}]
027624 LOG1 S0 我的日志[{0  0} {1 11 1} {2 12 1}]
027625 TERM S3 4给我投票
027626 TERM S3 0给我投票
027626 TERM S3 我成功当选，term为3
027626 LOG1 S3 发送心跳0
027629 LOG1 S4 我收到3的心跳,我之前term为3
027629 LOG1 S4 我为fw,term为3
027629 LOG1 S0 我收到3的心跳,我之前term为3
027630 LOG1 S0 我为fw,term为3
027630 LOG1 S0 加入日志，为[],总[{0  0} {1 11 1} {2 12 1}]
027629 LOG1 S4 加入日志，为[],总[{0  0} {1 11 1}]
028017 LOG1 S3 我身份被查
028017 LEAD S3 我是领导者，收到了客户端命令13
028200 LOG1 S3 发送心跳0
028203 LOG1 S0 我收到3的心跳,我之前term为3
028204 LOG1 S0 我为fw,term为3
028204 LOG1 S0 截断，原日志长度3,prelogidx为1
028203 LOG1 S4 我收到3的心跳,我之前term为3
028204 LOG1 S0 加入日志，为[{2 13 3}],总[{0  0} {1 11 1} {2 13 3}]
028204 LOG1 S4 我为fw,term为3
028205 LOG1 S4 加入日志，为[{2 13 3}],总[{0  0} {1 11 1} {2 13 3}]
028205 LOG1 S3 大多数人赞同2
028206 LOG1 S3 给虚拟机发消息，1
028206 LOG1 S3 给虚拟机发消息，2
3: log map[1:11]; server map[1:11 2:12]
3: log map[1:11]; server map[1:11 2:12]
3: log map[1:11]; server map[1:11 2:12]
apply error: commit index=2 server=3 13 != server=2 12
exit status 1
FAIL	6.5840/raft	3.303s
