Test (3A): initial election ...
005478 LOG1 S0 我身份被查
005479 LOG1 S1 我身份被查
005480 LOG1 S2 我身份被查
005649 LOG1 S2 我超时了
005650 LOG1 S2 我身份改为can
005651 LOG1 S2 我开始选举，最新term为1
005651 VOTE S2 我正在选举，我给1发消息
005652 VOTE S2 我正在选举，我给0发消息
005657 LOG1 S0 收2拉，我term0,vf-1,st1
005657 LOG1 S0 我身份改为follower
005657 LOG1 S1 收2拉，我term0,vf-1,st1
005657 LOG1 S1 我身份改为follower
005657 LOG1 S0 我投票给2，term为1,我身份为1
005657 LOG1 S1 我投票给2，term为1,我身份为1
005658 LOG1 S1 我身份改为follower
005657 LOG1 S0 我身份改为follower
005659 TERM S2 我成功当选，term为1
005659 LOG1 S0 我收到2的心跳,我之前term为1
005659 LOG1 S0 我为fw,term为1
005660 LOG1 S1 我收到2的心跳,我之前term为1
005660 LOG1 S1 我为fw,term为1
006261 LOG1 S0 我收到2的心跳,我之前term为1
006262 LOG1 S0 我为fw,term为1
006264 LOG1 S1 我收到2的心跳,我之前term为1
006264 LOG1 S1 我为fw,term为1
007280 LOG1 S0 我收到2的心跳,我之前term为1
007280 LOG1 S0 我为fw,term为1
007283 LOG1 S1 我收到2的心跳,我之前term为1
007283 LOG1 S1 我为fw,term为1
008281 LOG1 S0 我收到2的心跳,我之前term为1
008282 LOG1 S0 我为fw,term为1
008284 LOG1 S1 我收到2的心跳,我之前term为1
008284 LOG1 S1 我为fw,term为1
009303 LOG1 S0 我收到2的心跳,我之前term为1
009304 LOG1 S0 我为fw,term为1
009308 LOG1 S1 我收到2的心跳,我之前term为1
009308 LOG1 S1 我为fw,term为1
010148 LOG1 S0 我身份被查
010148 LOG1 S1 我身份被查
010148 LOG1 S2 我身份被查
010304 LOG1 S0 我收到2的心跳,我之前term为1
010305 LOG1 S0 我为fw,term为1
010307 LOG1 S1 我收到2的心跳,我之前term为1
010307 LOG1 S1 我为fw,term为1
010661 LOG1 S0 我身份被查
010662 LOG1 S1 我身份被查
010662 LOG1 S2 我身份被查
011315 LOG1 S0 我收到2的心跳,我之前term为1
011315 LOG1 S0 我为fw,term为1
011319 LOG1 S1 我收到2的心跳,我之前term为1
011320 LOG1 S1 我为fw,term为1
012319 LOG1 S0 我收到2的心跳,我之前term为1
012319 LOG1 S0 我为fw,term为1
012320 LOG1 S1 我收到2的心跳,我之前term为1
012320 LOG1 S1 我为fw,term为1
013330 LOG1 S0 我收到2的心跳,我之前term为1
013331 LOG1 S0 我为fw,term为1
013331 LOG1 S1 我收到2的心跳,我之前term为1
013331 LOG1 S1 我为fw,term为1
014352 LOG1 S0 我收到2的心跳,我之前term为1
014352 LOG1 S0 我为fw,term为1
014355 LOG1 S1 我收到2的心跳,我之前term为1
014355 LOG1 S1 我为fw,term为1
015363 LOG1 S0 我收到2的心跳,我之前term为1
015364 LOG1 S0 我为fw,term为1
015367 LOG1 S1 我收到2的心跳,我之前term为1
015367 LOG1 S1 我为fw,term为1
016364 LOG1 S0 我收到2的心跳,我之前term为1
016365 LOG1 S0 我为fw,term为1
016365 LOG1 S1 我收到2的心跳,我之前term为1
016365 LOG1 S1 我为fw,term为1
017369 LOG1 S0 我收到2的心跳,我之前term为1
017369 LOG1 S0 我为fw,term为1
017373 LOG1 S1 我收到2的心跳,我之前term为1
017373 LOG1 S1 我为fw,term为1
018377 LOG1 S0 我收到2的心跳,我之前term为1
018379 LOG1 S0 我为fw,term为1
018381 LOG1 S1 我收到2的心跳,我之前term为1
018381 LOG1 S1 我为fw,term为1
019386 LOG1 S0 我收到2的心跳,我之前term为1
019387 LOG1 S0 我为fw,term为1
019388 LOG1 S1 我收到2的心跳,我之前term为1
019388 LOG1 S1 我为fw,term为1
020402 LOG1 S0 我收到2的心跳,我之前term为1
020403 LOG1 S0 我为fw,term为1
020405 LOG1 S1 我收到2的心跳,我之前term为1
020405 LOG1 S1 我为fw,term为1
021414 LOG1 S0 我收到2的心跳,我之前term为1
021414 LOG1 S0 我为fw,term为1
021418 LOG1 S1 我收到2的心跳,我之前term为1
021418 LOG1 S1 我为fw,term为1
022432 LOG1 S0 我收到2的心跳,我之前term为1
022433 LOG1 S0 我为fw,term为1
022434 LOG1 S1 我收到2的心跳,我之前term为1
022435 LOG1 S1 我为fw,term为1
023443 LOG1 S0 我收到2的心跳,我之前term为1
023444 LOG1 S0 我为fw,term为1
023445 LOG1 S1 我收到2的心跳,我之前term为1
023446 LOG1 S1 我为fw,term为1
024462 LOG1 S0 我收到2的心跳,我之前term为1
024462 LOG1 S0 我为fw,term为1
024464 LOG1 S1 我收到2的心跳,我之前term为1
024464 LOG1 S1 我为fw,term为1
025464 LOG1 S0 我收到2的心跳,我之前term为1
025464 LOG1 S0 我为fw,term为1
025467 LOG1 S1 我收到2的心跳,我之前term为1
025467 LOG1 S1 我为fw,term为1
026471 LOG1 S0 我收到2的心跳,我之前term为1
026471 LOG1 S0 我为fw,term为1
026473 LOG1 S1 我收到2的心跳,我之前term为1
026474 LOG1 S1 我为fw,term为1
027473 LOG1 S0 我收到2的心跳,我之前term为1
027473 LOG1 S0 我为fw,term为1
027477 LOG1 S1 我收到2的心跳,我之前term为1
027477 LOG1 S1 我为fw,term为1
028483 LOG1 S0 我收到2的心跳,我之前term为1
028483 LOG1 S0 我为fw,term为1
028485 LOG1 S1 我收到2的心跳,我之前term为1
028485 LOG1 S1 我为fw,term为1
029493 LOG1 S0 我收到2的心跳,我之前term为1
029494 LOG1 S0 我为fw,term为1
029496 LOG1 S1 我收到2的心跳,我之前term为1
029496 LOG1 S1 我为fw,term为1
030511 LOG1 S0 我收到2的心跳,我之前term为1
030512 LOG1 S0 我为fw,term为1
030512 LOG1 S1 我收到2的心跳,我之前term为1
030512 LOG1 S1 我为fw,term为1
030665 LOG1 S0 我身份被查
030666 LOG1 S1 我身份被查
030666 LOG1 S2 我身份被查
031529 LOG1 S0 我收到2的心跳,我之前term为1
031529 LOG1 S0 我为fw,term为1
031532 LOG1 S1 我收到2的心跳,我之前term为1
031533 LOG1 S1 我为fw,term为1
032539 LOG1 S0 我收到2的心跳,我之前term为1
032540 LOG1 S0 我为fw,term为1
032544 LOG1 S1 我收到2的心跳,我之前term为1
032544 LOG1 S1 我为fw,term为1
033558 LOG1 S0 我收到2的心跳,我之前term为1
033559 LOG1 S0 我为fw,term为1
033562 LOG1 S1 我收到2的心跳,我之前term为1
033562 LOG1 S1 我为fw,term为1
034564 LOG1 S0 我收到2的心跳,我之前term为1
034565 LOG1 S0 我为fw,term为1
034569 LOG1 S1 我收到2的心跳,我之前term为1
034569 LOG1 S1 我为fw,term为1
035581 LOG1 S0 我收到2的心跳,我之前term为1
035581 LOG1 S0 我为fw,term为1
035584 LOG1 S1 我收到2的心跳,我之前term为1
035584 LOG1 S1 我为fw,term为1
035880 LOG1 S0 我身份被查
035881 LOG1 S1 我身份被查
035881 LOG1 S2 我身份被查
  ... Passed --   3.6  3   64   17058    0
Test (3A): election after network failure ...
040565 LOG1 S0 我身份被查
040565 LOG1 S1 我身份被查
040565 LOG1 S2 我身份被查
042506 LOG1 S2 我超时了
042507 LOG1 S2 我身份改为can
042508 LOG1 S2 我开始选举，最新term为1
042508 VOTE S2 我正在选举，我给1发消息
042508 VOTE S2 我正在选举，我给0发消息
042511 LOG1 S1 收2拉，我term0,vf-1,st1
042511 LOG1 S0 收2拉，我term0,vf-1,st1
042512 LOG1 S0 我身份改为follower
042512 LOG1 S1 我身份改为follower
042512 LOG1 S1 我投票给2，term为1,我身份为1
042513 LOG1 S1 我身份改为follower
042512 LOG1 S0 我投票给2，term为1,我身份为1
042513 LOG1 S0 我身份改为follower
042514 TERM S2 我成功当选，term为1
042516 LOG1 S0 我收到2的心跳,我之前term为1
042516 LOG1 S0 我为fw,term为1
042519 LOG1 S1 我收到2的心跳,我之前term为1
042519 LOG1 S1 我为fw,term为1
043038 LOG1 S0 我收到2的心跳,我之前term为1
043039 LOG1 S0 我为fw,term为1
043042 LOG1 S1 我收到2的心跳,我之前term为1
043042 LOG1 S1 我为fw,term为1
044060 LOG1 S0 我收到2的心跳,我之前term为1
044060 LOG1 S0 我为fw,term为1
044063 LOG1 S1 我收到2的心跳,我之前term为1
044063 LOG1 S1 我为fw,term为1
045066 LOG1 S0 我收到2的心跳,我之前term为1
045066 LOG1 S0 我为fw,term为1
045068 LOG1 S1 我收到2的心跳,我之前term为1
045068 LOG1 S1 我为fw,term为1
045327 LOG1 S0 我身份被查
045328 LOG1 S1 我身份被查
045328 LOG1 S2 我身份被查
050295 LOG1 S0 我身份被查
050296 LOG1 S1 我身份被查
051745 LOG1 S1 我超时了
051746 LOG1 S1 我身份改为can
051747 LOG1 S1 我开始选举，最新term为2
051747 VOTE S1 我正在选举，我给2发消息
051747 VOTE S1 我正在选举，我给0发消息
051750 LOG1 S0 收1拉，我term1,vf2,st1
051751 LOG1 S0 我身份改为follower
051751 LOG1 S0 我投票给1，term为2,我身份为1
051751 LOG1 S0 我身份改为follower
051752 TERM S1 我成功当选，term为2
051753 LOG1 S0 我收到1的心跳,我之前term为2
051753 LOG1 S0 我为fw,term为2
052268 LOG1 S0 我收到1的心跳,我之前term为2
052269 LOG1 S0 我为fw,term为2
053273 LOG1 S0 我收到1的心跳,我之前term为2
053274 LOG1 S0 我为fw,term为2
054282 LOG1 S0 我收到1的心跳,我之前term为2
054282 LOG1 S0 我为fw,term为2
055107 LOG1 S0 我身份被查
055109 LOG1 S1 我身份被查
055206 LOG1 S0 我收到2的心跳,我之前term为2
055211 LOG1 S1 我收到2的心跳,我之前term为2
055302 LOG1 S0 我收到1的心跳,我之前term为2
055303 LOG1 S0 我为fw,term为2
055306 LOG1 S2 我收到1的心跳,我之前term为1
055306 LOG1 S2 我为fw,term为2
056313 LOG1 S0 我收到1的心跳,我之前term为2
056313 LOG1 S0 我为fw,term为2
056316 LOG1 S2 我收到1的心跳,我之前term为2
056316 LOG1 S2 我为fw,term为2
057320 LOG1 S0 我收到1的心跳,我之前term为2
057321 LOG1 S0 我为fw,term为2
057322 LOG1 S2 我收到1的心跳,我之前term为2
057322 LOG1 S2 我为fw,term为2
058341 LOG1 S0 我收到1的心跳,我之前term为2
058341 LOG1 S0 我为fw,term为2
058345 LOG1 S2 我收到1的心跳,我之前term为2
058345 LOG1 S2 我为fw,term为2
058896 LOG1 S1 我收到2的心跳,我之前term为2
059360 LOG1 S0 我收到1的心跳,我之前term为2
059361 LOG1 S0 我为fw,term为2
059363 LOG1 S2 我收到1的心跳,我之前term为2
059363 LOG1 S2 我为fw,term为2
059699 LOG1 S0 我身份被查
059700 LOG1 S1 我身份被查
059700 LOG1 S2 我身份被查
065189 VOTE S1 发送失败
066016 LOG1 S0 我超时了
066017 LOG1 S0 我身份改为can
066018 LOG1 S0 我开始选举，最新term为3
066019 VOTE S0 我正在选举，我给2发消息
066019 VOTE S0 我正在选举，我给1发消息
066020 LOG1 S2 我超时了
066020 LOG1 S2 我身份改为can
066021 LOG1 S2 我开始选举，最新term为3
066021 VOTE S2 我正在选举，我给1发消息
066021 VOTE S2 我正在选举，我给0发消息
072612 LOG1 S2 我超时了
072612 LOG1 S2 我身份改为can
072613 LOG1 S2 我开始选举，最新term为4
072614 VOTE S2 我正在选举，我给1发消息
072614 VOTE S2 我正在选举，我给0发消息
072675 LOG1 S0 我超时了
072675 LOG1 S0 我身份改为can
072676 LOG1 S0 我开始选举，最新term为4
072676 VOTE S0 我正在选举，我给2发消息
072676 VOTE S0 我正在选举，我给1发消息
075715 VOTE S2 发送失败
077924 VOTE S2 发送失败
079338 LOG1 S2 我超时了
079339 LOG1 S2 我身份改为can
079339 LOG1 S2 我开始选举，最新term为5
079340 VOTE S2 我正在选举，我给1发消息
079340 VOTE S2 我正在选举，我给0发消息
079565 LOG1 S0 我超时了
079566 LOG1 S0 我身份改为can
079566 LOG1 S0 我开始选举，最新term为5
079567 VOTE S0 我正在选举，我给2发消息
079567 VOTE S0 我正在选举，我给1发消息
079706 LOG1 S0 我身份被查
079706 VOTE S0 发送失败
079709 LOG1 S2 收0拉，我term5,vf2,st2
084377 LOG1 S0 我身份被查
084378 LOG1 S2 我身份被查
085764 LOG1 S2 我超时了
085765 LOG1 S2 我身份改为can
085765 LOG1 S2 我开始选举，最新term为6
085765 VOTE S2 我正在选举，我给1发消息
085766 VOTE S2 我正在选举，我给0发消息
085769 LOG1 S0 收2拉，我term5,vf0,st2
085769 LOG1 S0 我身份改为follower
085769 LOG1 S0 我投票给2，term为6,我身份为1
085769 LOG1 S0 我身份改为follower
085770 TERM S2 我成功当选，term为6
085772 LOG1 S0 我收到2的心跳,我之前term为6
085772 LOG1 S0 我为fw,term为6
086317 LOG1 S0 我收到2的心跳,我之前term为6
086318 LOG1 S0 我为fw,term为6
087338 LOG1 S0 我收到2的心跳,我之前term为6
087339 LOG1 S0 我为fw,term为6
088360 LOG1 S0 我收到2的心跳,我之前term为6
088360 LOG1 S0 我为fw,term为6
089369 LOG1 S0 我收到2的心跳,我之前term为6
089370 LOG1 S0 我为fw,term为6
089393 LOG1 S0 我身份被查
089394 LOG1 S2 我身份被查
089751 LOG1 S0 我收到1的心跳,我之前term为6
089755 LOG1 S2 我收到1的心跳,我之前term为6
089764 VOTE S2 发送失败
090390 LOG1 S0 我收到2的心跳,我之前term为6
090391 LOG1 S0 我为fw,term为6
090394 LOG1 S1 我收到2的心跳,我之前term为2
090394 LOG1 S1 我为fw,term为6
091084 LOG1 S2 我收到1的心跳,我之前term为6
091221 VOTE S0 发送失败
091390 LOG1 S0 我收到2的心跳,我之前term为6
091391 LOG1 S0 我为fw,term为6
091394 LOG1 S1 我收到2的心跳,我之前term为6
091394 LOG1 S1 我为fw,term为6
092275 LOG1 S2 我收到1的心跳,我之前term为6
092406 LOG1 S0 我收到2的心跳,我之前term为6
092407 LOG1 S0 我为fw,term为6
092411 LOG1 S1 我收到2的心跳,我之前term为6
092412 LOG1 S1 我为fw,term为6
093401 VOTE S0 发送失败
093407 LOG1 S0 我收到2的心跳,我之前term为6
093407 LOG1 S0 我为fw,term为6
093409 LOG1 S1 我收到2的心跳,我之前term为6
093409 LOG1 S1 我为fw,term为6
094428 LOG1 S0 我收到2的心跳,我之前term为6
094428 LOG1 S0 我为fw,term为6
094431 LOG1 S1 我收到2的心跳,我之前term为6
094431 LOG1 S1 我为fw,term为6
094781 LOG1 S0 我身份被查
094782 LOG1 S1 我身份被查
094782 LOG1 S2 我身份被查
  ... Passed --   5.9  3  122   26021    0
Test (3A): multiple elections ...
099946 LOG1 S0 我身份被查
099946 LOG1 S1 我身份被查
099946 LOG1 S2 我身份被查
099946 LOG1 S3 我身份被查
099946 LOG1 S4 我身份被查
099947 LOG1 S5 我身份被查
099947 LOG1 S6 我身份被查
100332 VOTE S0 发送失败
100641 VOTE S2 发送失败
100816 LOG1 S4 我超时了
100817 LOG1 S4 我身份改为can
100818 LOG1 S4 我开始选举，最新term为1
100818 VOTE S4 我正在选举，我给6发消息
100818 VOTE S4 我正在选举，我给2发消息
100819 VOTE S4 我正在选举，我给5发消息
100818 VOTE S4 我正在选举，我给3发消息
100821 LOG1 S2 收4拉，我term0,vf-1,st1
100822 LOG1 S2 我身份改为follower
100819 VOTE S4 我正在选举，我给0发消息
100821 LOG1 S5 收4拉，我term0,vf-1,st1
100823 LOG1 S5 我身份改为follower
100823 LOG1 S5 我投票给4，term为1,我身份为1
100824 LOG1 S5 我身份改为follower
100824 LOG1 S0 收4拉，我term0,vf-1,st1
100821 LOG1 S6 收4拉，我term0,vf-1,st1
100825 LOG1 S6 我身份改为follower
100825 LOG1 S6 我投票给4，term为1,我身份为1
100825 LOG1 S6 我身份改为follower
100819 VOTE S4 我正在选举，我给1发消息
100822 LOG1 S2 我投票给4，term为1,我身份为1
100826 LOG1 S2 我身份改为follower
100822 LOG1 S3 收4拉，我term0,vf-1,st1
100827 LOG1 S3 我身份改为follower
100827 LOG1 S3 我投票给4，term为1,我身份为1
100827 LOG1 S1 收4拉，我term0,vf-1,st1
100828 LOG1 S1 我身份改为follower
100828 LOG1 S1 我投票给4，term为1,我身份为1
100828 LOG1 S1 我身份改为follower
100827 LOG1 S3 我身份改为follower
100824 LOG1 S0 我身份改为follower
100827 TERM S4 我成功当选，term为1
100836 LOG1 S0 我收到4的心跳,我之前term为1
100829 LOG1 S0 我投票给4，term为1,我身份为1
100838 LOG1 S0 我身份改为follower
100839 LOG1 S0 我为fw,term为1
100846 LOG1 S1 我收到4的心跳,我之前term为1
100846 LOG1 S1 我为fw,term为1
100848 LOG1 S2 我收到4的心跳,我之前term为1
100848 LOG1 S2 我为fw,term为1
100850 LOG1 S3 我收到4的心跳,我之前term为1
100850 LOG1 S3 我为fw,term为1
100852 LOG1 S5 我收到4的心跳,我之前term为1
100852 LOG1 S5 我为fw,term为1
100854 LOG1 S6 我收到4的心跳,我之前term为1
100854 LOG1 S6 我为fw,term为1
101403 LOG1 S0 我收到4的心跳,我之前term为1
101404 LOG1 S0 我为fw,term为1
101407 LOG1 S1 我收到4的心跳,我之前term为1
101408 LOG1 S1 我为fw,term为1
101410 LOG1 S2 我收到4的心跳,我之前term为1
101410 LOG1 S2 我为fw,term为1
101413 LOG1 S3 我收到4的心跳,我之前term为1
101413 LOG1 S3 我为fw,term为1
101416 LOG1 S5 我收到4的心跳,我之前term为1
101416 LOG1 S5 我为fw,term为1
101419 LOG1 S6 我收到4的心跳,我之前term为1
101419 LOG1 S6 我为fw,term为1
102405 LOG1 S0 我收到4的心跳,我之前term为1
102405 LOG1 S0 我为fw,term为1
102408 LOG1 S1 我收到4的心跳,我之前term为1
102408 LOG1 S1 我为fw,term为1
102412 LOG1 S2 我收到4的心跳,我之前term为1
102412 LOG1 S2 我为fw,term为1
102415 LOG1 S3 我收到4的心跳,我之前term为1
102415 LOG1 S3 我为fw,term为1
102417 LOG1 S5 我收到4的心跳,我之前term为1
102417 LOG1 S5 我为fw,term为1
102420 LOG1 S6 我收到4的心跳,我之前term为1
102420 LOG1 S6 我为fw,term为1
103424 LOG1 S0 我收到4的心跳,我之前term为1
103424 LOG1 S0 我为fw,term为1
103427 LOG1 S1 我收到4的心跳,我之前term为1
103427 LOG1 S1 我为fw,term为1
103429 LOG1 S2 我收到4的心跳,我之前term为1
103429 LOG1 S2 我为fw,term为1
103431 LOG1 S3 我收到4的心跳,我之前term为1
103431 LOG1 S3 我为fw,term为1
103433 LOG1 S5 我收到4的心跳,我之前term为1
103433 LOG1 S5 我为fw,term为1
103435 LOG1 S6 我收到4的心跳,我之前term为1
103435 LOG1 S6 我为fw,term为1
104445 LOG1 S0 我收到4的心跳,我之前term为1
104445 LOG1 S0 我为fw,term为1
104449 LOG1 S1 我收到4的心跳,我之前term为1
104449 LOG1 S1 我为fw,term为1
104452 LOG1 S2 我收到4的心跳,我之前term为1
104452 LOG1 S2 我为fw,term为1
104454 LOG1 S3 我收到4的心跳,我之前term为1
104455 LOG1 S3 我为fw,term为1
104457 LOG1 S5 我收到4的心跳,我之前term为1
104458 LOG1 S5 我为fw,term为1
104460 LOG1 S6 我收到4的心跳,我之前term为1
104460 LOG1 S6 我为fw,term为1
104747 LOG1 S0 我身份被查
104748 LOG1 S1 我身份被查
104749 LOG1 S2 我身份被查
104749 LOG1 S3 我身份被查
104749 LOG1 S4 我身份被查
104749 LOG1 S5 我身份被查
104749 LOG1 S6 我身份被查
109422 LOG1 S2 我身份被查
109422 LOG1 S3 我身份被查
109422 LOG1 S4 我身份被查
109422 LOG1 S5 我身份被查
110991 LOG1 S1 我超时了
110992 LOG1 S1 我身份改为can
110992 LOG1 S1 我开始选举，最新term为2
110993 VOTE S1 我正在选举，我给6发消息
110994 VOTE S1 我正在选举，我给4发消息
110995 VOTE S1 我正在选举，我给2发消息
110993 VOTE S1 我正在选举，我给3发消息
110995 VOTE S1 我正在选举，我给0发消息
110996 LOG1 S6 收1拉，我term1,vf4,st1
110997 LOG1 S6 我身份改为follower
110997 LOG1 S6 我投票给1，term为2,我身份为1
110997 LOG1 S6 我身份改为follower
110998 LOG1 S3 收1拉，我term1,vf4,st1
110998 LOG1 S3 我身份改为follower
110998 LOG1 S3 我投票给1，term为2,我身份为1
110998 LOG1 S3 我身份改为follower
110996 VOTE S1 我正在选举，我给5发消息
111001 LOG1 S5 收1拉，我term1,vf4,st1
111001 LOG1 S5 我身份改为follower
111001 LOG1 S5 我投票给1，term为2,我身份为1
111001 LOG1 S5 我身份改为follower
111002 TERM S1 我成功当选，term为2
111176 LOG1 S0 我超时了
111176 LOG1 S0 我身份改为can
111176 LOG1 S0 我开始选举，最新term为2
111177 VOTE S0 我正在选举，我给6发消息
111177 VOTE S0 我正在选举，我给3发消息
111177 VOTE S0 我正在选举，我给2发消息
111177 VOTE S0 我正在选举，我给1发消息
111177 VOTE S0 我正在选举，我给4发消息
111177 VOTE S0 我正在选举，我给5发消息
111354 LOG1 S2 我超时了
111354 LOG1 S2 我身份改为can
111355 LOG1 S2 我开始选举，最新term为2
111355 VOTE S2 我正在选举，我给6发消息
111355 VOTE S2 我正在选举，我给3发消息
111355 VOTE S2 我正在选举，我给1发消息
111355 VOTE S2 我正在选举，我给0发消息
111355 VOTE S2 我正在选举，我给4发消息
111355 VOTE S2 我正在选举，我给5发消息
113192 VOTE S2 发送失败
114164 VOTE S0 发送失败
114175 LOG1 S1 我身份被查
114176 LOG1 S3 我身份被查
114176 LOG1 S5 我身份被查
114176 LOG1 S6 我身份被查
115799 VOTE S0 发送失败
115937 VOTE S2 发送失败
117277 LOG1 S6 我超时了
117278 LOG1 S6 我身份改为can
117279 LOG1 S6 我开始选举，最新term为3
117279 VOTE S6 我正在选举，我给5发消息
117280 VOTE S6 我正在选举，我给2发消息
117280 VOTE S6 我正在选举，我给4发消息
117281 VOTE S6 我正在选举，我给0发消息
117281 VOTE S6 我正在选举，我给1发消息
117280 VOTE S6 我正在选举，我给3发消息
117283 LOG1 S2 收6拉，我term2,vf2,st2
117283 LOG1 S2 我身份改为follower
117283 LOG1 S4 收6拉，我term1,vf4,st0
117283 LOG1 S4 我身份改为follower
117284 LOG1 S4 我投票给6，term为3,我身份为1
117284 LOG1 S4 我身份改为follower
117284 LOG1 S3 收6拉，我term2,vf1,st1
117284 LOG1 S3 我身份改为follower
117284 LOG1 S3 我投票给6，term为3,我身份为1
117285 LOG1 S3 我身份改为follower
117284 LOG1 S1 收6拉，我term2,vf1,st0
117285 LOG1 S1 我身份改为follower
117285 LOG1 S1 我投票给6，term为3,我身份为1
117285 LOG1 S1 我身份改为follower
117283 LOG1 S2 我投票给6，term为3,我身份为1
117286 LOG1 S2 我身份改为follower
117287 TERM S6 我成功当选，term为3
117631 VOTE S2 发送失败
117843 LOG1 S5 我超时了
117844 LOG1 S5 我身份改为can
117844 LOG1 S5 我开始选举，最新term为3
117845 VOTE S5 我正在选举，我给6发消息
117846 VOTE S5 我正在选举，我给0发消息
117846 VOTE S5 我正在选举，我给1发消息
117847 VOTE S5 我正在选举，我给3发消息
117847 VOTE S5 我正在选举，我给2发消息
117847 VOTE S5 我正在选举，我给4发消息
117986 LOG1 S0 我超时了
117987 LOG1 S0 我身份改为can
117988 LOG1 S0 我开始选举，最新term为3
117988 VOTE S0 我正在选举，我给1发消息
117988 VOTE S0 我正在选举，我给3发消息
117989 VOTE S0 我正在选举，我给2发消息
117989 VOTE S0 我正在选举，我给4发消息
117988 VOTE S0 我正在选举，我给6发消息
117990 VOTE S0 我正在选举，我给5发消息
118185 LOG1 S1 我收到4的心跳,我之前term为3
118189 LOG1 S2 我收到4的心跳,我之前term为3
118192 LOG1 S3 我收到4的心跳,我之前term为3
118810 LOG1 S1 我身份被查
118811 LOG1 S2 我身份被查
118811 LOG1 S3 我身份被查
118812 LOG1 S4 我身份被查
118812 LOG1 S6 我身份被查
118816 LOG1 S0 我收到6的心跳,我之前term为3
118816 LOG1 S0 我为fw,term为3
119752 VOTE S0 发送失败
119818 LOG1 S0 我收到6的心跳,我之前term为3
119819 LOG1 S0 我为fw,term为3
120839 LOG1 S0 我收到6的心跳,我之前term为3
120840 LOG1 S0 我为fw,term为3
121842 LOG1 S0 我收到6的心跳,我之前term为3
121843 LOG1 S0 我为fw,term为3
122849 LOG1 S0 我收到6的心跳,我之前term为3
122850 LOG1 S0 我为fw,term为3
123156 LOG1 S4 我超时了
123156 LOG1 S4 我身份改为can
123157 LOG1 S4 我开始选举，最新term为4
123157 VOTE S4 我正在选举，我给6发消息
123157 VOTE S4 我正在选举，我给2发消息
123158 VOTE S4 我正在选举，我给0发消息
123159 VOTE S4 我正在选举，我给1发消息
123159 LOG1 S6 收4拉，我term3,vf6,st0
123160 LOG1 S6 我身份改为follower
123160 LOG1 S6 我投票给4，term为4,我身份为1
123160 VOTE S4 我正在选举，我给5发消息
123160 VOTE S4 我正在选举，我给3发消息
123160 LOG1 S6 我身份改为follower
123160 LOG1 S0 收4拉，我term3,vf0,st1
123162 LOG1 S0 我身份改为follower
123162 LOG1 S0 我投票给4，term为4,我身份为1
123162 LOG1 S0 我身份改为follower
123163 LOG1 S3 收4拉，我term3,vf6,st1
123163 LOG1 S3 我身份改为follower
123163 LOG1 S3 我投票给4，term为4,我身份为1
123163 LOG1 S3 我身份改为follower
123165 TERM S4 我成功当选，term为4
123167 LOG1 S0 我收到4的心跳,我之前term为4
123167 LOG1 S0 我为fw,term为4
123593 LOG1 S1 我超时了
123594 LOG1 S1 我身份改为can
123594 LOG1 S1 我开始选举，最新term为4
123594 VOTE S1 我正在选举，我给6发消息
123595 VOTE S1 我正在选举，我给3发消息
123595 VOTE S1 我正在选举，我给4发消息
123595 VOTE S1 我正在选举，我给0发消息
123595 VOTE S1 我正在选举，我给5发消息
123595 VOTE S1 我正在选举，我给2发消息
123676 LOG1 S0 我收到4的心跳,我之前term为4
123677 LOG1 S0 我为fw,term为4
124023 LOG1 S2 我超时了
124023 LOG1 S2 我身份改为can
124024 LOG1 S2 我开始选举，最新term为4
124024 VOTE S2 我正在选举，我给6发消息
124025 VOTE S2 我正在选举，我给0发消息
124024 VOTE S2 我正在选举，我给1发消息
124025 VOTE S2 我正在选举，我给4发消息
124025 VOTE S2 我正在选举，我给3发消息
124025 VOTE S2 我正在选举，我给5发消息
124173 LOG1 S0 我身份被查
124174 LOG1 S3 我身份被查
124174 LOG1 S4 我身份被查
124174 LOG1 S6 我身份被查
124456 VOTE S6 发送失败
124509 LOG1 S5 我超时了
124510 LOG1 S5 我身份改为can
124510 LOG1 S5 我开始选举，最新term为4
124511 VOTE S5 我正在选举，我给1发消息
124511 VOTE S5 我正在选举，我给3发消息
124511 VOTE S5 我正在选举，我给6发消息
124511 VOTE S5 我正在选举，我给4发消息
124511 VOTE S5 我正在选举，我给0发消息
124511 VOTE S5 我正在选举，我给2发消息
124514 LOG1 S3 收5拉，我term4,vf4,st1
124514 LOG1 S6 收5拉，我term4,vf4,st1
124514 LOG1 S4 收5拉，我term4,vf4,st0
124515 LOG1 S2 收5拉，我term4,vf2,st2
124832 VOTE S2 发送失败
124834 LOG1 S3 收2拉，我term4,vf4,st1
127381 VOTE S2 发送失败
127383 LOG1 S6 收2拉，我term4,vf4,st1
128051 VOTE S2 发送失败
128663 VOTE S1 发送失败
128704 VOTE S0 发送失败
129005 LOG1 S2 我身份被查
129006 LOG1 S3 我身份被查
129006 LOG1 S4 我身份被查
129006 LOG1 S5 我身份被查
129006 LOG1 S6 我身份被查
129470 LOG1 S6 我超时了
129471 LOG1 S6 我身份改为can
129472 LOG1 S6 我开始选举，最新term为5
129472 VOTE S6 我正在选举，我给1发消息
129473 VOTE S6 我正在选举，我给3发消息
129472 VOTE S6 我正在选举，我给5发消息
129473 VOTE S6 我正在选举，我给4发消息
129472 VOTE S6 我正在选举，我给0发消息
129472 VOTE S6 我正在选举，我给2发消息
129475 LOG1 S3 收6拉，我term4,vf4,st1
129475 LOG1 S3 我身份改为follower
129476 LOG1 S3 我投票给6，term为5,我身份为1
129476 LOG1 S3 我身份改为follower
129476 LOG1 S1 收6拉，我term4,vf1,st2
129476 LOG1 S1 我身份改为follower
129477 LOG1 S1 我投票给6，term为5,我身份为1
129477 LOG1 S1 我身份改为follower
129476 LOG1 S2 收6拉，我term4,vf2,st2
129477 LOG1 S2 我身份改为follower
129478 LOG1 S2 我投票给6，term为5,我身份为1
129478 LOG1 S2 我身份改为follower
129480 TERM S6 我成功当选，term为5
130059 LOG1 S0 我超时了
130059 LOG1 S0 我身份改为can
130060 LOG1 S0 我开始选举，最新term为5
130060 VOTE S0 我正在选举，我给6发消息
130060 VOTE S0 我正在选举，我给4发消息
130060 VOTE S0 我正在选举，我给2发消息
130060 VOTE S0 我正在选举，我给1发消息
130060 VOTE S0 我正在选举，我给3发消息
130060 VOTE S0 我正在选举，我给5发消息
130145 VOTE S0 发送失败
130255 LOG1 S2 我收到6的心跳,我之前term为5
130258 LOG1 S3 我收到6的心跳,我之前term为5
131255 LOG1 S5 我超时了
131257 LOG1 S5 我身份改为can
131257 LOG1 S5 我开始选举，最新term为5
131258 VOTE S5 我正在选举，我给6发消息
131258 VOTE S5 我正在选举，我给2发消息
131258 VOTE S5 我正在选举，我给0发消息
131259 VOTE S5 我正在选举，我给4发消息
131259 VOTE S5 我正在选举，我给1发消息
131258 VOTE S5 我正在选举，我给3发消息
132730 VOTE S5 发送失败
132858 VOTE S2 发送失败
133541 VOTE S0 发送失败
134491 LOG1 S1 我身份被查
134491 LOG1 S2 我身份被查
134492 LOG1 S3 我身份被查
134492 LOG1 S6 我身份被查
134962 VOTE S0 发送失败
135762 LOG1 S1 我超时了
135763 LOG1 S1 我身份改为can
135764 LOG1 S1 我开始选举，最新term为6
135764 VOTE S1 我正在选举，我给6发消息
135765 VOTE S1 我正在选举，我给3发消息
135765 VOTE S1 我正在选举，我给0发消息
135765 VOTE S1 我正在选举，我给2发消息
135765 VOTE S1 我正在选举，我给5发消息
135767 LOG1 S6 收1拉，我term5,vf6,st0
135768 LOG1 S6 我身份改为follower
135768 LOG1 S6 我投票给1，term为6,我身份为1
135768 LOG1 S6 我身份改为follower
135765 VOTE S1 我正在选举，我给4发消息
135768 LOG1 S3 收1拉，我term5,vf6,st1
135769 LOG1 S3 我身份改为follower
135770 LOG1 S3 我投票给1，term为6,我身份为1
135769 LOG1 S5 收1拉，我term5,vf5,st2
135770 LOG1 S5 我身份改为follower
135770 LOG1 S3 我身份改为follower
135770 LOG1 S5 我投票给1，term为6,我身份为1
135771 LOG1 S5 我身份改为follower
135773 TERM S1 我成功当选，term为6
136115 LOG1 S2 我超时了
136116 LOG1 S2 我身份改为can
136117 LOG1 S2 我开始选举，最新term为6
136117 VOTE S2 我正在选举，我给6发消息
136117 VOTE S2 我正在选举，我给1发消息
136117 VOTE S2 我正在选举，我给0发消息
136117 VOTE S2 我正在选举，我给3发消息
136118 VOTE S2 我正在选举，我给5发消息
136118 VOTE S2 我正在选举，我给4发消息
136500 VOTE S0 发送失败
136692 LOG1 S0 我超时了
136692 LOG1 S0 我身份改为can
136693 LOG1 S0 我开始选举，最新term为6
136693 VOTE S0 我正在选举，我给3发消息
136694 VOTE S0 我正在选举，我给5发消息
136693 VOTE S0 我正在选举，我给6发消息
136694 VOTE S0 我正在选举，我给2发消息
136693 VOTE S0 我正在选举，我给4发消息
136694 VOTE S0 我正在选举，我给1发消息
136849 VOTE S2 发送失败
137090 LOG1 S3 我收到1的心跳,我之前term为6
137612 VOTE S0 发送失败
137802 VOTE S0 发送失败
138376 VOTE S2 发送失败
138383 VOTE S6 发送失败
138487 VOTE S5 发送失败
138736 VOTE S5 发送失败
139464 LOG1 S1 我身份被查
139465 LOG1 S3 我身份被查
139465 LOG1 S5 我身份被查
139465 LOG1 S6 我身份被查
140365 LOG1 S0 我收到1的心跳,我之前term为6
140365 LOG1 S0 我为fw,term为6
140368 LOG1 S2 我收到1的心跳,我之前term为6
140368 LOG1 S2 我为fw,term为6
141110 VOTE S5 发送失败
141241 LOG1 S5 我收到1的心跳,我之前term为6
141372 LOG1 S0 我收到1的心跳,我之前term为6
141372 LOG1 S0 我为fw,term为6
141376 LOG1 S2 我收到1的心跳,我之前term为6
141376 LOG1 S2 我为fw,term为6
141514 VOTE S0 发送失败
141664 VOTE S2 发送失败
141681 VOTE S5 发送失败
141818 VOTE S0 发送失败
142217 VOTE S1 发送失败
142226 LOG1 S6 我超时了
142226 LOG1 S6 我身份改为can
142227 LOG1 S6 我开始选举，最新term为7
142227 VOTE S6 我正在选举，我给5发消息
142227 VOTE S6 我正在选举，我给2发消息
142227 VOTE S6 我正在选举，我给0发消息
142227 VOTE S6 我正在选举，我给3发消息
142227 VOTE S6 我正在选举，我给4发消息
142227 VOTE S6 我正在选举，我给1发消息
142382 LOG1 S0 我收到1的心跳,我之前term为6
142382 LOG1 S0 我为fw,term为6
142386 LOG1 S2 我收到1的心跳,我之前term为6
142387 LOG1 S2 我为fw,term为6
142670 LOG1 S5 我超时了
142671 LOG1 S5 我身份改为can
142671 LOG1 S5 我开始选举，最新term为7
142672 VOTE S5 我正在选举，我给6发消息
142672 VOTE S5 我正在选举，我给1发消息
142672 VOTE S5 我正在选举，我给4发消息
142672 VOTE S5 我正在选举，我给0发消息
142672 VOTE S5 我正在选举，我给3发消息
142672 VOTE S5 我正在选举，我给2发消息
142675 LOG1 S1 收5拉，我term6,vf1,st0
142675 LOG1 S1 我身份改为follower
142676 LOG1 S1 我投票给5，term为7,我身份为1
142676 LOG1 S1 我身份改为follower
142675 LOG1 S0 收5拉，我term6,vf0,st1
142676 LOG1 S0 我身份改为follower
142676 LOG1 S2 收5拉，我term6,vf2,st1
142677 LOG1 S2 我身份改为follower
142677 LOG1 S2 我投票给5，term为7,我身份为1
142677 LOG1 S2 我身份改为follower
142676 LOG1 S0 我投票给5，term为7,我身份为1
142678 LOG1 S0 我身份改为follower
142679 TERM S5 我成功当选，term为7
142682 LOG1 S0 我收到5的心跳,我之前term为7
142682 LOG1 S0 我为fw,term为7
142685 LOG1 S1 我收到5的心跳,我之前term为7
142685 LOG1 S1 我为fw,term为7
142687 LOG1 S2 我收到5的心跳,我之前term为7
142688 LOG1 S2 我为fw,term为7
142773 LOG1 S3 我超时了
142774 LOG1 S3 我身份改为can
142774 LOG1 S3 我开始选举，最新term为7
142774 VOTE S3 我正在选举，我给6发消息
142775 VOTE S3 我正在选举，我给0发消息
142774 VOTE S3 我正在选举，我给2发消息
142775 VOTE S3 我正在选举，我给4发消息
142775 VOTE S3 我正在选举，我给5发消息
142775 VOTE S3 我正在选举，我给1发消息
142829 VOTE S6 发送失败
143078 VOTE S6 发送失败
143179 LOG1 S0 我收到5的心跳,我之前term为7
143180 LOG1 S0 我为fw,term为7
143182 LOG1 S1 我收到5的心跳,我之前term为7
143182 LOG1 S1 我为fw,term为7
143184 LOG1 S2 我收到5的心跳,我之前term为7
143184 LOG1 S2 我为fw,term为7
143459 VOTE S3 发送失败
143588 VOTE S1 发送失败
143908 VOTE S0 发送失败
143921 LOG1 S2 我收到1的心跳,我之前term为7
144201 LOG1 S0 我收到5的心跳,我之前term为7
144201 LOG1 S0 我为fw,term为7
144204 LOG1 S1 我收到5的心跳,我之前term为7
144205 LOG1 S1 我为fw,term为7
144207 LOG1 S2 我收到5的心跳,我之前term为7
144207 LOG1 S2 我为fw,term为7
144237 LOG1 S0 我身份被查
144238 LOG1 S1 我身份被查
144238 LOG1 S2 我身份被查
144238 LOG1 S5 我身份被查
144417 VOTE S5 发送失败
144841 LOG1 S0 我收到4的心跳,我之前term为7
144845 LOG1 S1 我收到4的心跳,我之前term为7
144989 VOTE S1 发送失败
145061 VOTE S2 发送失败
145203 LOG1 S0 我收到5的心跳,我之前term为7
145203 LOG1 S0 我为fw,term为7
145206 LOG1 S1 我收到5的心跳,我之前term为7
145206 LOG1 S1 我为fw,term为7
145794 VOTE S6 发送失败
145796 LOG1 S5 收6拉，我term7,vf5,st0
145851 LOG1 S0 我收到4的心跳,我之前term为7
145854 LOG1 S1 我收到4的心跳,我之前term为7
145897 LOG1 S1 我收到4的心跳,我之前term为7
146217 LOG1 S0 我收到5的心跳,我之前term为7
146218 LOG1 S0 我为fw,term为7
146221 LOG1 S1 我收到5的心跳,我之前term为7
146221 LOG1 S1 我为fw,term为7
146863 LOG1 S0 我收到4的心跳,我之前term为7
146866 LOG1 S1 我收到4的心跳,我之前term为7
147151 VOTE S6 发送失败
147153 LOG1 S4 收6拉，我term4,vf4,st0
147154 LOG1 S4 我身份改为follower
147154 LOG1 S4 我投票给6，term为5,我身份为1
147154 LOG1 S4 我身份改为follower
147155 TERM S6 我成功当选，term为7
147158 LOG1 S0 我收到6的心跳,我之前term为7
147159 LOG1 S0 我为fw,term为7
147162 LOG1 S1 我收到6的心跳,我之前term为7
147162 LOG1 S1 我为fw,term为7
147227 LOG1 S0 我收到5的心跳,我之前term为7
147228 LOG1 S0 我为fw,term为7
147231 LOG1 S1 我收到5的心跳,我之前term为7
147231 LOG1 S1 我为fw,term为7
147656 LOG1 S0 我收到6的心跳,我之前term为7
147656 LOG1 S0 我为fw,term为7
147660 LOG1 S1 我收到6的心跳,我之前term为7
147660 LOG1 S1 我为fw,term为7
147851 LOG1 S1 我收到4的心跳,我之前term为7
148229 LOG1 S1 我收到6的心跳,我之前term为7
148229 LOG1 S0 我收到5的心跳,我之前term为7
148230 LOG1 S0 我为fw,term为7
148233 LOG1 S1 我收到5的心跳,我之前term为7
148234 LOG1 S1 我为fw,term为7
148465 LOG1 S1 我收到4的心跳,我之前term为7
148675 LOG1 S0 我收到6的心跳,我之前term为7
148676 LOG1 S0 我为fw,term为7
148678 LOG1 S1 我收到6的心跳,我之前term为7
148678 LOG1 S1 我为fw,term为7
149131 VOTE S5 发送失败
149174 LOG1 S0 我身份被查
149175 LOG1 S1 我身份被查
149175 LOG1 S4 我身份被查
149175 LOG1 S5 我身份被查
149175 LOG1 S6 我身份被查
--- FAIL: TestManyElections3A (5.44s)
    config.go:447: term 7 has 2 (>1) leaders
FAIL
exit status 1
FAIL	6.5840/raft	15.188s
