Test (3B): basic agreement ...
  ... Passed --   1.3  3   16    4474    3
Test (3B): RPC byte count ...
--- FAIL: TestRPCBytes3B (3.77s)
    test_test.go:176: too many RPC bytes; got 207712, expected 150000
Test (3B): test progressive failure of followers ...
  ... Passed --   5.3  3  120   28841    3
Test (3B): test failure of leaders ...
  ... Passed --   6.1  3  253   59192    3
Test (3B): agreement after follower reconnects ...
  ... Passed --   5.2  3  129   36607    7
Test (3B): no agreement if too many followers disconnect ...
  ... Passed --   4.3  5  207   49696    3
Test (3B): concurrent Start()s ...
  ... Passed --   1.2  3   14    4086    6
Test (3B): rejoin of partitioned leader ...
  ... Passed --   5.2  3  215   57352    4
Test (3B): leader backs up quickly over incorrect follower logs ...
  ... Passed --  32.5  5 8931 9094214  102
Test (3B): RPC counts aren't too high ...
  ... Passed --   2.8  3   45   13183   12
FAIL
exit status 1
FAIL	6.5840/raft	67.861s
