Test (3A): initial election ...
004597 LOG1 S0 我身份被查
004598 LOG1 S1 我身份被查
004598 LOG1 S2 我身份被查
006585 LOG1 S1 我超时了
006588 LOG1 S1 我身份改为can
006590 LOG1 S1 我开始选举，最新term为1
006590 VOTE S1 我正在选举，我给2发消息
006590 VOTE S1 我正在选举，我给0发消息
006600 LOG1 S0 我超时了
006601 LOG1 S2 收1拉，我term0,vf-1,st1
006601 LOG1 S2 我身份改为follower
006602 LOG1 S2 我投票给1，term为1,我身份为1
006602 LOG1 S2 我身份改为follower
006601 LOG1 S0 收1拉，我term0,vf-1,st2
006603 LOG1 S0 我身份改为follower
006603 LOG1 S0 我投票给1，term为1,我身份为1
006603 LOG1 S0 我身份改为follower
006601 LOG1 S0 我身份改为can
006604 LOG1 S0 我开始选举，最新term为2
006604 VOTE S0 我正在选举，我给2发消息
006603 TERM S1 我成功当选，term为1
006604 VOTE S0 我正在选举，我给1发消息
006607 LOG1 S0 我收到1的心跳,我之前term为2
006610 LOG1 S2 我收到1的心跳,我之前term为1
006610 LOG1 S2 我为fw,term为1
007130 LOG1 S0 我收到1的心跳,我之前term为2
007132 LOG1 S2 我收到1的心跳,我之前term为1
007133 LOG1 S2 我为fw,term为1
008143 LOG1 S0 我收到1的心跳,我之前term为2
008145 LOG1 S2 我收到1的心跳,我之前term为1
008145 LOG1 S2 我为fw,term为1
009161 LOG1 S0 我收到1的心跳,我之前term为2
009163 LOG1 S2 我收到1的心跳,我之前term为1
009163 LOG1 S2 我为fw,term为1
009448 LOG1 S0 我身份被查
009449 LOG1 S1 我身份被查
009449 LOG1 S2 我身份被查
009964 LOG1 S0 我身份被查
009964 LOG1 S1 我身份被查
--- FAIL: TestInitialElection3A (1.00s)
    config.go:471: servers disagree on term
Test (3A): election after network failure ...
014529 LOG1 S0 我身份被查
014529 LOG1 S1 我身份被查
014529 LOG1 S2 我身份被查
015541 LOG1 S0 我超时了
015541 LOG1 S0 我身份改为can
015541 LOG1 S0 我开始选举，最新term为1
015542 VOTE S0 我正在选举，我给2发消息
015542 VOTE S0 我正在选举，我给1发消息
015543 LOG1 S2 收0拉，我term0,vf-1,st1
015543 LOG1 S2 我身份改为follower
015543 LOG1 S2 我投票给0，term为1,我身份为1
015543 LOG1 S2 我身份改为follower
015543 TERM S0 我成功当选，term为1
015544 LOG1 S1 收0拉，我term0,vf-1,st1
015544 LOG1 S1 我身份改为follower
015544 LOG1 S1 我投票给0，term为1,我身份为1
015544 LOG1 S1 我身份改为follower
015544 LOG1 S1 我收到0的心跳,我之前term为0
015545 LOG1 S1 我为fw,term为1
015546 LOG1 S2 我收到0的心跳,我之前term为1
015546 LOG1 S2 我为fw,term为1
016116 LOG1 S1 我收到0的心跳,我之前term为1
016116 LOG1 S1 我为fw,term为1
016117 LOG1 S2 我收到0的心跳,我之前term为1
016117 LOG1 S2 我为fw,term为1
017120 LOG1 S1 我收到0的心跳,我之前term为1
017120 LOG1 S1 我为fw,term为1
017122 LOG1 S2 我收到0的心跳,我之前term为1
017122 LOG1 S2 我为fw,term为1
018140 LOG1 S1 我收到0的心跳,我之前term为1
018141 LOG1 S1 我为fw,term为1
018142 LOG1 S2 我收到0的心跳,我之前term为1
018142 LOG1 S2 我为fw,term为1
019151 LOG1 S1 我收到0的心跳,我之前term为1
019152 LOG1 S1 我为fw,term为1
019153 LOG1 S2 我收到0的心跳,我之前term为1
019154 LOG1 S2 我为fw,term为1
019990 LOG1 S0 我身份被查
019991 LOG1 S1 我身份被查
019991 LOG1 S2 我身份被查
024562 LOG1 S1 我身份被查
024563 LOG1 S2 我身份被查
025600 LOG1 S2 我超时了
025601 LOG1 S2 我身份改为can
025601 LOG1 S2 我开始选举，最新term为2
025602 VOTE S2 我正在选举，我给1发消息
025602 VOTE S2 我正在选举，我给0发消息
025605 LOG1 S1 收2拉，我term1,vf0,st1
025605 LOG1 S1 我身份改为follower
025605 LOG1 S1 我投票给2，term为2,我身份为1
025605 LOG1 S1 我身份改为follower
025607 TERM S2 我成功当选，term为2
029688 LOG1 S1 我身份被查
029689 LOG1 S2 我身份被查
030247 LOG1 S0 我收到2的心跳,我之前term为1
030247 LOG1 S0 我为fw,term为2
030249 LOG1 S1 我收到2的心跳,我之前term为2
030249 LOG1 S1 我为fw,term为2
031261 LOG1 S0 我收到2的心跳,我之前term为2
031262 LOG1 S0 我为fw,term为2
031264 LOG1 S1 我收到2的心跳,我之前term为2
031264 LOG1 S1 我为fw,term为2
032284 LOG1 S0 我收到2的心跳,我之前term为2
032284 LOG1 S0 我为fw,term为2
032286 LOG1 S1 我收到2的心跳,我之前term为2
032286 LOG1 S1 我为fw,term为2
033304 LOG1 S0 我收到2的心跳,我之前term为2
033304 LOG1 S0 我为fw,term为2
033306 LOG1 S1 我收到2的心跳,我之前term为2
033306 LOG1 S1 我为fw,term为2
034307 LOG1 S0 我收到2的心跳,我之前term为2
034308 LOG1 S0 我为fw,term为2
034309 LOG1 S1 我收到2的心跳,我之前term为2
034309 LOG1 S1 我为fw,term为2
034609 LOG1 S0 我身份被查
034610 LOG1 S1 我身份被查
034610 LOG1 S2 我身份被查
040040 LOG1 S0 我超时了
040040 LOG1 S0 我身份改为can
040041 LOG1 S0 我开始选举，最新term为3
040041 VOTE S0 我正在选举，我给2发消息
040041 VOTE S0 我正在选举，我给1发消息
041321 LOG1 S1 我超时了
041321 LOG1 S1 我身份改为can
041322 LOG1 S1 我开始选举，最新term为3
041322 VOTE S1 我正在选举，我给2发消息
041322 VOTE S1 我正在选举，我给0发消息
042448 VOTE S1 发送失败
045712 LOG1 S0 我超时了
045712 LOG1 S0 我身份改为can
045712 LOG1 S0 我开始选举，最新term为4
045713 VOTE S0 我正在选举，我给1发消息
045713 VOTE S0 我正在选举，我给2发消息
048005 LOG1 S1 我超时了
048006 LOG1 S1 我身份改为can
048006 LOG1 S1 我开始选举，最新term为4
048006 VOTE S1 我正在选举，我给2发消息
048007 VOTE S1 我正在选举，我给0发消息
048323 VOTE S0 发送失败
051258 LOG1 S0 我超时了
051258 LOG1 S0 我身份改为can
051259 LOG1 S0 我开始选举，最新term为5
051259 VOTE S0 我正在选举，我给2发消息
051259 VOTE S0 我正在选举，我给1发消息
054618 LOG1 S1 我超时了
054618 LOG1 S1 我身份被查
054619 LOG1 S1 我身份改为can
054620 LOG1 S1 我开始选举，最新term为5
054620 VOTE S1 我正在选举，我给2发消息
054620 VOTE S1 我正在选举，我给0发消息
054622 LOG1 S0 收1拉，我term5,vf0,st2
057278 LOG1 S0 我超时了
057279 LOG1 S0 我身份改为can
057279 LOG1 S0 我开始选举，最新term为6
057280 VOTE S0 我正在选举，我给2发消息
057280 VOTE S0 我正在选举，我给1发消息
057282 LOG1 S1 收0拉，我term5,vf1,st2
057282 LOG1 S1 我身份改为follower
057282 LOG1 S1 我投票给0，term为6,我身份为1
057282 LOG1 S1 我身份改为follower
057283 TERM S0 我成功当选，term为6
057284 LOG1 S1 我收到0的心跳,我之前term为6
057284 LOG1 S1 我为fw,term为6
057892 LOG1 S1 我收到0的心跳,我之前term为6
057892 LOG1 S1 我为fw,term为6
058916 LOG1 S1 我收到0的心跳,我之前term为6
058917 LOG1 S1 我为fw,term为6
059919 LOG1 S1 我收到0的心跳,我之前term为6
059921 LOG1 S1 我为fw,term为6
060089 LOG1 S0 我身份被查
060090 LOG1 S1 我身份被查
060596 LOG1 S0 我收到2的心跳,我之前term为6
060652 LOG1 S1 我收到2的心跳,我之前term为6
060929 LOG1 S1 我收到0的心跳,我之前term为6
060930 LOG1 S1 我为fw,term为6
060953 LOG1 S2 我收到0的心跳,我之前term为2
060954 LOG1 S2 我为fw,term为6
061257 LOG1 S1 我收到2的心跳,我之前term为6
061562 LOG1 S1 我收到2的心跳,我之前term为6
061755 VOTE S1 发送失败
061949 LOG1 S1 我收到0的心跳,我之前term为6
061950 LOG1 S1 我为fw,term为6
061954 LOG1 S2 我收到0的心跳,我之前term为6
061954 LOG1 S2 我为fw,term为6
062971 LOG1 S1 我收到0的心跳,我之前term为6
062972 LOG1 S1 我为fw,term为6
062976 LOG1 S2 我收到0的心跳,我之前term为6
062976 LOG1 S2 我为fw,term为6
063074 LOG1 S1 我收到2的心跳,我之前term为6
063532 LOG1 S1 我收到2的心跳,我之前term为6
063989 LOG1 S1 我收到0的心跳,我之前term为6
063990 LOG1 S1 我为fw,term为6
063995 LOG1 S2 我收到0的心跳,我之前term为6
063995 LOG1 S2 我为fw,term为6
064242 LOG1 S2 我收到0的心跳,我之前term为6
064976 LOG1 S1 我收到2的心跳,我之前term为6
064993 LOG1 S1 我收到0的心跳,我之前term为6
064993 LOG1 S1 我为fw,term为6
064996 LOG1 S2 我收到0的心跳,我之前term为6
064997 LOG1 S2 我为fw,term为6
065098 LOG1 S0 我身份被查
065099 LOG1 S1 我身份被查
065099 LOG1 S2 我身份被查
  ... Passed --   5.5  3  118   25082    0
Test (3A): multiple elections ...
069534 VOTE S1 发送失败
070563 LOG1 S0 我身份被查
070564 LOG1 S1 我身份被查
070564 LOG1 S2 我身份被查
070564 LOG1 S3 我身份被查
070564 LOG1 S4 我身份被查
070565 LOG1 S5 我身份被查
070565 LOG1 S6 我身份被查
071125 LOG1 S2 我超时了
071126 LOG1 S2 我身份改为can
071126 LOG1 S2 我开始选举，最新term为1
071127 VOTE S2 我正在选举，我给6发消息
071127 VOTE S2 我正在选举，我给0发消息
071127 VOTE S2 我正在选举，我给4发消息
071127 VOTE S2 我正在选举，我给5发消息
071129 LOG1 S0 收2拉，我term0,vf-1,st1
071129 LOG1 S4 收2拉，我term0,vf-1,st1
071129 LOG1 S4 我身份改为follower
071129 LOG1 S4 我投票给2，term为1,我身份为1
071129 LOG1 S4 我身份改为follower
071127 VOTE S2 我正在选举，我给1发消息
071129 LOG1 S0 我身份改为follower
071130 LOG1 S0 我投票给2，term为1,我身份为1
071130 LOG1 S0 我身份改为follower
071129 LOG1 S6 收2拉，我term0,vf-1,st1
071131 LOG1 S6 我身份改为follower
071131 LOG1 S6 我投票给2，term为1,我身份为1
071127 VOTE S2 我正在选举，我给3发消息
071130 LOG1 S5 收2拉，我term0,vf-1,st1
071132 LOG1 S5 我身份改为follower
071132 LOG1 S5 我投票给2，term为1,我身份为1
071132 LOG1 S5 我身份改为follower
071131 LOG1 S1 收2拉，我term0,vf-1,st1
071132 LOG1 S1 我身份改为follower
071133 LOG1 S3 收2拉，我term0,vf-1,st1
071133 TERM S2 我成功当选，term为1
071131 LOG1 S6 我身份改为follower
071133 LOG1 S3 我身份改为follower
071134 LOG1 S3 我投票给2，term为1,我身份为1
071134 LOG1 S3 我身份改为follower
071133 LOG1 S1 我投票给2，term为1,我身份为1
071134 LOG1 S1 我身份改为follower
071135 LOG1 S0 我收到2的心跳,我之前term为1
071135 LOG1 S0 我为fw,term为1
071137 LOG1 S1 我收到2的心跳,我之前term为1
071137 LOG1 S1 我为fw,term为1
071139 LOG1 S3 我收到2的心跳,我之前term为1
071139 LOG1 S3 我为fw,term为1
071141 LOG1 S4 我收到2的心跳,我之前term为1
071141 LOG1 S4 我为fw,term为1
071143 LOG1 S5 我收到2的心跳,我之前term为1
071143 LOG1 S5 我为fw,term为1
071145 LOG1 S6 我收到2的心跳,我之前term为1
071145 LOG1 S6 我为fw,term为1
071691 LOG1 S0 我收到2的心跳,我之前term为1
071692 LOG1 S0 我为fw,term为1
071696 LOG1 S1 我收到2的心跳,我之前term为1
071696 LOG1 S1 我为fw,term为1
071699 LOG1 S3 我收到2的心跳,我之前term为1
071699 LOG1 S3 我为fw,term为1
071702 LOG1 S4 我收到2的心跳,我之前term为1
071702 LOG1 S4 我为fw,term为1
071705 LOG1 S5 我收到2的心跳,我之前term为1
071705 LOG1 S5 我为fw,term为1
071708 LOG1 S6 我收到2的心跳,我之前term为1
071708 LOG1 S6 我为fw,term为1
072133 VOTE S0 发送失败
072712 LOG1 S0 我收到2的心跳,我之前term为1
072713 LOG1 S0 我为fw,term为1
072716 LOG1 S1 我收到2的心跳,我之前term为1
072716 LOG1 S1 我为fw,term为1
072719 LOG1 S3 我收到2的心跳,我之前term为1
072719 LOG1 S3 我为fw,term为1
072722 LOG1 S4 我收到2的心跳,我之前term为1
072722 LOG1 S4 我为fw,term为1
072724 LOG1 S5 我收到2的心跳,我之前term为1
072724 LOG1 S5 我为fw,term为1
072725 LOG1 S6 我收到2的心跳,我之前term为1
072725 LOG1 S6 我为fw,term为1
073718 LOG1 S0 我收到2的心跳,我之前term为1
073719 LOG1 S0 我为fw,term为1
073722 LOG1 S1 我收到2的心跳,我之前term为1
073723 LOG1 S1 我为fw,term为1
073725 LOG1 S3 我收到2的心跳,我之前term为1
073726 LOG1 S3 我为fw,term为1
073729 LOG1 S4 我收到2的心跳,我之前term为1
073729 LOG1 S4 我为fw,term为1
073732 LOG1 S5 我收到2的心跳,我之前term为1
073732 LOG1 S5 我为fw,term为1
073734 LOG1 S6 我收到2的心跳,我之前term为1
073735 LOG1 S6 我为fw,term为1
074726 LOG1 S0 我收到2的心跳,我之前term为1
074727 LOG1 S0 我为fw,term为1
074730 LOG1 S1 我收到2的心跳,我之前term为1
074730 LOG1 S1 我为fw,term为1
074733 LOG1 S3 我收到2的心跳,我之前term为1
074733 LOG1 S3 我为fw,term为1
074736 LOG1 S4 我收到2的心跳,我之前term为1
074736 LOG1 S4 我为fw,term为1
074738 LOG1 S5 我收到2的心跳,我之前term为1
074738 LOG1 S5 我为fw,term为1
074739 LOG1 S6 我收到2的心跳,我之前term为1
074739 LOG1 S6 我为fw,term为1
075166 VOTE S0 发送失败
075229 LOG1 S0 我身份被查
075229 LOG1 S1 我身份被查
075229 LOG1 S2 我身份被查
075230 LOG1 S3 我身份被查
075230 LOG1 S4 我身份被查
075230 LOG1 S5 我身份被查
075230 LOG1 S6 我身份被查
075735 LOG1 S0 我收到2的心跳,我之前term为1
075735 LOG1 S0 我为fw,term为1
075739 LOG1 S1 我收到2的心跳,我之前term为1
075739 LOG1 S1 我为fw,term为1
076735 LOG1 S0 我收到2的心跳,我之前term为1
076735 LOG1 S0 我为fw,term为1
076737 LOG1 S1 我收到2的心跳,我之前term为1
076737 LOG1 S1 我为fw,term为1
077098 VOTE S1 发送失败
077228 VOTE S0 发送失败
077431 VOTE S0 发送失败
077741 LOG1 S0 我收到2的心跳,我之前term为1
077741 LOG1 S0 我为fw,term为1
077744 LOG1 S1 我收到2的心跳,我之前term为1
077745 LOG1 S1 我为fw,term为1
078743 LOG1 S0 我收到2的心跳,我之前term为1
078743 LOG1 S0 我为fw,term为1
078746 LOG1 S1 我收到2的心跳,我之前term为1
078746 LOG1 S1 我为fw,term为1
079311 VOTE S1 发送失败
079751 LOG1 S0 我收到2的心跳,我之前term为1
079752 LOG1 S0 我为fw,term为1
079756 LOG1 S1 我收到2的心跳,我之前term为1
079757 LOG1 S1 我为fw,term为1
079854 LOG1 S0 我身份被查
079855 LOG1 S1 我身份被查
079855 LOG1 S2 我身份被查
079855 LOG1 S4 我身份被查
079855 LOG1 S6 我身份被查
080647 LOG1 S3 我超时了
080647 LOG1 S3 我身份改为can
080648 LOG1 S3 我开始选举，最新term为2
080648 VOTE S3 我正在选举，我给6发消息
080648 VOTE S3 我正在选举，我给2发消息
080649 VOTE S3 我正在选举，我给0发消息
080648 VOTE S3 我正在选举，我给4发消息
080649 VOTE S3 我正在选举，我给5发消息
080649 VOTE S3 我正在选举，我给1发消息
081011 LOG1 S4 我超时了
081012 LOG1 S4 我身份改为can
081013 LOG1 S4 我开始选举，最新term为2
081013 VOTE S4 我正在选举，我给6发消息
081013 VOTE S4 我正在选举，我给0发消息
081014 VOTE S4 我正在选举，我给3发消息
081015 VOTE S4 我正在选举，我给2发消息
081014 VOTE S4 我正在选举，我给5发消息
081013 VOTE S4 我正在选举，我给1发消息
081016 LOG1 S6 收4拉，我term1,vf2,st1
081017 LOG1 S6 我身份改为follower
081017 LOG1 S6 我投票给4，term为2,我身份为1
081017 LOG1 S6 我身份改为follower
081017 LOG1 S5 收4拉，我term1,vf2,st1
081018 LOG1 S5 我身份改为follower
081017 LOG1 S2 收4拉，我term1,vf2,st0
081018 LOG1 S2 我身份改为follower
081018 LOG1 S2 我投票给4，term为2,我身份为1
081018 LOG1 S2 我身份改为follower
081018 LOG1 S5 我投票给4，term为2,我身份为1
081019 LOG1 S5 我身份改为follower
081020 TERM S4 我成功当选，term为2
081625 VOTE S2 发送失败
084834 LOG1 S2 我身份被查
084836 LOG1 S4 我身份被查
084837 LOG1 S5 我身份被查
084837 LOG1 S6 我身份被查
085549 LOG1 S0 我收到4的心跳,我之前term为1
085550 LOG1 S0 我为fw,term为2
086006 LOG1 S1 我超时了
086008 LOG1 S1 我身份改为can
086008 LOG1 S1 我开始选举，最新term为2
086009 VOTE S1 我正在选举，我给0发消息
086011 VOTE S1 我正在选举，我给4发消息
086009 VOTE S1 我正在选举，我给6发消息
086009 VOTE S1 我正在选举，我给2发消息
086010 VOTE S1 我正在选举，我给5发消息
086010 VOTE S1 我正在选举，我给3发消息
086552 LOG1 S0 我收到4的心跳,我之前term为2
086553 LOG1 S0 我为fw,term为2
086755 LOG1 S3 我超时了
086756 LOG1 S3 我身份改为can
086756 LOG1 S3 我开始选举，最新term为3
086757 VOTE S3 我正在选举，我给6发消息
086757 VOTE S3 我正在选举，我给2发消息
086758 VOTE S3 我正在选举，我给4发消息
086758 VOTE S3 我正在选举，我给1发消息
086758 VOTE S3 我正在选举，我给5发消息
086757 VOTE S3 我正在选举，我给0发消息
086860 LOG1 S2 我超时了
086861 LOG1 S2 我身份改为can
086862 LOG1 S2 我开始选举，最新term为3
086862 VOTE S2 我正在选举，我给6发消息
086862 VOTE S2 我正在选举，我给3发消息
086862 VOTE S2 我正在选举，我给0发消息
086862 VOTE S2 我正在选举，我给1发消息
086862 VOTE S2 我正在选举，我给5发消息
086862 VOTE S2 我正在选举，我给4发消息
087573 LOG1 S0 我收到4的心跳,我之前term为2
087573 LOG1 S0 我为fw,term为2
087724 LOG1 S5 我超时了
087725 LOG1 S5 我身份改为can
087726 LOG1 S5 我开始选举，最新term为3
087726 VOTE S5 我正在选举，我给6发消息
087726 VOTE S5 我正在选举，我给1发消息
087726 VOTE S5 我正在选举，我给4发消息
087726 VOTE S5 我正在选举，我给2发消息
087726 VOTE S5 我正在选举，我给0发消息
087726 VOTE S5 我正在选举，我给3发消息
087729 LOG1 S4 收5拉，我term2,vf4,st0
087730 LOG1 S4 我身份改为follower
087730 LOG1 S4 我投票给5，term为3,我身份为1
087730 LOG1 S4 我身份改为follower
087731 LOG1 S0 收5拉，我term2,vf2,st1
087731 LOG1 S0 我身份改为follower
087731 LOG1 S0 我投票给5，term为3,我身份为1
087732 LOG1 S0 我身份改为follower
087732 LOG1 S6 收5拉，我term2,vf4,st1
087734 LOG1 S6 我身份改为follower
087735 LOG1 S6 我投票给5，term为3,我身份为1
087735 LOG1 S6 我身份改为follower
087735 TERM S5 我成功当选，term为3
087736 LOG1 S0 我收到5的心跳,我之前term为3
087737 LOG1 S0 我为fw,term为3
088313 LOG1 S0 我收到5的心跳,我之前term为3
088314 LOG1 S0 我为fw,term为3
088636 VOTE S1 发送失败
089316 LOG1 S0 我收到5的心跳,我之前term为3
089317 LOG1 S0 我为fw,term为3
089430 LOG1 S0 我身份被查
089431 LOG1 S4 我身份被查
089431 LOG1 S5 我身份被查
089431 LOG1 S6 我身份被查
090320 LOG1 S0 我收到5的心跳,我之前term为3
090321 LOG1 S0 我为fw,term为3
091333 LOG1 S0 我收到5的心跳,我之前term为3
091333 LOG1 S0 我为fw,term为3
091719 VOTE S4 发送失败
092338 LOG1 S0 我收到5的心跳,我之前term为3
092339 LOG1 S0 我为fw,term为3
092514 LOG1 S1 我超时了
092515 LOG1 S1 我身份改为can
092516 LOG1 S1 我开始选举，最新term为3
092516 VOTE S1 我正在选举，我给6发消息
092517 VOTE S1 我正在选举，我给0发消息
092517 VOTE S1 我正在选举，我给3发消息
092517 VOTE S1 我正在选举，我给5发消息
092518 VOTE S1 我正在选举，我给2发消息
092517 VOTE S1 我正在选举，我给4发消息
092780 VOTE S3 发送失败
092890 LOG1 S3 我超时了
092891 LOG1 S3 我身份改为can
092892 LOG1 S3 我开始选举，最新term为4
092892 VOTE S3 我正在选举，我给6发消息
092892 VOTE S3 我正在选举，我给2发消息
092893 VOTE S3 我正在选举，我给4发消息
092893 VOTE S3 我正在选举，我给0发消息
092894 VOTE S3 我正在选举，我给5发消息
092894 VOTE S3 我正在选举，我给1发消息
093058 LOG1 S2 我超时了
093059 LOG1 S2 我身份改为can
093059 LOG1 S2 我开始选举，最新term为4
093059 VOTE S2 我正在选举，我给6发消息
093060 VOTE S2 我正在选举，我给3发消息
093060 VOTE S2 我正在选举，我给0发消息
093062 LOG1 S6 收2拉，我term3,vf5,st1
093062 LOG1 S6 我身份改为follower
093062 LOG1 S6 我投票给2，term为4,我身份为1
093062 LOG1 S6 我身份改为follower
093062 LOG1 S0 收2拉，我term3,vf5,st1
093062 LOG1 S0 我身份改为follower
093062 LOG1 S0 我投票给2，term为4,我身份为1
093063 LOG1 S0 我身份改为follower
093063 VOTE S2 我正在选举，我给4发消息
093064 VOTE S2 我正在选举，我给5发消息
093064 VOTE S2 我正在选举，我给1发消息
093065 LOG1 S5 收2拉，我term3,vf5,st0
093065 LOG1 S5 我身份改为follower
093065 LOG1 S5 我投票给2，term为4,我身份为1
093065 LOG1 S5 我身份改为follower
093066 TERM S2 我成功当选，term为4
093067 LOG1 S0 我收到2的心跳,我之前term为4
093068 LOG1 S0 我为fw,term为4
093585 LOG1 S0 我收到2的心跳,我之前term为4
093585 LOG1 S0 我为fw,term为4
093738 VOTE S0 发送失败
094088 LOG1 S4 我超时了
094089 LOG1 S4 我身份改为can
094090 LOG1 S4 我开始选举，最新term为4
094090 VOTE S4 我正在选举，我给6发消息
094090 VOTE S4 我正在选举，我给2发消息
094091 VOTE S4 我正在选举，我给3发消息
094091 VOTE S4 我正在选举，我给0发消息
094092 VOTE S4 我正在选举，我给5发消息
094092 VOTE S4 我正在选举，我给1发消息
094338 LOG1 S0 我身份被查
094339 LOG1 S2 我身份被查
094339 LOG1 S5 我身份被查
094339 LOG1 S6 我身份被查
094439 VOTE S5 发送失败
095019 VOTE S2 发送失败
095086 LOG1 S1 我收到4的心跳,我之前term为3
096887 VOTE S3 发送失败
097710 VOTE S3 发送失败
098570 LOG1 S1 我超时了
098571 LOG1 S1 我身份改为can
098571 LOG1 S1 我开始选举，最新term为4
098572 VOTE S1 我正在选举，我给0发消息
098572 VOTE S1 我正在选举，我给6发消息
098572 VOTE S1 我正在选举，我给4发消息
098573 VOTE S1 我正在选举，我给3发消息
098572 VOTE S1 我正在选举，我给2发消息
098573 VOTE S1 我正在选举，我给5发消息
098574 LOG1 S4 收1拉，我term4,vf4,st2
098574 LOG1 S3 收1拉，我term4,vf3,st2
098575 LOG1 S0 收1拉，我term4,vf2,st1
099004 LOG1 S3 我超时了
099005 LOG1 S3 我身份改为can
099005 LOG1 S3 我开始选举，最新term为5
099005 VOTE S3 我正在选举，我给6发消息
099005 VOTE S3 我正在选举，我给2发消息
099006 VOTE S3 我正在选举，我给0发消息
099006 VOTE S3 我正在选举，我给4发消息
099006 VOTE S3 我正在选举，我给1发消息
099007 LOG1 S4 收3拉，我term4,vf4,st2
099007 LOG1 S4 我身份改为follower
099007 LOG1 S4 我投票给3，term为5,我身份为1
099007 LOG1 S4 我身份改为follower
099007 LOG1 S0 收3拉，我term4,vf2,st1
099008 LOG1 S0 我身份改为follower
099008 LOG1 S0 我投票给3，term为5,我身份为1
099007 VOTE S3 我正在选举，我给5发消息
099007 LOG1 S1 收3拉，我term4,vf1,st2
099008 LOG1 S1 我身份改为follower
099008 LOG1 S1 我投票给3，term为5,我身份为1
099008 LOG1 S0 我身份改为follower
099008 LOG1 S1 我身份改为follower
099009 TERM S3 我成功当选，term为5
099010 LOG1 S0 我收到3的心跳,我之前term为5
099010 LOG1 S0 我为fw,term为5
099012 LOG1 S1 我收到3的心跳,我之前term为5
099012 LOG1 S1 我为fw,term为5
099237 LOG1 S0 我身份被查
099238 LOG1 S1 我身份被查
099238 LOG1 S3 我身份被查
099238 LOG1 S4 我身份被查
099338 LOG1 S5 我超时了
099339 LOG1 S5 我身份改为can
099339 LOG1 S5 我开始选举，最新term为5
099339 VOTE S5 我正在选举，我给6发消息
099339 VOTE S5 我正在选举，我给0发消息
099340 VOTE S5 我正在选举，我给2发消息
099342 LOG1 S0 收5拉，我term5,vf3,st1
099342 VOTE S5 我正在选举，我给1发消息
099342 VOTE S5 我正在选举，我给4发消息
099342 VOTE S5 我正在选举，我给3发消息
099342 LOG1 S2 收5拉，我term4,vf2,st0
099343 LOG1 S2 我身份改为follower
099343 LOG1 S2 我投票给5，term为5,我身份为1
099344 LOG1 S2 我身份改为follower
099344 LOG1 S6 收5拉，我term4,vf2,st1
099345 LOG1 S6 我身份改为follower
099345 LOG1 S6 我投票给5，term为5,我身份为1
099345 LOG1 S6 我身份改为follower
099669 VOTE S1 发送失败
100558 VOTE S1 发送失败
100758 VOTE S3 发送失败
100873 LOG1 S2 我收到5的心跳,我之前term为5
100994 VOTE S2 发送失败
101777 VOTE S1 发送失败
102361 LOG1 S2 我收到5的心跳,我之前term为5
102621 VOTE S3 发送失败
103184 VOTE S2 发送失败
104494 LOG1 S0 我身份被查
104494 LOG1 S2 我身份被查
104494 LOG1 S5 我身份被查
104495 LOG1 S6 我身份被查
104562 VOTE S3 发送失败
105154 LOG1 S4 我超时了
105154 LOG1 S4 我身份改为can
105155 LOG1 S4 我开始选举，最新term为6
105155 VOTE S4 我正在选举，我给6发消息
105155 VOTE S4 我正在选举，我给2发消息
105155 VOTE S4 我正在选举，我给3发消息
105155 VOTE S4 我正在选举，我给1发消息
105155 VOTE S4 我正在选举，我给0发消息
105155 VOTE S4 我正在选举，我给5发消息
105198 VOTE S4 发送失败
105251 LOG1 S1 我超时了
105252 LOG1 S1 我身份改为can
105253 LOG1 S1 我开始选举，最新term为6
105253 VOTE S1 我正在选举，我给6发消息
105253 VOTE S1 我正在选举，我给4发消息
105253 VOTE S1 我正在选举，我给3发消息
105253 VOTE S1 我正在选举，我给0发消息
105254 VOTE S1 我正在选举，我给5发消息
105253 VOTE S1 我正在选举，我给2发消息
105414 VOTE S2 发送失败
105520 LOG1 S0 我超时了
105521 LOG1 S0 我身份改为can
105521 LOG1 S0 我开始选举，最新term为6
105522 VOTE S0 我正在选举，我给6发消息
105522 VOTE S0 我正在选举，我给3发消息
105522 VOTE S0 我正在选举，我给1发消息
105522 VOTE S0 我正在选举，我给5发消息
105523 VOTE S0 我正在选举，我给2发消息
105522 VOTE S0 我正在选举，我给4发消息
105524 LOG1 S6 收0拉，我term5,vf5,st1
105524 LOG1 S6 我身份改为follower
105524 LOG1 S6 我投票给0，term为6,我身份为1
105524 LOG1 S6 我身份改为follower
105524 LOG1 S5 收0拉，我term5,vf5,st2
105525 LOG1 S5 我身份改为follower
105525 LOG1 S5 我投票给0，term为6,我身份为1
105524 LOG1 S2 收0拉，我term5,vf5,st1
105525 LOG1 S2 我身份改为follower
105525 LOG1 S2 我投票给0，term为6,我身份为1
105525 LOG1 S2 我身份改为follower
105525 LOG1 S5 我身份改为follower
105527 TERM S0 我成功当选，term为6
105578 VOTE S1 发送失败
107041 VOTE S3 发送失败
108178 VOTE S3 发送失败
108844 VOTE S1 发送失败
109095 LOG1 S0 我身份被查
109096 LOG1 S2 我身份被查
109096 LOG1 S5 我身份被查
109096 LOG1 S6 我身份被查
109384 LOG1 S4 我收到2的心跳,我之前term为6
109388 LOG1 S5 我收到2的心跳,我之前term为6
109679 LOG1 S0 我收到3的心跳,我之前term为6
109798 LOG1 S3 我收到4的心跳,我之前term为5
109799 LOG1 S5 我收到4的心跳,我之前term为6
110144 LOG1 S3 我收到2的心跳,我之前term为5
110147 LOG1 S4 我收到2的心跳,我之前term为6
110149 LOG1 S5 我收到2的心跳,我之前term为6
110684 LOG1 S0 我收到3的心跳,我之前term为6
110785 VOTE S4 发送失败
111498 LOG1 S1 我超时了
111499 LOG1 S1 我身份改为can
111499 LOG1 S1 我开始选举，最新term为7
111500 VOTE S1 我正在选举，我给6发消息
111500 VOTE S1 我正在选举，我给2发消息
111500 VOTE S1 我正在选举，我给3发消息
111501 VOTE S1 我正在选举，我给4发消息
111501 VOTE S1 我正在选举，我给5发消息
111500 VOTE S1 我正在选举，我给0发消息
111646 LOG1 S4 我超时了
111647 LOG1 S4 我身份改为can
111647 LOG1 S4 我开始选举，最新term为7
111647 VOTE S4 我正在选举，我给6发消息
111647 VOTE S4 我正在选举，我给2发消息
111648 VOTE S4 我正在选举，我给3发消息
111648 VOTE S4 我正在选举，我给5发消息
111650 LOG1 S3 收4拉，我term5,vf3,st0
111650 LOG1 S3 我身份改为follower
111650 LOG1 S3 我投票给4，term为7,我身份为1
111650 LOG1 S3 我身份改为follower
111650 LOG1 S5 收4拉，我term6,vf0,st1
111651 LOG1 S5 我身份改为follower
111651 LOG1 S5 我投票给4，term为7,我身份为1
111651 LOG1 S5 我身份改为follower
111651 VOTE S4 我正在选举，我给1发消息
111652 LOG1 S2 收4拉，我term6,vf0,st1
111652 LOG1 S2 我身份改为follower
111652 LOG1 S2 我投票给4，term为7,我身份为1
111652 LOG1 S2 我身份改为follower
111650 VOTE S4 我正在选举，我给0发消息
111653 TERM S4 我成功当选，term为7
111653 LOG1 S0 收4拉，我term6,vf0,st0
111653 LOG1 S0 我身份改为follower
111653 LOG1 S0 我投票给4，term为7,我身份为1
111654 LOG1 S0 我身份改为follower
111654 LOG1 S0 我收到4的心跳,我之前term为7
111655 LOG1 S0 我为fw,term为7
111774 VOTE S4 发送失败
112170 LOG1 S0 我收到4的心跳,我之前term为7
112170 LOG1 S0 我为fw,term为7
112397 LOG1 S6 我超时了
112398 LOG1 S6 我身份改为can
112398 LOG1 S6 我开始选举，最新term为7
112399 VOTE S6 我正在选举，我给5发消息
112400 VOTE S6 我正在选举，我给0发消息
112400 VOTE S6 我正在选举，我给2发消息
112401 VOTE S6 我正在选举，我给1发消息
112400 VOTE S6 我正在选举，我给3发消息
112401 VOTE S6 我正在选举，我给4发消息
113172 LOG1 S0 我收到4的心跳,我之前term为7
113172 LOG1 S0 我为fw,term为7
113284 VOTE S0 发送失败
113703 VOTE S3 发送失败
113746 LOG1 S0 我身份被查
113746 LOG1 S2 我身份被查
113746 LOG1 S3 我身份被查
113746 LOG1 S4 我身份被查
113746 LOG1 S5 我身份被查
113943 VOTE S4 发送失败
114182 LOG1 S0 我收到4的心跳,我之前term为7
114183 LOG1 S0 我为fw,term为7
114184 LOG1 S1 我收到4的心跳,我之前term为7
114184 LOG1 S1 我为fw,term为7
114185 LOG1 S2 我收到4的心跳,我之前term为7
114185 LOG1 S2 我为fw,term为7
115056 VOTE S2 发送失败
115183 VOTE S1 发送失败
115186 LOG1 S0 我收到4的心跳,我之前term为7
115186 LOG1 S0 我为fw,term为7
115187 LOG1 S1 我收到4的心跳,我之前term为7
115187 LOG1 S1 我为fw,term为7
115189 LOG1 S2 我收到4的心跳,我之前term为7
115189 LOG1 S2 我为fw,term为7
115395 VOTE S3 发送失败
115536 LOG1 S1 我收到4的心跳,我之前term为7
115538 LOG1 S2 我收到4的心跳,我之前term为7
116202 LOG1 S0 我收到4的心跳,我之前term为7
116203 LOG1 S0 我为fw,term为7
116205 LOG1 S1 我收到4的心跳,我之前term为7
116205 LOG1 S1 我为fw,term为7
116206 LOG1 S2 我收到4的心跳,我之前term为7
116206 LOG1 S2 我为fw,term为7
116362 LOG1 S1 我收到4的心跳,我之前term为7
116364 LOG1 S2 我收到4的心跳,我之前term为7
116800 VOTE S4 发送失败
117203 VOTE S3 发送失败
117204 LOG1 S0 我收到4的心跳,我之前term为7
117204 LOG1 S0 我为fw,term为7
117204 LOG1 S1 我收到4的心跳,我之前term为7
117204 LOG1 S1 我为fw,term为7
117205 LOG1 S2 我收到4的心跳,我之前term为7
117205 LOG1 S2 我为fw,term为7
117608 VOTE S0 发送失败
117635 VOTE S2 发送失败
117842 LOG1 S3 我超时了
117843 LOG1 S3 我身份改为can
117843 LOG1 S3 我开始选举，最新term为8
117844 VOTE S3 我正在选举，我给6发消息
117844 VOTE S3 我正在选举，我给0发消息
117844 VOTE S3 我正在选举，我给1发消息
117844 VOTE S3 我正在选举，我给5发消息
117844 VOTE S3 我正在选举，我给4发消息
117844 VOTE S3 我正在选举，我给2发消息
118180 LOG1 S5 我超时了
118180 LOG1 S5 我身份改为can
118181 LOG1 S5 我开始选举，最新term为8
118181 VOTE S5 我正在选举，我给6发消息
118182 VOTE S5 我正在选举，我给0发消息
118182 VOTE S5 我正在选举，我给1发消息
118183 VOTE S5 我正在选举，我给2发消息
118183 VOTE S5 我正在选举，我给3发消息
118184 VOTE S5 我正在选举，我给4发消息
118214 LOG1 S0 我收到4的心跳,我之前term为7
118215 LOG1 S0 我为fw,term为7
118218 LOG1 S1 我收到4的心跳,我之前term为7
118219 LOG1 S1 我为fw,term为7
118223 LOG1 S2 我收到4的心跳,我之前term为7
118224 LOG1 S2 我为fw,term为7
118439 VOTE S3 发送失败
118645 LOG1 S2 我收到0的心跳,我之前term为7
118934 LOG1 S0 我身份被查
118935 LOG1 S1 我身份被查
118935 LOG1 S2 我身份被查
118935 LOG1 S4 我身份被查
119712 LOG1 S6 我超时了
119713 LOG1 S6 我身份改为can
119713 LOG1 S6 我开始选举，最新term为8
119713 VOTE S6 我正在选举，我给5发消息
119714 VOTE S6 我正在选举，我给0发消息
119714 VOTE S6 我正在选举，我给3发消息
119714 VOTE S6 我正在选举，我给1发消息
119715 VOTE S6 我正在选举，我给4发消息
119714 VOTE S6 我正在选举，我给2发消息
121388 VOTE S3 发送失败
121390 LOG1 S2 收3拉，我term7,vf4,st1
121390 LOG1 S2 我身份改为follower
121390 LOG1 S2 我投票给3，term为8,我身份为1
121390 LOG1 S2 我身份改为follower
121886 LOG1 S3 我收到5的心跳,我之前term为8
121887 LOG1 S4 我收到5的心跳,我之前term为7
121991 LOG1 S2 我收到5的心跳,我之前term为8
121993 LOG1 S3 我收到5的心跳,我之前term为8
121994 LOG1 S4 我收到5的心跳,我之前term为7
122774 LOG1 S1 我收到3的心跳,我之前term为7
122775 LOG1 S2 我收到3的心跳,我之前term为8
122775 LOG1 S4 我收到3的心跳,我之前term为7
122776 LOG1 S5 我收到3的心跳,我之前term为8
123181 VOTE S0 发送失败
123491 LOG1 S3 我收到2的心跳,我之前term为8
123508 LOG1 S4 我收到2的心跳,我之前term为7
123510 LOG1 S5 我收到2的心跳,我之前term为8
123930 LOG1 S1 我身份被查
123930 LOG1 S2 我身份被查
123930 LOG1 S3 我身份被查
123930 LOG1 S4 我身份被查
123930 LOG1 S5 我身份被查
124002 LOG1 S3 我超时了
124002 LOG1 S3 我身份改为can
124003 LOG1 S3 我开始选举，最新term为9
124003 VOTE S3 我正在选举，我给6发消息
124003 VOTE S3 我正在选举，我给1发消息
124003 VOTE S3 我正在选举，我给5发消息
124004 LOG1 S6 收3拉，我term8,vf6,st2
124004 LOG1 S6 我身份改为follower
124004 LOG1 S6 我投票给3，term为9,我身份为1
124004 LOG1 S6 我身份改为follower
124003 VOTE S3 我正在选举，我给4发消息
124034 LOG1 S4 收3拉，我term7,vf4,st0
124034 LOG1 S4 我身份改为follower
124034 LOG1 S4 我投票给3，term为9,我身份为1
124034 LOG1 S4 我身份改为follower
124003 VOTE S3 我正在选举，我给0发消息
124003 VOTE S3 我正在选举，我给2发消息
124034 LOG1 S1 收3拉，我term7,vf1,st1
124035 LOG1 S1 我身份改为follower
124035 LOG1 S1 我投票给3，term为9,我身份为1
124035 LOG1 S0 收3拉，我term7,vf4,st1
124035 LOG1 S0 我身份改为follower
124035 LOG1 S0 我投票给3，term为9,我身份为1
124035 LOG1 S0 我身份改为follower
124035 LOG1 S1 我身份改为follower
124034 LOG1 S5 收3拉，我term8,vf5,st2
124035 LOG1 S5 我身份改为follower
124035 TERM S3 我成功当选，term为9
124035 LOG1 S5 我投票给3，term为9,我身份为1
124035 LOG1 S5 我身份改为follower
124036 LOG1 S0 我收到3的心跳,我之前term为9
124036 LOG1 S0 我为fw,term为9
124036 LOG1 S1 我收到3的心跳,我之前term为9
124036 LOG1 S1 我为fw,term为9
124050 LOG1 S2 我收到3的心跳,我之前term为8
124050 LOG1 S2 我为fw,term为9
124050 LOG1 S2 收3拉，我term9,vf3,st1
124050 LOG1 S2 我投票给3，term为9,我身份为1
124050 LOG1 S2 我身份改为follower
124051 LOG1 S4 我收到3的心跳,我之前term为9
124051 LOG1 S4 我为fw,term为9
124051 LOG1 S5 我收到3的心跳,我之前term为9
124051 LOG1 S5 我为fw,term为9
124054 LOG1 S6 我收到3的心跳,我之前term为9
124054 LOG1 S6 我为fw,term为9
124120 LOG1 S1 我收到3的心跳,我之前term为9
124121 LOG1 S2 我收到3的心跳,我之前term为9
124122 LOG1 S4 我收到3的心跳,我之前term为9
124122 LOG1 S5 我收到3的心跳,我之前term为9
124123 LOG1 S6 我收到3的心跳,我之前term为9
124294 VOTE S1 发送失败
124603 LOG1 S0 我收到3的心跳,我之前term为9
124603 LOG1 S0 我为fw,term为9
124605 LOG1 S1 我收到3的心跳,我之前term为9
124605 LOG1 S1 我为fw,term为9
124606 LOG1 S2 我收到3的心跳,我之前term为9
124606 LOG1 S2 我为fw,term为9
124608 LOG1 S4 我收到3的心跳,我之前term为9
124608 LOG1 S4 我为fw,term为9
124609 LOG1 S5 我收到3的心跳,我之前term为9
124609 LOG1 S5 我为fw,term为9
124610 LOG1 S6 我收到3的心跳,我之前term为9
124610 LOG1 S6 我为fw,term为9
124635 VOTE S4 发送失败
124924 VOTE S6 发送失败
124933 VOTE S1 发送失败
125183 LOG1 S5 我收到4的心跳,我之前term为9
125185 LOG1 S6 我收到4的心跳,我之前term为9
125623 LOG1 S0 我收到3的心跳,我之前term为9
125624 LOG1 S0 我为fw,term为9
125624 LOG1 S2 我收到5的心跳,我之前term为9
125625 LOG1 S3 我收到5的心跳,我之前term为9
125626 LOG1 S1 我收到3的心跳,我之前term为9
125626 LOG1 S1 我为fw,term为9
125627 LOG1 S4 我收到5的心跳,我之前term为9
125627 LOG1 S2 我收到3的心跳,我之前term为9
125627 LOG1 S2 我为fw,term为9
125628 LOG1 S6 我收到5的心跳,我之前term为9
125628 LOG1 S4 我收到3的心跳,我之前term为9
125628 LOG1 S4 我为fw,term为9
125629 LOG1 S5 我收到3的心跳,我之前term为9
125630 LOG1 S5 我为fw,term为9
125631 LOG1 S6 我收到3的心跳,我之前term为9
125631 LOG1 S6 我为fw,term为9
125687 VOTE S6 发送失败
125708 LOG1 S1 我收到4的心跳,我之前term为9
125710 LOG1 S2 我收到4的心跳,我之前term为9
125711 LOG1 S3 我收到4的心跳,我之前term为9
125712 LOG1 S5 我收到4的心跳,我之前term为9
125714 LOG1 S6 我收到4的心跳,我之前term为9
125881 LOG1 S5 我收到4的心跳,我之前term为9
125882 LOG1 S6 我收到4的心跳,我之前term为9
126525 LOG1 S1 我收到2的心跳,我之前term为9
126528 LOG1 S3 我收到2的心跳,我之前term为9
126530 LOG1 S4 我收到2的心跳,我之前term为9
126532 LOG1 S5 我收到2的心跳,我之前term为9
126533 LOG1 S6 我收到2的心跳,我之前term为9
126648 LOG1 S0 我收到3的心跳,我之前term为9
126649 LOG1 S0 我为fw,term为9
126651 LOG1 S1 我收到3的心跳,我之前term为9
126651 LOG1 S1 我为fw,term为9
126652 LOG1 S2 我收到3的心跳,我之前term为9
126652 LOG1 S2 我为fw,term为9
126653 LOG1 S4 我收到3的心跳,我之前term为9
126654 LOG1 S4 我为fw,term为9
126655 LOG1 S5 我收到3的心跳,我之前term为9
126655 LOG1 S5 我为fw,term为9
126656 LOG1 S6 我收到3的心跳,我之前term为9
126656 LOG1 S6 我为fw,term为9
127340 VOTE S6 发送失败
127645 LOG1 S0 我收到3的心跳,我之前term为9
127646 LOG1 S0 我为fw,term为9
127649 LOG1 S1 我收到3的心跳,我之前term为9
127650 LOG1 S1 我为fw,term为9
127652 LOG1 S2 我收到3的心跳,我之前term为9
127652 LOG1 S2 我为fw,term为9
127654 LOG1 S4 我收到3的心跳,我之前term为9
127654 LOG1 S4 我为fw,term为9
127654 LOG1 S5 我收到3的心跳,我之前term为9
127655 LOG1 S5 我为fw,term为9
127655 LOG1 S6 我收到3的心跳,我之前term为9
127655 LOG1 S6 我为fw,term为9
127877 VOTE S3 发送失败
128451 LOG1 S0 我身份被查
128451 LOG1 S1 我身份被查
128451 LOG1 S2 我身份被查
128451 LOG1 S3 我身份被查
128452 LOG1 S4 我身份被查
128452 LOG1 S5 我身份被查
128452 LOG1 S6 我身份被查
  ... Passed --   6.3  7  392   75906    0
FAIL
exit status 1
FAIL	6.5840/raft	13.082s
