Test (3A): initial election ...
005178 LOG1 S0 我身份被查
005178 LOG1 S1 我身份被查
005178 LOG1 S2 我身份被查
006598 LOG1 S2 我超时了
006601 LOG1 S2 我身份改为can
006602 LOG1 S2 我开始选举，最新term为1
006603 VOTE S2 我正在选举，我给1发消息
006603 VOTE S2 我正在选举，我给0发消息
006610 LOG1 S0 我超时了
006610 LOG1 S1 收2拉，我term0,vf-1,st1
006610 LOG1 S1 我身份改为follower
006611 LOG1 S1 我投票给2，term为1,我身份为1
006611 LOG1 S1 我身份改为follower
006610 LOG1 S0 收2拉，我term0,vf-1,st1
006611 LOG1 S0 我身份改为follower
006610 LOG1 S0 我身份改为can
006612 TERM S2 我成功当选，term为1
006612 LOG1 S0 我开始选举，最新term为2
006611 LOG1 S0 我投票给2，term为1,我身份为1
006613 LOG1 S0 我身份改为follower
006612 VOTE S0 我正在选举，我给2发消息
006613 VOTE S0 我正在选举，我给1发消息
006614 LOG1 S0 我收到2的心跳,我之前term为2
006615 LOG1 S1 我收到2的心跳,我之前term为1
006615 LOG1 S1 我为fw,term为1
007164 LOG1 S0 我收到2的心跳,我之前term为2
007166 LOG1 S1 我收到2的心跳,我之前term为1
007167 LOG1 S1 我为fw,term为1
008166 LOG1 S0 我收到2的心跳,我之前term为2
008170 LOG1 S1 我收到2的心跳,我之前term为1
008170 LOG1 S1 我为fw,term为1
009183 LOG1 S0 我收到2的心跳,我之前term为2
009186 LOG1 S1 我收到2的心跳,我之前term为1
009186 LOG1 S1 我为fw,term为1
010184 LOG1 S0 我收到2的心跳,我之前term为2
010188 LOG1 S1 我收到2的心跳,我之前term为1
010188 LOG1 S1 我为fw,term为1
010518 LOG1 S0 我身份被查
010533 LOG1 S1 我身份被查
010533 LOG1 S2 我身份被查
011051 LOG1 S0 我身份被查
011052 LOG1 S1 我身份被查
--- FAIL: TestInitialElection3A (1.10s)
    config.go:471: servers disagree on term
Test (3A): election after network failure ...
015845 LOG1 S0 我身份被查
015846 LOG1 S1 我身份被查
015846 LOG1 S2 我身份被查
017237 LOG1 S1 我超时了
017238 LOG1 S1 我身份改为can
017238 LOG1 S1 我开始选举，最新term为1
017238 VOTE S1 我正在选举，我给2发消息
017238 VOTE S1 我正在选举，我给0发消息
017240 LOG1 S2 收1拉，我term0,vf-1,st1
017240 LOG1 S2 我身份改为follower
017240 LOG1 S2 我投票给1，term为1,我身份为1
017240 LOG1 S2 我身份改为follower
017240 LOG1 S0 收1拉，我term0,vf-1,st1
017240 LOG1 S0 我身份改为follower
017246 LOG1 S0 我投票给1，term为1,我身份为1
017246 LOG1 S0 我身份改为follower
017240 TERM S1 我成功当选，term为1
017247 LOG1 S0 我收到1的心跳,我之前term为1
017247 LOG1 S0 我为fw,term为1
017247 LOG1 S2 我收到1的心跳,我之前term为1
017247 LOG1 S2 我为fw,term为1
017839 LOG1 S0 我收到1的心跳,我之前term为1
017839 LOG1 S0 我为fw,term为1
017840 LOG1 S2 我收到1的心跳,我之前term为1
017840 LOG1 S2 我为fw,term为1
018844 LOG1 S0 我收到1的心跳,我之前term为1
018844 LOG1 S0 我为fw,term为1
018845 LOG1 S2 我收到1的心跳,我之前term为1
018845 LOG1 S2 我为fw,term为1
019853 LOG1 S0 我收到1的心跳,我之前term为1
019853 LOG1 S0 我为fw,term为1
019854 LOG1 S2 我收到1的心跳,我之前term为1
019854 LOG1 S2 我为fw,term为1
020516 LOG1 S0 我身份被查
020517 LOG1 S1 我身份被查
020517 LOG1 S2 我身份被查
025469 LOG1 S0 我身份被查
025469 LOG1 S2 我身份被查
026624 LOG1 S0 我超时了
026625 LOG1 S2 我超时了
026626 LOG1 S2 我身份改为can
026625 LOG1 S0 我身份改为can
026627 LOG1 S0 我开始选举，最新term为2
026627 LOG1 S2 我开始选举，最新term为2
026628 VOTE S0 我正在选举，我给2发消息
026629 VOTE S2 我正在选举，我给0发消息
026628 VOTE S0 我正在选举，我给1发消息
026628 VOTE S2 我正在选举，我给1发消息
026631 LOG1 S0 收2拉，我term2,vf0,st2
026631 LOG1 S2 收0拉，我term2,vf2,st2
029832 VOTE S0 发送失败
030260 LOG1 S0 我身份被查
030261 LOG1 S2 我身份被查
033254 LOG1 S2 我超时了
033256 LOG1 S2 我身份改为can
033257 LOG1 S2 我开始选举，最新term为3
033257 VOTE S2 我正在选举，我给1发消息
033257 VOTE S2 我正在选举，我给0发消息
033260 LOG1 S0 收2拉，我term2,vf0,st2
033261 LOG1 S0 我身份改为follower
033261 LOG1 S0 我投票给2，term为3,我身份为1
033261 LOG1 S0 我身份改为follower
033262 TERM S2 我成功当选，term为3
033264 LOG1 S0 我收到2的心跳,我之前term为3
033265 LOG1 S0 我为fw,term为3
033791 LOG1 S0 我收到2的心跳,我之前term为3
033792 LOG1 S0 我为fw,term为3
034800 LOG1 S0 我收到2的心跳,我之前term为3
034801 LOG1 S0 我为fw,term为3
035763 LOG1 S0 我身份被查
035763 LOG1 S2 我身份被查
035810 LOG1 S0 我收到2的心跳,我之前term为3
035810 LOG1 S0 我为fw,term为3
035814 LOG1 S1 我收到2的心跳,我之前term为1
035814 LOG1 S1 我为fw,term为3
036826 LOG1 S0 我收到2的心跳,我之前term为3
036826 LOG1 S0 我为fw,term为3
036830 LOG1 S1 我收到2的心跳,我之前term为3
036830 LOG1 S1 我为fw,term为3
037827 LOG1 S0 我收到2的心跳,我之前term为3
037828 LOG1 S0 我为fw,term为3
037830 LOG1 S1 我收到2的心跳,我之前term为3
037830 LOG1 S1 我为fw,term为3
038831 LOG1 S0 我收到2的心跳,我之前term为3
038832 LOG1 S0 我为fw,term为3
038835 LOG1 S1 我收到2的心跳,我之前term为3
038836 LOG1 S1 我为fw,term为3
039852 LOG1 S0 我收到2的心跳,我之前term为3
039852 LOG1 S0 我为fw,term为3
039856 LOG1 S1 我收到2的心跳,我之前term为3
039856 LOG1 S1 我为fw,term为3
040853 LOG1 S0 我收到2的心跳,我之前term为3
040854 LOG1 S0 我为fw,term为3
040858 LOG1 S1 我收到2的心跳,我之前term为3
040859 LOG1 S1 我为fw,term为3
040943 LOG1 S0 我身份被查
040943 LOG1 S1 我身份被查
040944 LOG1 S2 我身份被查
047445 LOG1 S1 我超时了
047446 LOG1 S1 我身份改为can
047447 LOG1 S1 我开始选举，最新term为4
047448 VOTE S1 我正在选举，我给2发消息
047448 VOTE S1 我正在选举，我给0发消息
047558 LOG1 S0 我超时了
047558 LOG1 S0 我身份改为can
047559 LOG1 S0 我开始选举，最新term为4
047560 VOTE S0 我正在选举，我给2发消息
047560 VOTE S0 我正在选举，我给1发消息
053555 LOG1 S1 我超时了
053558 LOG1 S1 我身份改为can
053559 LOG1 S1 我开始选举，最新term为5
053560 VOTE S1 我正在选举，我给0发消息
053559 VOTE S1 我正在选举，我给2发消息
054291 VOTE S0 发送失败
054694 LOG1 S0 我超时了
054694 LOG1 S0 我身份改为can
054695 LOG1 S0 我开始选举，最新term为5
054696 VOTE S0 我正在选举，我给2发消息
054696 VOTE S0 我正在选举，我给1发消息
059737 LOG1 S1 我超时了
059737 LOG1 S1 我身份改为can
059738 LOG1 S1 我开始选举，最新term为6
059739 VOTE S1 我正在选举，我给2发消息
059739 VOTE S1 我正在选举，我给0发消息
060961 LOG1 S1 我身份被查
061427 LOG1 S0 我超时了
061428 LOG1 S0 我身份改为can
061429 LOG1 S0 我开始选举，最新term为6
061429 VOTE S0 我正在选举，我给2发消息
061430 VOTE S0 我正在选举，我给1发消息
061433 LOG1 S1 收0拉，我term6,vf1,st2
061998 VOTE S1 发送失败
066226 LOG1 S1 我超时了
066226 LOG1 S1 我身份改为can
066227 LOG1 S1 我开始选举，最新term为7
066227 VOTE S1 我正在选举，我给2发消息
066227 VOTE S1 我正在选举，我给0发消息
066229 LOG1 S0 收1拉，我term6,vf0,st2
066229 LOG1 S0 我身份改为follower
066229 LOG1 S0 我投票给1，term为7,我身份为1
066229 LOG1 S0 我身份改为follower
066230 TERM S1 我成功当选，term为7
066231 LOG1 S0 我收到1的心跳,我之前term为7
066231 LOG1 S0 我为fw,term为7
066351 LOG1 S0 我身份被查
066352 LOG1 S1 我身份被查
066782 LOG1 S0 我收到1的心跳,我之前term为7
066783 LOG1 S0 我为fw,term为7
066786 LOG1 S2 我收到1的心跳,我之前term为3
066786 LOG1 S2 我为fw,term为7
067794 LOG1 S0 我收到1的心跳,我之前term为7
067794 LOG1 S0 我为fw,term为7
067798 LOG1 S2 我收到1的心跳,我之前term为7
067799 LOG1 S2 我为fw,term为7
068223 LOG1 S1 我收到2的心跳,我之前term为7
068472 LOG1 S2 我收到1的心跳,我之前term为7
068795 LOG1 S0 我收到1的心跳,我之前term为7
068796 LOG1 S0 我为fw,term为7
068800 LOG1 S2 我收到1的心跳,我之前term为7
068801 LOG1 S2 我为fw,term为7
069508 LOG1 S1 我收到2的心跳,我之前term为7
069799 LOG1 S0 我收到1的心跳,我之前term为7
069799 LOG1 S0 我为fw,term为7
069803 LOG1 S2 我收到1的心跳,我之前term为7
069804 LOG1 S2 我为fw,term为7
070344 LOG1 S1 我收到2的心跳,我之前term为7
070815 LOG1 S0 我收到1的心跳,我之前term为7
070816 LOG1 S0 我为fw,term为7
070819 LOG1 S2 我收到1的心跳,我之前term为7
070819 LOG1 S2 我为fw,term为7
071495 LOG1 S2 我收到1的心跳,我之前term为7
071601 LOG1 S0 我身份被查
071601 LOG1 S1 我身份被查
071601 LOG1 S2 我身份被查
  ... Passed --   6.1  3  119   24757    0
Test (3A): multiple elections ...
072401 VOTE S1 发送失败
072970 VOTE S1 发送失败
076267 LOG1 S0 我身份被查
076268 LOG1 S1 我身份被查
076268 LOG1 S2 我身份被查
076268 LOG1 S3 我身份被查
076268 LOG1 S4 我身份被查
076269 LOG1 S5 我身份被查
076270 LOG1 S6 我身份被查
077272 LOG1 S4 我超时了
077273 LOG1 S4 我身份改为can
077273 LOG1 S4 我开始选举，最新term为1
077274 VOTE S4 我正在选举，我给6发消息
077274 VOTE S4 我正在选举，我给2发消息
077274 VOTE S4 我正在选举，我给0发消息
077276 LOG1 S2 收4拉，我term0,vf-1,st1
077276 VOTE S4 我正在选举，我给5发消息
077276 VOTE S4 我正在选举，我给1发消息
077276 LOG1 S6 收4拉，我term0,vf-1,st1
077277 LOG1 S6 我身份改为follower
077277 LOG1 S6 我投票给4，term为1,我身份为1
077277 LOG1 S6 我身份改为follower
077277 LOG1 S5 收4拉，我term0,vf-1,st1
077278 LOG1 S5 我身份改为follower
077278 LOG1 S5 我投票给4，term为1,我身份为1
077277 LOG1 S1 收4拉，我term0,vf-1,st1
077278 LOG1 S1 我身份改为follower
077278 LOG1 S1 我投票给4，term为1,我身份为1
077278 LOG1 S1 我身份改为follower
077274 VOTE S4 我正在选举，我给3发消息
077276 LOG1 S2 我身份改为follower
077279 LOG1 S2 我投票给4，term为1,我身份为1
077280 LOG1 S2 我身份改为follower
077276 LOG1 S0 收4拉，我term0,vf-1,st1
077280 LOG1 S0 我身份改为follower
077280 LOG1 S0 我投票给4，term为1,我身份为1
077280 LOG1 S0 我身份改为follower
077280 LOG1 S3 收4拉，我term0,vf-1,st1
077281 LOG1 S3 我身份改为follower
077281 LOG1 S3 我投票给4，term为1,我身份为1
077281 LOG1 S3 我身份改为follower
077278 LOG1 S5 我身份改为follower
077281 TERM S4 我成功当选，term为1
077283 LOG1 S0 我收到4的心跳,我之前term为1
077283 LOG1 S0 我为fw,term为1
077285 LOG1 S1 我收到4的心跳,我之前term为1
077285 LOG1 S1 我为fw,term为1
077288 LOG1 S2 我收到4的心跳,我之前term为1
077288 LOG1 S2 我为fw,term为1
077290 LOG1 S3 我收到4的心跳,我之前term为1
077290 LOG1 S3 我为fw,term为1
077292 LOG1 S5 我收到4的心跳,我之前term为1
077292 LOG1 S5 我为fw,term为1
077294 LOG1 S6 我收到4的心跳,我之前term为1
077294 LOG1 S6 我为fw,term为1
077852 LOG1 S0 我收到4的心跳,我之前term为1
077853 LOG1 S0 我为fw,term为1
077856 LOG1 S1 我收到4的心跳,我之前term为1
077856 LOG1 S1 我为fw,term为1
077859 LOG1 S2 我收到4的心跳,我之前term为1
077859 LOG1 S2 我为fw,term为1
077862 LOG1 S3 我收到4的心跳,我之前term为1
077862 LOG1 S3 我为fw,term为1
077865 LOG1 S5 我收到4的心跳,我之前term为1
077865 LOG1 S5 我为fw,term为1
077867 LOG1 S6 我收到4的心跳,我之前term为1
077868 LOG1 S6 我为fw,term为1
078863 LOG1 S0 我收到4的心跳,我之前term为1
078863 LOG1 S0 我为fw,term为1
078867 LOG1 S1 我收到4的心跳,我之前term为1
078867 LOG1 S1 我为fw,term为1
078870 LOG1 S2 我收到4的心跳,我之前term为1
078870 LOG1 S2 我为fw,term为1
078872 LOG1 S3 我收到4的心跳,我之前term为1
078873 LOG1 S3 我为fw,term为1
078875 LOG1 S5 我收到4的心跳,我之前term为1
078875 LOG1 S5 我为fw,term为1
078878 LOG1 S6 我收到4的心跳,我之前term为1
078878 LOG1 S6 我为fw,term为1
079861 LOG1 S0 我收到4的心跳,我之前term为1
079861 LOG1 S0 我为fw,term为1
079863 LOG1 S1 我收到4的心跳,我之前term为1
079863 LOG1 S1 我为fw,term为1
079864 LOG1 S2 我收到4的心跳,我之前term为1
079864 LOG1 S2 我为fw,term为1
079866 LOG1 S3 我收到4的心跳,我之前term为1
079866 LOG1 S3 我为fw,term为1
079867 LOG1 S5 我收到4的心跳,我之前term为1
079867 LOG1 S5 我为fw,term为1
079868 LOG1 S6 我收到4的心跳,我之前term为1
079868 LOG1 S6 我为fw,term为1
080105 VOTE S1 发送失败
080867 LOG1 S0 我收到4的心跳,我之前term为1
080867 LOG1 S0 我为fw,term为1
080871 LOG1 S1 我收到4的心跳,我之前term为1
080871 LOG1 S1 我为fw,term为1
080873 LOG1 S2 我收到4的心跳,我之前term为1
080874 LOG1 S2 我为fw,term为1
080876 LOG1 S3 我收到4的心跳,我之前term为1
080876 LOG1 S3 我为fw,term为1
080879 LOG1 S5 我收到4的心跳,我之前term为1
080879 LOG1 S5 我为fw,term为1
080882 LOG1 S6 我收到4的心跳,我之前term为1
080882 LOG1 S6 我为fw,term为1
080914 LOG1 S0 我身份被查
080914 LOG1 S1 我身份被查
080915 LOG1 S2 我身份被查
080915 LOG1 S3 我身份被查
080915 LOG1 S4 我身份被查
080915 LOG1 S5 我身份被查
080915 LOG1 S6 我身份被查
081884 LOG1 S0 我收到4的心跳,我之前term为1
081884 LOG1 S0 我为fw,term为1
082898 LOG1 S0 我收到4的心跳,我之前term为1
082899 LOG1 S0 我为fw,term为1
083910 LOG1 S0 我收到4的心跳,我之前term为1
083910 LOG1 S0 我为fw,term为1
084916 LOG1 S0 我收到4的心跳,我之前term为1
084916 LOG1 S0 我为fw,term为1
085719 LOG1 S0 我身份被查
085720 LOG1 S4 我身份被查
085720 LOG1 S5 我身份被查
085720 LOG1 S6 我身份被查
087104 LOG1 S5 我超时了
087105 LOG1 S5 我身份改为can
087106 LOG1 S5 我开始选举，最新term为2
087106 VOTE S5 我正在选举，我给6发消息
087107 VOTE S5 我正在选举，我给2发消息
087107 VOTE S5 我正在选举，我给3发消息
087107 VOTE S5 我正在选举，我给4发消息
087108 VOTE S5 我正在选举，我给1发消息
087108 VOTE S5 我正在选举，我给0发消息
087512 LOG1 S2 我超时了
087513 LOG1 S2 我身份改为can
087514 LOG1 S2 我开始选举，最新term为2
087515 VOTE S2 我正在选举，我给6发消息
087515 VOTE S2 我正在选举，我给3发消息
087516 VOTE S2 我正在选举，我给4发消息
087517 VOTE S2 我正在选举，我给0发消息
087517 LOG1 S6 收2拉，我term1,vf4,st1
087517 LOG1 S6 我身份改为follower
087517 LOG1 S6 我投票给2，term为2,我身份为1
087518 LOG1 S6 我身份改为follower
087517 VOTE S2 我正在选举，我给1发消息
087517 VOTE S2 我正在选举，我给5发消息
087517 LOG1 S3 收2拉，我term1,vf4,st1
087519 LOG1 S3 我身份改为follower
087519 LOG1 S3 我投票给2，term为2,我身份为1
087519 LOG1 S3 我身份改为follower
087520 LOG1 S1 收2拉，我term1,vf4,st1
087520 LOG1 S1 我身份改为follower
087520 LOG1 S1 我投票给2，term为2,我身份为1
087520 LOG1 S1 我身份改为follower
087521 TERM S2 我成功当选，term为2
090554 LOG1 S1 我身份被查
090555 LOG1 S2 我身份被查
090555 LOG1 S3 我身份被查
090555 LOG1 S6 我身份被查
091066 LOG1 S0 我收到2的心跳,我之前term为1
091067 LOG1 S0 我为fw,term为2
091183 VOTE S5 发送失败
091972 VOTE S2 发送失败
092080 LOG1 S0 我收到2的心跳,我之前term为2
092081 LOG1 S0 我为fw,term为2
092229 VOTE S2 发送失败
092301 VOTE S1 发送失败
092850 VOTE S2 发送失败
093083 LOG1 S0 我收到2的心跳,我之前term为2
093084 LOG1 S0 我为fw,term为2
093369 LOG1 S5 我超时了
093369 LOG1 S5 我身份改为can
093370 LOG1 S5 我开始选举，最新term为3
093370 VOTE S5 我正在选举，我给6发消息
093370 VOTE S5 我正在选举，我给1发消息
093371 VOTE S5 我正在选举，我给2发消息
093371 VOTE S5 我正在选举，我给4发消息
093370 VOTE S5 我正在选举，我给3发消息
093374 LOG1 S2 收5拉，我term2,vf2,st0
093374 LOG1 S2 我身份改为follower
093374 LOG1 S2 我投票给5，term为3,我身份为1
093374 LOG1 S2 我身份改为follower
093371 VOTE S5 我正在选举，我给0发消息
093377 LOG1 S3 收5拉，我term2,vf2,st1
093378 LOG1 S3 我身份改为follower
093377 LOG1 S0 收5拉，我term2,vf4,st1
093378 LOG1 S0 我身份改为follower
093378 LOG1 S0 我投票给5，term为3,我身份为1
093379 LOG1 S0 我身份改为follower
093378 LOG1 S3 我投票给5，term为3,我身份为1
093379 LOG1 S3 我身份改为follower
093381 TERM S5 我成功当选，term为3
093383 LOG1 S0 我收到5的心跳,我之前term为3
093383 LOG1 S0 我为fw,term为3
093948 LOG1 S0 我收到5的心跳,我之前term为3
093948 LOG1 S0 我为fw,term为3
094709 LOG1 S1 我超时了
094710 LOG1 S1 我身份改为can
094710 LOG1 S1 我开始选举，最新term为3
094710 VOTE S1 我正在选举，我给6发消息
094711 VOTE S1 我正在选举，我给3发消息
094711 VOTE S1 我正在选举，我给0发消息
094711 VOTE S1 我正在选举，我给2发消息
094712 VOTE S1 我正在选举，我给5发消息
094711 VOTE S1 我正在选举，我给4发消息
094822 LOG1 S6 我超时了
094823 LOG1 S6 我身份改为can
094824 LOG1 S6 我开始选举，最新term为3
094824 VOTE S6 我正在选举，我给5发消息
094826 VOTE S6 我正在选举，我给3发消息
094826 VOTE S6 我正在选举，我给2发消息
094828 VOTE S6 我正在选举，我给0发消息
094829 VOTE S6 我正在选举，我给1发消息
094829 VOTE S6 我正在选举，我给4发消息
094885 VOTE S0 发送失败
094954 LOG1 S0 我收到5的心跳,我之前term为3
094955 LOG1 S0 我为fw,term为3
095437 LOG1 S0 我身份被查
095438 LOG1 S2 我身份被查
095438 LOG1 S3 我身份被查
095438 LOG1 S5 我身份被查
095732 VOTE S0 发送失败
095750 VOTE S0 发送失败
095956 LOG1 S0 我收到5的心跳,我之前term为3
095956 LOG1 S0 我为fw,term为3
095960 LOG1 S1 我收到5的心跳,我之前term为3
095960 LOG1 S1 我为fw,term为3
096015 LOG1 S0 我收到4的心跳,我之前term为3
096018 LOG1 S1 我收到4的心跳,我之前term为3
096639 VOTE S1 发送失败
096969 LOG1 S0 我收到5的心跳,我之前term为3
096970 LOG1 S0 我为fw,term为3
096973 LOG1 S1 我收到5的心跳,我之前term为3
096973 LOG1 S1 我为fw,term为3
097027 LOG1 S0 我收到4的心跳,我之前term为3
097031 LOG1 S1 我收到4的心跳,我之前term为3
097502 VOTE S5 发送失败
097978 LOG1 S0 我收到5的心跳,我之前term为3
097979 LOG1 S0 我为fw,term为3
097978 LOG1 S1 我收到4的心跳,我之前term为3
097981 LOG1 S1 我收到5的心跳,我之前term为3
097981 LOG1 S1 我为fw,term为3
098027 LOG1 S0 我收到4的心跳,我之前term为3
098029 LOG1 S1 我收到4的心跳,我之前term为3
098917 VOTE S0 发送失败
098993 LOG1 S0 我收到5的心跳,我之前term为3
098994 LOG1 S0 我为fw,term为3
098997 LOG1 S1 我收到5的心跳,我之前term为3
098997 LOG1 S1 我为fw,term为3
099034 LOG1 S0 我收到4的心跳,我之前term为3
099038 LOG1 S1 我收到4的心跳,我之前term为3
099632 LOG1 S2 我超时了
099633 LOG1 S2 我身份改为can
099634 LOG1 S2 我开始选举，最新term为4
099634 VOTE S2 我正在选举，我给6发消息
099635 VOTE S2 我正在选举，我给3发消息
099635 VOTE S2 我正在选举，我给4发消息
099635 VOTE S2 我正在选举，我给5发消息
099635 VOTE S2 我正在选举，我给0发消息
099636 VOTE S2 我正在选举，我给1发消息
099997 LOG1 S0 我收到5的心跳,我之前term为3
099998 LOG1 S0 我为fw,term为3
099999 LOG1 S1 我收到5的心跳,我之前term为3
099999 LOG1 S1 我为fw,term为3
100003 VOTE S0 发送失败
100034 LOG1 S0 我收到4的心跳,我之前term为3
100036 LOG1 S1 我收到4的心跳,我之前term为3
100234 LOG1 S3 我超时了
100235 LOG1 S3 我身份改为can
100235 LOG1 S3 我开始选举，最新term为4
100236 VOTE S3 我正在选举，我给6发消息
100236 VOTE S3 我正在选举，我给0发消息
100236 VOTE S3 我正在选举，我给4发消息
100236 VOTE S3 我正在选举，我给2发消息
100236 VOTE S3 我正在选举，我给5发消息
100236 VOTE S3 我正在选举，我给1发消息
100268 VOTE S1 发送失败
100400 LOG1 S0 我身份被查
100401 LOG1 S1 我身份被查
100401 LOG1 S4 我身份被查
100402 LOG1 S5 我身份被查
100402 LOG1 S6 我身份被查
101018 LOG1 S0 我收到5的心跳,我之前term为3
101019 LOG1 S0 我为fw,term为3
101021 LOG1 S1 我收到5的心跳,我之前term为3
101021 LOG1 S1 我为fw,term为3
101023 LOG1 S2 我收到5的心跳,我之前term为4
102038 LOG1 S0 我收到5的心跳,我之前term为3
102038 LOG1 S0 我为fw,term为3
102040 LOG1 S1 我收到5的心跳,我之前term为3
102040 LOG1 S1 我为fw,term为3
102041 LOG1 S2 我收到5的心跳,我之前term为4
102162 LOG1 S6 我超时了
102162 LOG1 S6 我身份改为can
102163 LOG1 S6 我开始选举，最新term为4
102163 VOTE S6 我正在选举，我给5发消息
102163 VOTE S6 我正在选举，我给2发消息
102163 VOTE S6 我正在选举，我给3发消息
102163 VOTE S6 我正在选举，我给0发消息
102163 VOTE S6 我正在选举，我给4发消息
102164 VOTE S6 我正在选举，我给1发消息
102709 VOTE S6 发送失败
102713 VOTE S5 发送失败
102953 VOTE S2 发送失败
102957 LOG1 S0 收2拉，我term3,vf5,st1
103045 LOG1 S0 我收到5的心跳,我之前term为3
103046 LOG1 S0 我为fw,term为3
103049 LOG1 S1 我收到5的心跳,我之前term为3
103049 LOG1 S1 我为fw,term为3
103051 LOG1 S2 我收到5的心跳,我之前term为4
103584 VOTE S1 发送失败
104054 LOG1 S0 我收到5的心跳,我之前term为3
104055 LOG1 S0 我为fw,term为3
104058 LOG1 S1 我收到5的心跳,我之前term为3
104058 LOG1 S1 我为fw,term为3
104061 LOG1 S2 我收到5的心跳,我之前term为4
104867 VOTE S3 发送失败
105075 LOG1 S0 我收到5的心跳,我之前term为3
105075 LOG1 S0 我为fw,term为3
105078 LOG1 S1 我收到5的心跳,我之前term为3
105079 LOG1 S1 我为fw,term为3
105081 LOG1 S2 我收到5的心跳,我之前term为4
105115 VOTE S2 发送失败
105684 LOG1 S0 我身份被查
105685 LOG1 S1 我身份被查
105685 LOG1 S2 我身份被查
105686 LOG1 S5 我身份被查
106231 LOG1 S2 我超时了
106232 LOG1 S2 我身份改为can
106233 LOG1 S2 我开始选举，最新term为5
106233 VOTE S2 我正在选举，我给6发消息
106233 VOTE S2 我正在选举，我给4发消息
106234 VOTE S2 我正在选举，我给0发消息
106235 VOTE S2 我正在选举，我给1发消息
106236 LOG1 S6 收2拉，我term4,vf6,st2
106236 LOG1 S6 我身份改为follower
106236 LOG1 S4 收2拉，我term1,vf4,st0
106237 LOG1 S4 我身份改为follower
106237 LOG1 S4 我投票给2，term为5,我身份为1
106237 LOG1 S4 我身份改为follower
106233 VOTE S2 我正在选举，我给3发消息
106236 VOTE S2 我正在选举，我给5发消息
106236 LOG1 S6 我投票给2，term为5,我身份为1
106239 LOG1 S6 我身份改为follower
106239 LOG1 S3 收2拉，我term4,vf3,st2
106239 LOG1 S3 我身份改为follower
106240 LOG1 S3 我投票给2，term为5,我身份为1
106240 LOG1 S3 我身份改为follower
106237 LOG1 S1 收2拉，我term3,vf1,st1
106240 LOG1 S1 我身份改为follower
106241 LOG1 S1 我投票给2，term为5,我身份为1
106241 LOG1 S1 我身份改为follower
106241 TERM S2 我成功当选，term为5
106595 VOTE S6 发送失败
107000 VOTE S5 发送失败
107148 VOTE S6 发送失败
107265 VOTE S1 发送失败
108045 LOG1 S2 我收到4的心跳,我之前term为5
108047 LOG1 S3 我收到4的心跳,我之前term为5
108749 VOTE S3 发送失败
108813 LOG1 S1 我收到4的心跳,我之前term为5
108816 LOG1 S2 我收到4的心跳,我之前term为5
108818 LOG1 S3 我收到4的心跳,我之前term为5
109218 VOTE S3 发送失败
109389 LOG1 S1 我收到4的心跳,我之前term为5
109394 LOG1 S2 我收到4的心跳,我之前term为5
109397 LOG1 S3 我收到4的心跳,我之前term为5
110204 LOG1 S3 我收到4的心跳,我之前term为5
110494 LOG1 S1 我身份被查
110494 LOG1 S2 我身份被查
110494 LOG1 S3 我身份被查
110495 LOG1 S4 我身份被查
110495 LOG1 S6 我身份被查
110827 LOG1 S0 我收到2的心跳,我之前term为3
110828 LOG1 S0 我为fw,term为5
110831 LOG1 S1 我收到2的心跳,我之前term为5
110831 LOG1 S1 我为fw,term为5
110834 LOG1 S3 我收到2的心跳,我之前term为5
110834 LOG1 S3 我为fw,term为5
111846 LOG1 S0 我收到2的心跳,我之前term为5
111846 LOG1 S0 我为fw,term为5
111850 LOG1 S1 我收到2的心跳,我之前term为5
111850 LOG1 S1 我为fw,term为5
111853 LOG1 S3 我收到2的心跳,我之前term为5
111853 LOG1 S3 我为fw,term为5
112287 LOG1 S4 我超时了
112289 LOG1 S4 我身份改为can
112290 LOG1 S4 我开始选举，最新term为6
112290 VOTE S4 我正在选举，我给0发消息
112291 VOTE S4 我正在选举，我给1发消息
112290 VOTE S4 我正在选举，我给6发消息
112291 VOTE S4 我正在选举，我给5发消息
112290 VOTE S4 我正在选举，我给2发消息
112290 VOTE S4 我正在选举，我给3发消息
112854 LOG1 S0 我收到2的心跳,我之前term为5
112936 LOG1 S0 我为fw,term为5
112940 LOG1 S1 我收到2的心跳,我之前term为5
112940 LOG1 S1 我为fw,term为5
112942 LOG1 S3 我收到2的心跳,我之前term为5
112943 LOG1 S3 我为fw,term为5
113251 LOG1 S6 我超时了
113252 LOG1 S6 我身份改为can
113252 LOG1 S6 我开始选举，最新term为6
113253 VOTE S6 我正在选举，我给5发消息
113254 VOTE S6 我正在选举，我给2发消息
113254 VOTE S6 我正在选举，我给4发消息
113254 VOTE S6 我正在选举，我给3发消息
113255 VOTE S6 我正在选举，我给0发消息
113255 VOTE S6 我正在选举，我给1发消息
113865 LOG1 S0 我收到2的心跳,我之前term为5
113865 LOG1 S0 我为fw,term为5
113869 LOG1 S1 我收到2的心跳,我之前term为5
113869 LOG1 S1 我为fw,term为5
113872 LOG1 S3 我收到2的心跳,我之前term为5
113872 LOG1 S3 我为fw,term为5
114876 LOG1 S0 我收到2的心跳,我之前term为5
114877 LOG1 S0 我为fw,term为5
114880 LOG1 S1 我收到2的心跳,我之前term为5
114880 LOG1 S1 我为fw,term为5
114882 LOG1 S3 我收到2的心跳,我之前term为5
114882 LOG1 S3 我为fw,term为5
115196 LOG1 S0 我身份被查
115197 LOG1 S1 我身份被查
115197 LOG1 S2 我身份被查
115198 LOG1 S3 我身份被查
115369 VOTE S6 发送失败
115391 VOTE S1 发送失败
116087 VOTE S4 发送失败
116090 LOG1 S6 收4拉，我term6,vf6,st2
116480 VOTE S6 发送失败
116483 LOG1 S1 收6拉，我term5,vf2,st1
116610 VOTE S5 发送失败
116953 VOTE S6 发送失败
117290 VOTE S2 发送失败
117692 LOG1 S1 我收到4的心跳,我之前term为5
117695 LOG1 S2 我收到4的心跳,我之前term为5
117986 LOG1 S4 我超时了
117986 LOG1 S4 我身份改为can
117987 LOG1 S4 我开始选举，最新term为7
117987 VOTE S4 我正在选举，我给6发消息
117987 VOTE S4 我正在选举，我给0发消息
117987 VOTE S4 我正在选举，我给2发消息
117987 VOTE S4 我正在选举，我给1发消息
117987 VOTE S4 我正在选举，我给3发消息
117989 LOG1 S6 收4拉，我term6,vf6,st2
117989 LOG1 S6 我身份改为follower
117989 LOG1 S6 我投票给4，term为7,我身份为1
117989 LOG1 S2 收4拉，我term5,vf2,st0
117989 LOG1 S2 我身份改为follower
117990 LOG1 S2 我投票给4，term为7,我身份为1
117990 LOG1 S2 我身份改为follower
117989 LOG1 S1 收4拉，我term5,vf2,st1
117990 LOG1 S1 我身份改为follower
117987 VOTE S4 我正在选举，我给5发消息
117989 LOG1 S6 我身份改为follower
117990 LOG1 S1 我投票给4，term为7,我身份为1
117991 LOG1 S1 我身份改为follower
117991 LOG1 S5 收4拉，我term3,vf5,st0
117991 LOG1 S5 我身份改为follower
117991 LOG1 S5 我投票给4，term为7,我身份为1
117991 LOG1 S5 我身份改为follower
117992 TERM S4 我成功当选，term为7
118077 LOG1 S1 我收到5的心跳,我之前term为7
118079 LOG1 S2 我收到5的心跳,我之前term为7
118912 LOG1 S1 我收到4的心跳,我之前term为7
118915 LOG1 S2 我收到4的心跳,我之前term为7
119093 VOTE S2 发送失败
120223 LOG1 S1 我身份被查
120223 LOG1 S2 我身份被查
120223 LOG1 S4 我身份被查
120223 LOG1 S5 我身份被查
120223 LOG1 S6 我身份被查
120853 VOTE S6 发送失败
121761 VOTE S6 发送失败
121936 LOG1 S3 我超时了
121937 LOG1 S3 我身份改为can
121938 LOG1 S3 我开始选举，最新term为6
121938 VOTE S3 我正在选举，我给6发消息
121938 VOTE S3 我正在选举，我给1发消息
121939 VOTE S3 我正在选举，我给0发消息
121939 VOTE S3 我正在选举，我给2发消息
121940 VOTE S3 我正在选举，我给4发消息
121941 LOG1 S2 收3拉，我term7,vf4,st1
121941 LOG1 S6 收3拉，我term7,vf4,st1
121939 VOTE S3 我正在选举，我给5发消息
121943 LOG1 S5 收3拉，我term7,vf4,st1
122204 LOG1 S0 我超时了
122205 LOG1 S0 我身份改为can
122205 LOG1 S0 我开始选举，最新term为6
122206 VOTE S0 我正在选举，我给1发消息
122207 VOTE S0 我正在选举，我给3发消息
122208 VOTE S0 我正在选举，我给4发消息
122208 VOTE S0 我正在选举，我给5发消息
122206 VOTE S0 我正在选举，我给6发消息
122208 VOTE S0 我正在选举，我给2发消息
122410 VOTE S6 发送失败
122704 VOTE S0 发送失败
124240 LOG1 S5 我超时了
124241 LOG1 S5 我身份改为can
124242 LOG1 S5 我开始选举，最新term为8
124242 VOTE S5 我正在选举，我给6发消息
124242 VOTE S5 我正在选举，我给2发消息
124242 VOTE S5 我正在选举，我给3发消息
124242 VOTE S5 我正在选举，我给0发消息
124243 VOTE S5 我正在选举，我给4发消息
124242 VOTE S5 我正在选举，我给1发消息
124244 LOG1 S6 收5拉，我term7,vf4,st1
124244 LOG1 S6 我身份改为follower
124244 LOG1 S6 我投票给5，term为8,我身份为1
124245 LOG1 S6 我身份改为follower
124244 LOG1 S2 收5拉，我term7,vf4,st1
124245 LOG1 S2 我身份改为follower
124245 LOG1 S2 我投票给5，term为8,我身份为1
124245 LOG1 S2 我身份改为follower
124244 LOG1 S3 收5拉，我term6,vf3,st2
124246 LOG1 S3 我身份改为follower
124246 LOG1 S3 我投票给5，term为8,我身份为1
124246 LOG1 S3 我身份改为follower
124247 TERM S5 我成功当选，term为8
124257 VOTE S6 发送失败
124568 VOTE S0 发送失败
125044 LOG1 S1 我超时了
125044 LOG1 S1 我身份改为can
125045 LOG1 S1 我开始选举，最新term为8
125045 VOTE S1 我正在选举，我给6发消息
125046 VOTE S1 我正在选举，我给3发消息
125047 VOTE S1 我正在选举，我给4发消息
125047 VOTE S1 我正在选举，我给5发消息
125048 VOTE S1 我正在选举，我给2发消息
125048 VOTE S1 我正在选举，我给0发消息
125291 LOG1 S2 我身份被查
125292 LOG1 S3 我身份被查
125292 LOG1 S5 我身份被查
125292 LOG1 S6 我身份被查
125581 LOG1 S0 我收到4的心跳,我之前term为6
125581 LOG1 S0 我为fw,term为7
125583 LOG1 S1 我收到4的心跳,我之前term为8
125584 LOG1 S2 我收到4的心跳,我之前term为8
125586 LOG1 S3 我收到4的心跳,我之前term为8
125587 LOG1 S5 我收到4的心跳,我之前term为8
125588 LOG1 S6 我收到4的心跳,我之前term为8
125595 LOG1 S1 我收到5的心跳,我之前term为8
125597 LOG1 S2 我收到5的心跳,我之前term为8
125599 LOG1 S3 我收到5的心跳,我之前term为8
125601 LOG1 S4 我收到5的心跳,我之前term为7
125603 LOG1 S6 我收到5的心跳,我之前term为8
125659 LOG1 S3 我收到4的心跳,我之前term为8
125661 LOG1 S5 我收到4的心跳,我之前term为8
125662 LOG1 S6 我收到4的心跳,我之前term为8
125838 LOG1 S0 我收到5的心跳,我之前term为7
125838 LOG1 S0 我为fw,term为8
125842 LOG1 S1 我收到5的心跳,我之前term为8
125842 LOG1 S1 我为fw,term为8
125844 LOG1 S2 我收到5的心跳,我之前term为8
125844 LOG1 S2 我为fw,term为8
125845 LOG1 S3 我收到5的心跳,我之前term为8
125846 LOG1 S3 我为fw,term为8
125847 LOG1 S4 我收到5的心跳,我之前term为7
125847 LOG1 S4 我为fw,term为8
125851 LOG1 S6 我收到5的心跳,我之前term为8
125851 LOG1 S6 我为fw,term为8
126063 VOTE S6 发送失败
126471 LOG1 S1 我收到4的心跳,我之前term为8
126475 LOG1 S2 我收到4的心跳,我之前term为8
126478 LOG1 S3 我收到4的心跳,我之前term为8
126481 LOG1 S5 我收到4的心跳,我之前term为8
126483 LOG1 S6 我收到4的心跳,我之前term为8
126836 LOG1 S4 我收到5的心跳,我之前term为8
126838 LOG1 S0 我收到5的心跳,我之前term为8
126838 LOG1 S0 我为fw,term为8
126838 LOG1 S6 我收到5的心跳,我之前term为8
126840 LOG1 S1 我收到5的心跳,我之前term为8
126841 LOG1 S1 我为fw,term为8
126842 LOG1 S2 我收到5的心跳,我之前term为8
126842 LOG1 S2 我为fw,term为8
126844 LOG1 S3 我收到5的心跳,我之前term为8
126844 LOG1 S3 我为fw,term为8
126846 LOG1 S4 我收到5的心跳,我之前term为8
126846 LOG1 S4 我为fw,term为8
126848 LOG1 S6 我收到5的心跳,我之前term为8
126848 LOG1 S6 我为fw,term为8
127612 LOG1 S1 我收到5的心跳,我之前term为8
127612 LOG1 S1 我为fw,term为8
127616 LOG1 S2 我收到5的心跳,我之前term为8
127616 LOG1 S2 我为fw,term为8
127619 LOG1 S3 我收到5的心跳,我之前term为8
127619 LOG1 S3 我为fw,term为8
127622 LOG1 S4 我收到5的心跳,我之前term为8
127622 LOG1 S4 我为fw,term为8
127625 LOG1 S6 我收到5的心跳,我之前term为8
127625 LOG1 S6 我为fw,term为8
127703 LOG1 S6 我收到4的心跳,我之前term为8
127782 LOG1 S4 我收到5的心跳,我之前term为8
127785 LOG1 S6 我收到5的心跳,我之前term为8
127848 LOG1 S0 我收到5的心跳,我之前term为8
127849 LOG1 S0 我为fw,term为8
127850 LOG1 S1 我收到5的心跳,我之前term为8
127850 LOG1 S1 我为fw,term为8
127852 LOG1 S2 我收到5的心跳,我之前term为8
127852 LOG1 S2 我为fw,term为8
127853 LOG1 S3 我收到5的心跳,我之前term为8
127853 LOG1 S3 我为fw,term为8
127854 LOG1 S4 我收到5的心跳,我之前term为8
127854 LOG1 S4 我为fw,term为8
127855 LOG1 S6 我收到5的心跳,我之前term为8
127856 LOG1 S6 我为fw,term为8
128098 LOG1 S3 我收到2的心跳,我之前term为8
128105 LOG1 S4 我收到2的心跳,我之前term为8
128108 LOG1 S5 我收到2的心跳,我之前term为8
128110 LOG1 S6 我收到2的心跳,我之前term为8
128483 LOG1 S1 我收到4的心跳,我之前term为8
128485 LOG1 S2 我收到4的心跳,我之前term为8
128486 LOG1 S3 我收到4的心跳,我之前term为8
128487 LOG1 S5 我收到4的心跳,我之前term为8
128489 LOG1 S6 我收到4的心跳,我之前term为8
128803 VOTE S6 发送失败
128854 LOG1 S0 我收到5的心跳,我之前term为8
128854 LOG1 S0 我为fw,term为8
128858 LOG1 S1 我收到5的心跳,我之前term为8
128859 LOG1 S1 我为fw,term为8
128861 LOG1 S2 我收到5的心跳,我之前term为8
128861 LOG1 S2 我为fw,term为8
128864 LOG1 S3 我收到5的心跳,我之前term为8
128864 LOG1 S3 我为fw,term为8
128867 LOG1 S4 我收到5的心跳,我之前term为8
128867 LOG1 S4 我为fw,term为8
128869 LOG1 S6 我收到5的心跳,我之前term为8
128869 LOG1 S6 我为fw,term为8
129145 LOG1 S4 我收到5的心跳,我之前term为8
129148 LOG1 S6 我收到5的心跳,我之前term为8
129183 LOG1 S3 我收到4的心跳,我之前term为8
129186 LOG1 S5 我收到4的心跳,我之前term为8
129188 LOG1 S6 我收到4的心跳,我之前term为8
129862 LOG1 S0 我收到5的心跳,我之前term为8
129863 LOG1 S0 我为fw,term为8
129864 LOG1 S1 我收到5的心跳,我之前term为8
129864 LOG1 S1 我为fw,term为8
129865 LOG1 S2 我收到5的心跳,我之前term为8
129866 LOG1 S2 我为fw,term为8
129867 LOG1 S3 我收到5的心跳,我之前term为8
129867 LOG1 S3 我为fw,term为8
129868 LOG1 S4 我收到5的心跳,我之前term为8
129868 LOG1 S4 我为fw,term为8
129869 LOG1 S6 我收到5的心跳,我之前term为8
129869 LOG1 S6 我为fw,term为8
129968 VOTE S5 发送失败
130101 LOG1 S4 我收到5的心跳,我之前term为8
130105 LOG1 S6 我收到5的心跳,我之前term为8
130419 VOTE S6 发送失败
130446 LOG1 S0 我身份被查
130447 LOG1 S1 我身份被查
130448 LOG1 S2 我身份被查
130448 LOG1 S3 我身份被查
130448 LOG1 S4 我身份被查
130448 LOG1 S5 我身份被查
130448 LOG1 S6 我身份被查
  ... Passed --   5.9  7  406   84704    0
FAIL
exit status 1
FAIL	6.5840/raft	13.328s
