Test (3A): initial election ...
004686 LOG1 S0 我身份被查
004686 LOG1 S1 我身份被查
004687 LOG1 S2 我身份被查
006097 LOG1 S1 我超时了
006100 LOG1 S1 我身份改为can
006101 LOG1 S1 我开始选举，最新term为1
006101 VOTE S1 我正在选举，我给2发消息
006102 LOG1 S0 我超时了
006102 VOTE S1 我正在选举，我给0发消息
006105 LOG1 S0 我身份改为can
006106 LOG1 S0 我开始选举，最新term为1
006107 VOTE S0 我正在选举，我给2发消息
006108 VOTE S0 我正在选举，我给1发消息
006112 LOG1 S1 收0拉，我term1,vf1,st2
006113 LOG1 S2 收1拉，我term0,vf-1,st1
006112 LOG1 S2 收0拉，我term0,vf-1,st1
006113 LOG1 S2 我身份改为follower
006114 LOG1 S2 我投票给0，term为1,我身份为1
006113 LOG1 S0 收1拉，我term1,vf0,st2
006113 LOG1 S2 我身份改为follower
006115 LOG1 S2 我投票给1，term为1,我身份为1
006115 LOG1 S2 我身份改为follower
006114 LOG1 S2 我身份改为follower
006117 TERM S0 我成功当选，term为1
006117 TERM S1 我成功当选，term为1
006121 LOG1 S1 我收到0的心跳,我之前term为1
006121 LOG1 S1 我为fw,term为1
006121 LOG1 S0 我收到1的心跳,我之前term为1
006122 LOG1 S0 我为fw,term为1
006124 LOG1 S2 我收到0的心跳,我之前term为1
006124 LOG1 S2 我为fw,term为1
006125 LOG1 S2 我收到1的心跳,我之前term为1
006125 LOG1 S2 我为fw,term为1
009273 LOG1 S0 我身份被查
009273 LOG1 S1 我身份被查
009273 LOG1 S2 我身份被查
012283 LOG1 S1 我超时了
012283 LOG1 S1 我身份改为can
012284 LOG1 S1 我开始选举，最新term为2
012284 VOTE S1 我正在选举，我给2发消息
012284 VOTE S1 我正在选举，我给0发消息
012286 LOG1 S0 收1拉，我term1,vf0,st1
012287 LOG1 S0 我超时了
012287 LOG1 S0 我身份改为follower
012287 LOG1 S0 我投票给1，term为2,我身份为2
012288 LOG1 S0 我身份改为follower
012287 LOG1 S2 收1拉，我term1,vf1,st1
012289 LOG1 S2 我身份改为follower
012289 LOG1 S2 我投票给1，term为2,我身份为1
012289 LOG1 S2 我身份改为follower
012289 TERM S1 我成功当选，term为2
012287 LOG1 S0 我身份改为can
012290 LOG1 S0 我开始选举，最新term为3
012291 VOTE S0 我正在选举，我给2发消息
012291 VOTE S0 我正在选举，我给1发消息
012291 LOG1 S0 我收到1的心跳,我之前term为3
012293 LOG1 S2 我收到1的心跳,我之前term为2
012293 LOG1 S2 我为fw,term为2
012818 LOG1 S0 我收到1的心跳,我之前term为3
012822 LOG1 S2 我收到1的心跳,我之前term为2
012822 LOG1 S2 我为fw,term为2
013821 LOG1 S0 我收到1的心跳,我之前term为3
013825 LOG1 S2 我收到1的心跳,我之前term为2
013826 LOG1 S2 我为fw,term为2
014614 LOG1 S0 我身份被查
014614 LOG1 S1 我身份被查
014615 LOG1 S2 我身份被查
014832 LOG1 S0 我收到1的心跳,我之前term为3
014834 LOG1 S2 我收到1的心跳,我之前term为2
014834 LOG1 S2 我为fw,term为2
015122 LOG1 S0 我身份被查
015123 LOG1 S1 我身份被查
--- FAIL: TestInitialElection3A (1.51s)
    config.go:471: servers disagree on term
Test (3A): election after network failure ...
019838 LOG1 S0 我身份被查
019838 LOG1 S1 我身份被查
019839 LOG1 S2 我身份被查
021867 LOG1 S2 我超时了
021868 LOG1 S2 我身份改为can
021869 LOG1 S2 我开始选举，最新term为1
021869 VOTE S2 我正在选举，我给0发消息
021869 VOTE S2 我正在选举，我给1发消息
021872 LOG1 S0 收2拉，我term0,vf-1,st1
021873 LOG1 S0 我身份改为follower
021873 LOG1 S0 我投票给2，term为1,我身份为1
021873 LOG1 S0 我身份改为follower
021872 LOG1 S1 收2拉，我term0,vf-1,st1
021874 LOG1 S1 我身份改为follower
021874 LOG1 S1 我投票给2，term为1,我身份为1
021875 LOG1 S1 我身份改为follower
021875 TERM S2 我成功当选，term为1
021878 LOG1 S0 我收到2的心跳,我之前term为1
021878 LOG1 S0 我为fw,term为1
021881 LOG1 S1 我收到2的心跳,我之前term为1
021881 LOG1 S1 我为fw,term为1
022445 LOG1 S0 我收到2的心跳,我之前term为1
022446 LOG1 S0 我为fw,term为1
022450 LOG1 S1 我收到2的心跳,我之前term为1
022450 LOG1 S1 我为fw,term为1
023466 LOG1 S0 我收到2的心跳,我之前term为1
023466 LOG1 S0 我为fw,term为1
023470 LOG1 S1 我收到2的心跳,我之前term为1
023470 LOG1 S1 我为fw,term为1
024385 LOG1 S0 我身份被查
024385 LOG1 S1 我身份被查
024385 LOG1 S2 我身份被查
029446 LOG1 S0 我身份被查
029447 LOG1 S1 我身份被查
030703 LOG1 S0 我超时了
030703 LOG1 S0 我身份改为can
030704 LOG1 S0 我开始选举，最新term为2
030704 VOTE S0 我正在选举，我给2发消息
030704 VOTE S0 我正在选举，我给1发消息
030707 LOG1 S1 收0拉，我term1,vf2,st1
030707 LOG1 S1 我身份改为follower
030707 LOG1 S1 我投票给0，term为2,我身份为1
030707 LOG1 S1 我身份改为follower
030708 TERM S0 我成功当选，term为2
030710 LOG1 S1 我收到0的心跳,我之前term为2
030710 LOG1 S1 我为fw,term为2
031249 LOG1 S1 我收到0的心跳,我之前term为2
031249 LOG1 S1 我为fw,term为2
032257 LOG1 S1 我收到0的心跳,我之前term为2
032258 LOG1 S1 我为fw,term为2
033276 LOG1 S1 我收到0的心跳,我之前term为2
033277 LOG1 S1 我为fw,term为2
034282 LOG1 S1 我收到0的心跳,我之前term为2
034283 LOG1 S1 我为fw,term为2
034686 LOG1 S0 我身份被查
034687 LOG1 S1 我身份被查
035287 LOG1 S1 我收到0的心跳,我之前term为2
035288 LOG1 S1 我为fw,term为2
035291 LOG1 S2 我收到0的心跳,我之前term为1
035292 LOG1 S2 我为fw,term为2
036287 LOG1 S1 我收到0的心跳,我之前term为2
036287 LOG1 S1 我为fw,term为2
036291 LOG1 S2 我收到0的心跳,我之前term为2
036291 LOG1 S2 我为fw,term为2
037305 LOG1 S1 我收到0的心跳,我之前term为2
037305 LOG1 S1 我为fw,term为2
037309 LOG1 S2 我收到0的心跳,我之前term为2
037309 LOG1 S2 我为fw,term为2
038324 LOG1 S1 我收到0的心跳,我之前term为2
038325 LOG1 S1 我为fw,term为2
038329 LOG1 S2 我收到0的心跳,我之前term为2
038329 LOG1 S2 我为fw,term为2
039336 LOG1 S1 我收到0的心跳,我之前term为2
039337 LOG1 S1 我为fw,term为2
039338 LOG1 S2 我收到0的心跳,我之前term为2
039339 LOG1 S2 我为fw,term为2
040183 LOG1 S0 我身份被查
040184 LOG1 S1 我身份被查
040185 LOG1 S2 我身份被查
040585 VOTE S0 发送失败
045738 LOG1 S2 我超时了
045739 LOG1 S2 我身份改为can
045740 LOG1 S2 我开始选举，最新term为3
045740 VOTE S2 我正在选举，我给1发消息
045740 VOTE S2 我正在选举，我给0发消息
046530 LOG1 S1 我超时了
046531 LOG1 S1 我身份改为can
046532 LOG1 S1 我开始选举，最新term为3
046532 VOTE S1 我正在选举，我给2发消息
046532 VOTE S1 我正在选举，我给0发消息
052405 LOG1 S2 我超时了
052408 LOG1 S2 我身份改为can
052408 LOG1 S2 我开始选举，最新term为4
052408 VOTE S2 我正在选举，我给1发消息
052408 VOTE S2 我正在选举，我给0发消息
053876 LOG1 S1 我超时了
053877 LOG1 S1 我身份改为can
053877 LOG1 S1 我开始选举，最新term为4
053877 VOTE S1 我正在选举，我给2发消息
053877 VOTE S1 我正在选举，我给0发消息
056340 VOTE S1 发送失败
058991 LOG1 S2 我超时了
058992 LOG1 S2 我身份改为can
058993 LOG1 S2 我开始选举，最新term为5
058993 VOTE S2 我正在选举，我给1发消息
058993 VOTE S2 我正在选举，我给0发消息
060205 LOG1 S2 我身份被查
061107 LOG1 S1 我超时了
061108 LOG1 S1 我身份改为can
061109 LOG1 S1 我开始选举，最新term为5
061109 VOTE S1 我正在选举，我给2发消息
061109 VOTE S1 我正在选举，我给0发消息
061113 LOG1 S2 收1拉，我term5,vf2,st2
062310 VOTE S1 发送失败
064826 LOG1 S1 我身份被查
064826 LOG1 S2 我身份被查
065543 LOG1 S2 我超时了
065544 LOG1 S2 我身份改为can
065545 LOG1 S2 我开始选举，最新term为6
065546 VOTE S2 我正在选举，我给1发消息
065546 VOTE S2 我正在选举，我给0发消息
065549 LOG1 S1 收2拉，我term5,vf1,st2
065549 LOG1 S1 我身份改为follower
065550 LOG1 S1 我投票给2，term为6,我身份为1
065551 LOG1 S1 我身份改为follower
065552 TERM S2 我成功当选，term为6
066611 LOG1 S1 我收到2的心跳,我之前term为6
067670 LOG1 S1 我收到2的心跳,我之前term为6
067671 LOG1 S1 我为fw,term为6
068084 VOTE S2 发送失败
069460 VOTE S1 发送失败
070083 LOG1 S1 我身份被查
070084 LOG1 S2 我身份被查
070166 LOG1 S0 我收到2的心跳,我之前term为2
070167 LOG1 S0 我为fw,term为6
070170 LOG1 S1 我收到2的心跳,我之前term为6
070170 LOG1 S1 我为fw,term为6
071187 LOG1 S0 我收到2的心跳,我之前term为6
071188 LOG1 S0 我为fw,term为6
071192 LOG1 S1 我收到2的心跳,我之前term为6
071193 LOG1 S1 我为fw,term为6
072191 LOG1 S0 我收到2的心跳,我之前term为6
072206 LOG1 S0 我为fw,term为6
072208 LOG1 S1 我收到2的心跳,我之前term为6
072209 LOG1 S1 我为fw,term为6
072401 LOG1 S2 我收到0的心跳,我之前term为6
072612 VOTE S2 发送失败
073067 VOTE S1 发送失败
073213 LOG1 S0 我收到2的心跳,我之前term为6
073214 LOG1 S0 我为fw,term为6
073217 LOG1 S1 我收到2的心跳,我之前term为6
073218 LOG1 S1 我为fw,term为6
074042 LOG1 S2 我收到0的心跳,我之前term为6
074222 LOG1 S0 我收到2的心跳,我之前term为6
074223 LOG1 S0 我为fw,term为6
074226 LOG1 S1 我收到2的心跳,我之前term为6
074226 LOG1 S1 我为fw,term为6
074899 LOG1 S1 我收到2的心跳,我之前term为6
074900 LOG1 S1 我为fw,term为6
075175 LOG1 S0 我身份被查
075176 LOG1 S1 我身份被查
075176 LOG1 S2 我身份被查
  ... Passed --   6.0  3  120   25118    0
Test (3A): multiple elections ...
077892 VOTE S2 发送失败
079778 LOG1 S0 我身份被查
079778 LOG1 S1 我身份被查
079778 LOG1 S2 我身份被查
079779 LOG1 S3 我身份被查
079779 LOG1 S4 我身份被查
079779 LOG1 S5 我身份被查
079779 LOG1 S6 我身份被查
081113 LOG1 S0 我超时了
081113 LOG1 S0 我身份改为can
081114 LOG1 S0 我开始选举，最新term为1
081114 VOTE S0 我正在选举，我给3发消息
081115 VOTE S0 我正在选举，我给1发消息
081114 VOTE S0 我正在选举，我给4发消息
081115 VOTE S0 我正在选举，我给5发消息
081116 LOG1 S3 收0拉，我term0,vf-1,st1
081117 LOG1 S3 我身份改为follower
081117 LOG1 S3 我投票给0，term为1,我身份为1
081117 LOG1 S3 我身份改为follower
081116 LOG1 S4 收0拉，我term0,vf-1,st1
081117 LOG1 S4 我身份改为follower
081117 LOG1 S4 我投票给0，term为1,我身份为1
081118 LOG1 S4 我身份改为follower
081117 LOG1 S5 收0拉，我term0,vf-1,st1
081118 LOG1 S5 我身份改为follower
081118 LOG1 S5 我投票给0，term为1,我身份为1
081118 LOG1 S5 我身份改为follower
081114 VOTE S0 我正在选举，我给6发消息
081119 TERM S0 我成功当选，term为1
081115 VOTE S0 我正在选举，我给2发消息
081117 LOG1 S1 收0拉，我term0,vf-1,st1
081119 LOG1 S1 我身份改为follower
081119 LOG1 S6 收0拉，我term0,vf-1,st1
081120 LOG1 S6 我身份改为follower
081119 LOG1 S1 我投票给0，term为1,我身份为1
081120 LOG1 S1 我收到0的心跳,我之前term为1
081120 LOG1 S1 我为fw,term为1
081120 LOG1 S6 我投票给0，term为1,我身份为1
081120 LOG1 S6 我身份改为follower
081120 LOG1 S1 我身份改为follower
081121 LOG1 S2 我收到0的心跳,我之前term为0
081121 LOG1 S2 我为fw,term为1
081123 LOG1 S3 我收到0的心跳,我之前term为1
081123 LOG1 S3 我为fw,term为1
081124 LOG1 S4 我收到0的心跳,我之前term为1
081124 LOG1 S4 我为fw,term为1
081125 LOG1 S5 我收到0的心跳,我之前term为1
081125 LOG1 S5 我为fw,term为1
081127 LOG1 S6 我收到0的心跳,我之前term为1
081127 LOG1 S6 我为fw,term为1
081700 LOG1 S1 我收到0的心跳,我之前term为1
081700 LOG1 S1 我为fw,term为1
081702 LOG1 S2 我收到0的心跳,我之前term为1
081702 LOG1 S2 我为fw,term为1
081703 LOG1 S3 我收到0的心跳,我之前term为1
081704 LOG1 S3 我为fw,term为1
081705 LOG1 S4 我收到0的心跳,我之前term为1
081705 LOG1 S4 我为fw,term为1
081706 LOG1 S5 我收到0的心跳,我之前term为1
081707 LOG1 S5 我为fw,term为1
081708 LOG1 S6 我收到0的心跳,我之前term为1
081708 LOG1 S6 我为fw,term为1
082717 LOG1 S1 我收到0的心跳,我之前term为1
082717 LOG1 S1 我为fw,term为1
082719 LOG1 S2 我收到0的心跳,我之前term为1
082720 LOG1 S2 我为fw,term为1
082721 LOG1 S3 我收到0的心跳,我之前term为1
082722 LOG1 S3 我为fw,term为1
082723 LOG1 S4 我收到0的心跳,我之前term为1
082724 LOG1 S4 我为fw,term为1
082726 LOG1 S5 我收到0的心跳,我之前term为1
082726 LOG1 S5 我为fw,term为1
082728 LOG1 S6 我收到0的心跳,我之前term为1
082728 LOG1 S6 我为fw,term为1
083723 LOG1 S1 我收到0的心跳,我之前term为1
083723 LOG1 S1 我为fw,term为1
083725 LOG1 S2 我收到0的心跳,我之前term为1
083725 LOG1 S2 我为fw,term为1
083727 LOG1 S3 我收到0的心跳,我之前term为1
083727 LOG1 S3 我为fw,term为1
083728 LOG1 S4 我收到0的心跳,我之前term为1
083729 LOG1 S4 我为fw,term为1
083730 LOG1 S5 我收到0的心跳,我之前term为1
083731 LOG1 S5 我为fw,term为1
083732 LOG1 S6 我收到0的心跳,我之前term为1
083733 LOG1 S6 我为fw,term为1
084745 LOG1 S1 我收到0的心跳,我之前term为1
084745 LOG1 S1 我为fw,term为1
084749 LOG1 S2 我收到0的心跳,我之前term为1
084749 LOG1 S2 我为fw,term为1
084752 LOG1 S3 我收到0的心跳,我之前term为1
084752 LOG1 S3 我为fw,term为1
084755 LOG1 S4 我收到0的心跳,我之前term为1
084755 LOG1 S4 我为fw,term为1
084758 LOG1 S5 我收到0的心跳,我之前term为1
084758 LOG1 S5 我为fw,term为1
084761 LOG1 S6 我收到0的心跳,我之前term为1
084761 LOG1 S6 我为fw,term为1
084771 LOG1 S0 我身份被查
084772 LOG1 S1 我身份被查
084772 LOG1 S2 我身份被查
084772 LOG1 S3 我身份被查
084772 LOG1 S4 我身份被查
084772 LOG1 S5 我身份被查
084772 LOG1 S6 我身份被查
089581 LOG1 S2 我身份被查
089581 LOG1 S4 我身份被查
089581 LOG1 S5 我身份被查
089582 LOG1 S6 我身份被查
090178 VOTE S2 发送失败
090591 LOG1 S1 我超时了
090592 LOG1 S1 我身份改为can
090593 LOG1 S1 我开始选举，最新term为2
090593 VOTE S1 我正在选举，我给6发消息
090593 VOTE S1 我正在选举，我给2发消息
090593 VOTE S1 我正在选举，我给4发消息
090593 VOTE S1 我正在选举，我给3发消息
090593 VOTE S1 我正在选举，我给0发消息
090594 VOTE S1 我正在选举，我给5发消息
090890 LOG1 S2 我超时了
090891 LOG1 S2 我身份改为can
090892 LOG1 S2 我开始选举，最新term为2
090892 VOTE S2 我正在选举，我给0发消息
090892 VOTE S2 我正在选举，我给6发消息
090893 VOTE S2 我正在选举，我给1发消息
090893 VOTE S2 我正在选举，我给4发消息
090892 VOTE S2 我正在选举，我给3发消息
090893 VOTE S2 我正在选举，我给5发消息
090895 LOG1 S4 收2拉，我term1,vf0,st1
090895 LOG1 S4 我身份改为follower
090895 LOG1 S4 我投票给2，term为2,我身份为1
090896 LOG1 S4 我身份改为follower
090895 LOG1 S6 收2拉，我term1,vf0,st1
090896 LOG1 S6 我身份改为follower
090896 LOG1 S5 收2拉，我term1,vf0,st1
090896 LOG1 S5 我身份改为follower
090897 LOG1 S5 我投票给2，term为2,我身份为1
090897 LOG1 S5 我身份改为follower
090896 LOG1 S6 我投票给2，term为2,我身份为1
090897 LOG1 S6 我身份改为follower
090898 TERM S2 我成功当选，term为2
091449 LOG1 S3 我超时了
091450 LOG1 S3 我身份改为can
091450 LOG1 S3 我开始选举，最新term为2
091451 VOTE S3 我正在选举，我给0发消息
091451 VOTE S3 我正在选举，我给4发消息
091451 VOTE S3 我正在选举，我给6发消息
091452 VOTE S3 我正在选举，我给1发消息
091452 VOTE S3 我正在选举，我给5发消息
091451 VOTE S3 我正在选举，我给2发消息
094348 LOG1 S2 我身份被查
094349 LOG1 S4 我身份被查
094349 LOG1 S5 我身份被查
094349 LOG1 S6 我身份被查
094650 VOTE S1 发送失败
095419 VOTE S1 发送失败
095729 VOTE S2 发送失败
096305 VOTE S2 发送失败
096465 VOTE S1 发送失败
096522 LOG1 S1 我超时了
096523 LOG1 S1 我身份改为can
096523 LOG1 S1 我开始选举，最新term为3
096524 VOTE S1 我正在选举，我给6发消息
096526 VOTE S1 我正在选举，我给2发消息
096526 VOTE S1 我正在选举，我给3发消息
096526 VOTE S1 我正在选举，我给0发消息
096527 VOTE S1 我正在选举，我给4发消息
096527 VOTE S1 我正在选举，我给5发消息
096527 LOG1 S3 收1拉，我term2,vf3,st2
096528 LOG1 S3 我身份改为follower
096528 LOG1 S3 我投票给1，term为3,我身份为1
096528 LOG1 S3 我身份改为follower
096528 LOG1 S5 收1拉，我term2,vf2,st1
096528 LOG1 S5 我身份改为follower
096528 LOG1 S5 我投票给1，term为3,我身份为1
096529 LOG1 S5 我身份改为follower
096529 LOG1 S6 收1拉，我term2,vf2,st1
096529 LOG1 S6 我身份改为follower
096529 LOG1 S6 我投票给1，term为3,我身份为1
096529 LOG1 S6 我身份改为follower
096531 TERM S1 我成功当选，term为3
098182 LOG1 S4 我超时了
098182 LOG1 S4 我身份改为can
098182 LOG1 S4 我开始选举，最新term为3
098183 VOTE S4 我正在选举，我给6发消息
098183 VOTE S4 我正在选举，我给2发消息
098184 VOTE S4 我正在选举，我给3发消息
098184 VOTE S4 我正在选举，我给5发消息
098183 VOTE S4 我正在选举，我给0发消息
098184 VOTE S4 我正在选举，我给1发消息
099209 LOG1 S1 我身份被查
099210 LOG1 S3 我身份被查
099210 LOG1 S5 我身份被查
099210 LOG1 S6 我身份被查
101734 VOTE S2 发送失败
101855 LOG1 S1 我收到2的心跳,我之前term为3
103564 LOG1 S5 我超时了
103565 LOG1 S5 我身份改为can
103566 LOG1 S5 我开始选举，最新term为4
103566 VOTE S5 我正在选举，我给2发消息
103566 VOTE S5 我正在选举，我给3发消息
103567 VOTE S5 我正在选举，我给4发消息
103568 VOTE S5 我正在选举，我给1发消息
103566 VOTE S5 我正在选举，我给6发消息
103569 LOG1 S4 收5拉，我term3,vf4,st2
103569 LOG1 S4 我身份改为follower
103569 LOG1 S4 我投票给5，term为4,我身份为1
103569 LOG1 S4 我身份改为follower
103569 LOG1 S1 收5拉，我term3,vf1,st0
103569 VOTE S5 我正在选举，我给0发消息
103570 LOG1 S1 我身份改为follower
103570 LOG1 S1 我投票给5，term为4,我身份为1
103570 LOG1 S1 我身份改为follower
103570 LOG1 S2 收5拉，我term2,vf2,st0
103571 LOG1 S2 我身份改为follower
103571 LOG1 S2 我投票给5，term为4,我身份为1
103571 LOG1 S2 我身份改为follower
103571 TERM S5 我成功当选，term为4
103663 LOG1 S3 我超时了
103664 LOG1 S6 我超时了
103664 LOG1 S3 我身份改为can
103664 LOG1 S3 我开始选举，最新term为4
103665 VOTE S3 我正在选举，我给6发消息
103664 LOG1 S6 我身份改为can
103666 LOG1 S6 我开始选举，最新term为4
103666 VOTE S3 我正在选举，我给2发消息
103666 VOTE S3 我正在选举，我给4发消息
103667 VOTE S3 我正在选举，我给5发消息
103667 VOTE S6 我正在选举，我给0发消息
103667 VOTE S6 我正在选举，我给1发消息
103668 VOTE S3 我正在选举，我给0发消息
103668 VOTE S6 我正在选举，我给3发消息
103668 VOTE S6 我正在选举，我给4发消息
103668 VOTE S6 我正在选举，我给2发消息
103666 VOTE S6 我正在选举，我给5发消息
103668 VOTE S3 我正在选举，我给1发消息
104121 LOG1 S1 我身份被查
104121 LOG1 S2 我身份被查
104121 LOG1 S4 我身份被查
104122 LOG1 S5 我身份被查
105152 LOG1 S1 我收到2的心跳,我之前term为4
106388 LOG1 S4 我收到2的心跳,我之前term为4
106390 LOG1 S5 我收到2的心跳,我之前term为4
106391 LOG1 S6 我收到2的心跳,我之前term为4
106503 LOG1 S2 我收到1的心跳,我之前term为4
106719 LOG1 S1 我收到2的心跳,我之前term为4
107990 VOTE S3 发送失败
108320 LOG1 S1 我收到2的心跳,我之前term为4
108911 VOTE S2 发送失败
109154 LOG1 S1 我身份被查
109154 LOG1 S2 我身份被查
109155 LOG1 S4 我身份被查
109155 LOG1 S5 我身份被查
109155 LOG1 S6 我身份被查
109188 LOG1 S0 我收到5的心跳,我之前term为1
109188 LOG1 S0 我为fw,term为4
109191 LOG1 S1 我收到5的心跳,我之前term为4
109191 LOG1 S1 我为fw,term为4
109193 LOG1 S2 我收到5的心跳,我之前term为4
109193 LOG1 S2 我为fw,term为4
109229 VOTE S1 发送失败
110192 LOG1 S0 我收到5的心跳,我之前term为4
110192 LOG1 S0 我为fw,term为4
110195 LOG1 S1 我收到5的心跳,我之前term为4
110195 LOG1 S1 我为fw,term为4
110197 LOG1 S2 我收到5的心跳,我之前term为4
110197 LOG1 S2 我为fw,term为4
110299 LOG1 S6 我超时了
110300 LOG1 S6 我身份改为can
110300 LOG1 S6 我开始选举，最新term为5
110301 VOTE S6 我正在选举，我给5发消息
110301 VOTE S6 我正在选举，我给2发消息
110301 VOTE S6 我正在选举，我给1发消息
110301 VOTE S6 我正在选举，我给4发消息
110301 VOTE S6 我正在选举，我给0发消息
110301 VOTE S6 我正在选举，我给3发消息
110439 LOG1 S4 我超时了
110440 LOG1 S4 我身份改为can
110441 LOG1 S4 我开始选举，最新term为5
110441 VOTE S4 我正在选举，我给0发消息
110441 VOTE S4 我正在选举，我给1发消息
110441 VOTE S4 我正在选举，我给6发消息
110441 VOTE S4 我正在选举，我给5发消息
110441 VOTE S4 我正在选举，我给3发消息
110442 VOTE S4 我正在选举，我给2发消息
110705 LOG1 S1 我收到5的心跳,我之前term为4
110706 LOG1 S1 我为fw,term为4
110709 LOG1 S2 我收到5的心跳,我之前term为4
110709 LOG1 S2 我为fw,term为4
110800 LOG1 S3 我超时了
110800 LOG1 S3 我身份改为can
110801 LOG1 S3 我开始选举，最新term为5
110802 VOTE S3 我正在选举，我给6发消息
110802 VOTE S3 我正在选举，我给2发消息
110802 VOTE S3 我正在选举，我给1发消息
110802 VOTE S3 我正在选举，我给0发消息
110802 VOTE S3 我正在选举，我给5发消息
110802 VOTE S3 我正在选举，我给4发消息
111177 LOG1 S2 我收到0的心跳,我之前term为4
111196 LOG1 S0 我收到5的心跳,我之前term为4
111196 LOG1 S0 我为fw,term为4
111199 LOG1 S1 我收到5的心跳,我之前term为4
111199 LOG1 S1 我为fw,term为4
111203 LOG1 S2 我收到5的心跳,我之前term为4
111203 LOG1 S2 我为fw,term为4
111354 LOG1 S1 我收到2的心跳,我之前term为4
111712 LOG1 S2 我收到0的心跳,我之前term为4
112200 LOG1 S0 我收到5的心跳,我之前term为4
112201 LOG1 S0 我为fw,term为4
112204 LOG1 S1 我收到5的心跳,我之前term为4
112204 LOG1 S1 我为fw,term为4
112207 LOG1 S2 我收到5的心跳,我之前term为4
112207 LOG1 S2 我为fw,term为4
112255 VOTE S3 发送失败
112546 VOTE S1 发送失败
112963 LOG1 S2 我收到0的心跳,我之前term为4
113217 LOG1 S0 我收到5的心跳,我之前term为4
113218 LOG1 S0 我为fw,term为4
113221 LOG1 S1 我收到5的心跳,我之前term为4
113221 LOG1 S1 我为fw,term为4
113224 LOG1 S2 我收到5的心跳,我之前term为4
113224 LOG1 S2 我为fw,term为4
113304 LOG1 S1 我收到2的心跳,我之前term为4
113808 LOG1 S2 我收到1的心跳,我之前term为4
114059 VOTE S3 发送失败
114130 LOG1 S0 我身份被查
114131 LOG1 S1 我身份被查
114131 LOG1 S2 我身份被查
114131 LOG1 S5 我身份被查
115078 VOTE S6 发送失败
115127 LOG1 S2 我收到0的心跳,我之前term为4
115131 LOG1 S3 我收到0的心跳,我之前term为5
116311 VOTE S5 发送失败
117113 VOTE S1 发送失败
117209 VOTE S2 发送失败
117258 LOG1 S6 我超时了
117258 LOG1 S6 我身份改为can
117258 LOG1 S6 我开始选举，最新term为6
117259 VOTE S6 我正在选举，我给0发消息
117259 VOTE S6 我正在选举，我给2发消息
117259 VOTE S6 我正在选举，我给1发消息
117259 VOTE S6 我正在选举，我给5发消息
117259 VOTE S6 我正在选举，我给3发消息
117259 VOTE S6 我正在选举，我给4发消息
117795 LOG1 S4 我超时了
117796 LOG1 S4 我身份改为can
117797 LOG1 S4 我开始选举，最新term为6
117797 VOTE S4 我正在选举，我给6发消息
117798 VOTE S4 我正在选举，我给3发消息
117798 VOTE S4 我正在选举，我给2发消息
117798 VOTE S4 我正在选举，我给5发消息
117798 VOTE S4 我正在选举，我给1发消息
117797 VOTE S4 我正在选举，我给0发消息
118011 LOG1 S3 我超时了
118012 LOG1 S3 我身份改为can
118013 LOG1 S3 我开始选举，最新term为6
118013 VOTE S3 我正在选举，我给6发消息
118013 VOTE S3 我正在选举，我给2发消息
118014 VOTE S3 我正在选举，我给1发消息
118014 VOTE S3 我正在选举，我给4发消息
118014 VOTE S3 我正在选举，我给0发消息
118016 VOTE S3 我正在选举，我给5发消息
118017 LOG1 S1 收3拉，我term4,vf5,st1
118018 LOG1 S1 我身份改为follower
118018 LOG1 S1 我投票给3，term为6,我身份为1
118018 LOG1 S1 我身份改为follower
118017 LOG1 S2 收3拉，我term4,vf5,st1
118019 LOG1 S2 我身份改为follower
118019 LOG1 S2 我投票给3，term为6,我身份为1
118019 LOG1 S2 我身份改为follower
118019 LOG1 S0 收3拉，我term4,vf0,st1
118020 LOG1 S0 我身份改为follower
118020 LOG1 S0 我投票给3，term为6,我身份为1
118020 LOG1 S0 我身份改为follower
118021 TERM S3 我成功当选，term为6
118023 LOG1 S0 我收到3的心跳,我之前term为6
118024 LOG1 S0 我为fw,term为6
118026 LOG1 S1 我收到3的心跳,我之前term为6
118026 LOG1 S1 我为fw,term为6
118029 LOG1 S2 我收到3的心跳,我之前term为6
118029 LOG1 S2 我为fw,term为6
118538 LOG1 S0 我收到3的心跳,我之前term为6
118538 LOG1 S0 我为fw,term为6
118541 LOG1 S1 我收到3的心跳,我之前term为6
118541 LOG1 S1 我为fw,term为6
118544 LOG1 S2 我收到3的心跳,我之前term为6
118544 LOG1 S2 我为fw,term为6
118578 VOTE S3 发送失败
119267 VOTE S3 发送失败
119533 LOG1 S0 我身份被查
119533 LOG1 S1 我身份被查
119533 LOG1 S2 我身份被查
119533 LOG1 S3 我身份被查
119536 LOG1 S0 我收到3的心跳,我之前term为6
119536 LOG1 S0 我为fw,term为6
119774 LOG1 S2 我收到0的心跳,我之前term为6
119775 LOG1 S3 我收到0的心跳,我之前term为6
119775 LOG1 S4 我收到0的心跳,我之前term为6
119776 LOG1 S5 我收到0的心跳,我之前term为4
119776 LOG1 S6 我收到0的心跳,我之前term为6
120040 VOTE S6 发送失败
120042 LOG1 S5 收6拉，我term4,vf5,st0
120290 LOG1 S0 我收到5的心跳,我之前term为6
120446 LOG1 S3 我收到0的心跳,我之前term为6
120449 LOG1 S4 我收到0的心跳,我之前term为6
120450 LOG1 S5 我收到0的心跳,我之前term为4
120452 LOG1 S6 我收到0的心跳,我之前term为6
120504 VOTE S6 发送失败
120506 LOG1 S4 收6拉，我term6,vf4,st2
120539 LOG1 S0 我收到3的心跳,我之前term为6
120539 LOG1 S0 我为fw,term为6
121293 LOG1 S0 我收到5的心跳,我之前term为6
121544 LOG1 S0 我收到3的心跳,我之前term为6
121544 LOG1 S0 我为fw,term为6
122298 LOG1 S0 我收到5的心跳,我之前term为6
122559 LOG1 S0 我收到3的心跳,我之前term为6
122559 LOG1 S0 我为fw,term为6
122964 VOTE S3 发送失败
123301 LOG1 S0 我收到5的心跳,我之前term为6
123494 VOTE S3 发送失败
123562 LOG1 S0 我收到3的心跳,我之前term为6
123563 LOG1 S0 我为fw,term为6
123843 VOTE S1 发送失败
123887 LOG1 S6 我超时了
123887 LOG1 S6 我身份改为can
123887 LOG1 S6 我开始选举，最新term为7
123887 VOTE S6 我正在选举，我给5发消息
123887 VOTE S6 我正在选举，我给0发消息
123888 VOTE S6 我正在选举，我给2发消息
123888 LOG1 S0 收6拉，我term6,vf3,st1
123888 LOG1 S0 我身份改为follower
123888 LOG1 S0 我投票给6，term为7,我身份为1
123888 LOG1 S0 我身份改为follower
123889 VOTE S6 我正在选举，我给3发消息
123889 LOG1 S3 收6拉，我term6,vf3,st0
123889 LOG1 S3 我身份改为follower
123889 LOG1 S3 我投票给6，term为7,我身份为1
123889 LOG1 S3 我身份改为follower
123889 VOTE S6 我正在选举，我给4发消息
123890 LOG1 S4 收6拉，我term6,vf4,st2
123890 LOG1 S4 我身份改为follower
123890 LOG1 S4 我投票给6，term为7,我身份为1
123890 LOG1 S4 我身份改为follower
123890 LOG1 S5 收6拉，我term4,vf5,st0
123890 LOG1 S5 我身份改为follower
123890 LOG1 S5 我投票给6，term为7,我身份为1
123890 LOG1 S5 我身份改为follower
123890 LOG1 S2 收6拉，我term6,vf3,st1
123891 LOG1 S2 我身份改为follower
123891 LOG1 S2 我投票给6，term为7,我身份为1
123891 LOG1 S2 我身份改为follower
123890 TERM S6 我成功当选，term为7
123891 LOG1 S0 我收到6的心跳,我之前term为7
123891 LOG1 S0 我为fw,term为7
123888 VOTE S6 我正在选举，我给1发消息
124043 VOTE S4 发送失败
124047 LOG1 S2 我收到0的心跳,我之前term为7
124048 LOG1 S3 我收到0的心跳,我之前term为7
124048 LOG1 S4 我收到0的心跳,我之前term为7
124049 LOG1 S5 我收到0的心跳,我之前term为7
124053 LOG1 S6 我收到0的心跳,我之前term为7
124405 LOG1 S0 我收到6的心跳,我之前term为7
124405 LOG1 S0 我为fw,term为7
124504 LOG1 S1 我超时了
124505 LOG1 S1 我身份改为can
124505 LOG1 S1 我开始选举，最新term为7
124505 VOTE S1 我正在选举，我给6发消息
124505 VOTE S1 我正在选举，我给3发消息
124505 VOTE S1 我正在选举，我给5发消息
124505 VOTE S1 我正在选举，我给0发消息
124505 VOTE S1 我正在选举，我给2发消息
124505 VOTE S1 我正在选举，我给4发消息
124505 VOTE S1 发送失败
124793 LOG1 S0 我身份被查
124793 LOG1 S2 我身份被查
124793 LOG1 S3 我身份被查
124793 LOG1 S4 我身份被查
124793 LOG1 S5 我身份被查
124794 LOG1 S6 我身份被查
124982 VOTE S6 发送失败
125475 LOG1 S2 我收到1的心跳,我之前term为7
126076 LOG1 S1 我收到2的心跳,我之前term为7
126447 VOTE S4 发送失败
126645 LOG1 S1 我收到2的心跳,我之前term为7
127229 VOTE S6 发送失败
127475 VOTE S3 发送失败
130019 LOG1 S2 我超时了
130019 LOG1 S2 我身份改为can
130020 LOG1 S2 我开始选举，最新term为8
130020 VOTE S2 我正在选举，我给6发消息
130021 VOTE S2 我正在选举，我给3发消息
130021 VOTE S2 我正在选举，我给1发消息
130021 VOTE S2 我正在选举，我给0发消息
130021 VOTE S2 我正在选举，我给4发消息
130021 VOTE S2 我正在选举，我给5发消息
130023 LOG1 S1 收2拉，我term7,vf1,st2
130023 LOG1 S1 我身份改为follower
130026 LOG1 S1 我投票给2，term为8,我身份为1
130026 LOG1 S1 我身份改为follower
130026 LOG1 S5 收2拉，我term7,vf6,st1
130026 LOG1 S5 我身份改为follower
130027 LOG1 S5 我投票给2，term为8,我身份为1
130027 LOG1 S5 我身份改为follower
130028 LOG1 S4 收2拉，我term7,vf6,st1
130028 LOG1 S4 我身份改为follower
130028 LOG1 S4 我投票给2，term为8,我身份为1
130028 LOG1 S4 我身份改为follower
130029 TERM S2 我成功当选，term为8
130144 VOTE S6 发送失败
130208 LOG1 S0 我超时了
130208 LOG1 S0 我身份改为can
130209 LOG1 S0 我开始选举，最新term为8
130209 VOTE S0 我正在选举，我给1发消息
130210 VOTE S0 我正在选举，我给3发消息
130210 VOTE S0 我正在选举，我给5发消息
130209 VOTE S0 我正在选举，我给6发消息
130210 VOTE S0 我正在选举，我给4发消息
130210 VOTE S0 我正在选举，我给2发消息
130241 LOG1 S1 我身份被查
130241 LOG1 S2 我身份被查
130241 LOG1 S4 我身份被查
130241 LOG1 S5 我身份被查
130468 VOTE S6 发送失败
130472 LOG1 S0 我收到6的心跳,我之前term为8
130475 LOG1 S1 我收到6的心跳,我之前term为8
130815 LOG1 S3 我超时了
130816 LOG1 S3 我身份改为can
130816 LOG1 S3 我开始选举，最新term为8
130817 VOTE S3 我正在选举，我给6发消息
130817 VOTE S3 我正在选举，我给2发消息
130818 VOTE S3 我正在选举，我给0发消息
130818 VOTE S3 我正在选举，我给4发消息
130819 VOTE S3 我正在选举，我给1发消息
130819 LOG1 S6 收3拉，我term7,vf6,st0
130819 LOG1 S6 我身份改为follower
130819 LOG1 S6 我投票给3，term为8,我身份为1
130820 LOG1 S6 我身份改为follower
130819 VOTE S3 我正在选举，我给5发消息
130819 LOG1 S0 收3拉，我term8,vf0,st2
130820 LOG1 S1 收3拉，我term8,vf2,st1
132031 LOG1 S3 我收到0的心跳,我之前term为8
132315 VOTE S4 发送失败
132808 VOTE S3 发送失败
132811 LOG1 S1 收3拉，我term8,vf2,st1
133379 VOTE S4 发送失败
133919 VOTE S1 发送失败
134041 VOTE S2 发送失败
134477 VOTE S6 发送失败
134563 VOTE S4 发送失败
134921 LOG1 S0 我身份被查
134921 LOG1 S1 我身份被查
134921 LOG1 S3 我身份被查
134921 LOG1 S6 我身份被查
134957 VOTE S0 发送失败
134958 LOG1 S6 收0拉，我term8,vf3,st1
135948 LOG1 S1 我超时了
135948 LOG1 S1 我身份改为can
135949 LOG1 S1 我开始选举，最新term为9
135949 VOTE S1 我正在选举，我给6发消息
135949 VOTE S1 我正在选举，我给0发消息
135949 VOTE S1 我正在选举，我给3发消息
135949 VOTE S1 我正在选举，我给2发消息
135949 VOTE S1 我正在选举，我给5发消息
135949 VOTE S1 我正在选举，我给4发消息
135950 LOG1 S6 收1拉，我term8,vf3,st1
135951 LOG1 S6 我身份改为follower
135951 LOG1 S6 我投票给1，term为9,我身份为1
135952 LOG1 S6 我身份改为follower
135951 LOG1 S0 收1拉，我term8,vf0,st2
135952 LOG1 S0 我身份改为follower
135952 LOG1 S0 我投票给1，term为9,我身份为1
135952 LOG1 S0 我身份改为follower
135952 LOG1 S3 收1拉，我term8,vf3,st2
135952 LOG1 S3 我身份改为follower
135953 LOG1 S3 我投票给1，term为9,我身份为1
135953 LOG1 S3 我身份改为follower
135953 TERM S1 我成功当选，term为9
135954 LOG1 S0 我收到1的心跳,我之前term为9
135954 LOG1 S0 我为fw,term为9
135961 VOTE S1 发送失败
135982 VOTE S6 发送失败
136225 LOG1 S1 我收到6的心跳,我之前term为9
136486 LOG1 S3 我收到1的心跳,我之前term为9
136524 LOG1 S0 我收到1的心跳,我之前term为9
136524 LOG1 S0 我为fw,term为9
136993 LOG1 S5 我超时了
136994 LOG1 S5 我身份改为can
136995 LOG1 S5 我开始选举，最新term为9
136996 VOTE S5 我正在选举，我给6发消息
136997 VOTE S5 我正在选举，我给1发消息
136997 VOTE S5 我正在选举，我给0发消息
136997 VOTE S5 我正在选举，我给3发消息
136997 VOTE S5 我正在选举，我给4发消息
136997 VOTE S5 我正在选举，我给2发消息
137193 LOG1 S4 我超时了
137193 LOG1 S4 我身份改为can
137193 LOG1 S4 我开始选举，最新term为9
137193 VOTE S4 我正在选举，我给1发消息
137193 VOTE S4 我正在选举，我给2发消息
137193 VOTE S4 我正在选举，我给0发消息
137194 VOTE S4 我正在选举，我给5发消息
137193 VOTE S4 我正在选举，我给6发消息
137194 VOTE S4 我正在选举，我给3发消息
137312 VOTE S4 发送失败
137525 LOG1 S0 我收到1的心跳,我之前term为9
137525 LOG1 S0 我为fw,term为9
137603 VOTE S4 发送失败
138206 VOTE S3 发送失败
138206 VOTE S6 发送失败
138231 VOTE S5 发送失败
138535 LOG1 S0 我收到1的心跳,我之前term为9
138535 LOG1 S0 我为fw,term为9
138748 VOTE S1 发送失败
138903 LOG1 S3 我收到6的心跳,我之前term为9
139548 LOG1 S0 我收到1的心跳,我之前term为9
139548 LOG1 S0 我为fw,term为9
139651 LOG1 S0 我身份被查
139651 LOG1 S1 我身份被查
139651 LOG1 S3 我身份被查
139651 LOG1 S6 我身份被查
139692 LOG1 S0 我收到2的心跳,我之前term为9
139693 LOG1 S1 我收到2的心跳,我之前term为9
139693 LOG1 S3 我收到2的心跳,我之前term为9
139694 LOG1 S4 我收到2的心跳,我之前term为9
139694 LOG1 S5 我收到2的心跳,我之前term为9
139694 LOG1 S6 我收到2的心跳,我之前term为9
139790 LOG1 S3 我收到0的心跳,我之前term为9
139791 LOG1 S4 我收到0的心跳,我之前term为9
139791 LOG1 S5 我收到0的心跳,我之前term为9
139792 LOG1 S6 我收到0的心跳,我之前term为9
140547 LOG1 S0 我收到1的心跳,我之前term为9
140551 LOG1 S0 我为fw,term为9
140551 LOG1 S2 我收到1的心跳,我之前term为8
140551 LOG1 S2 我为fw,term为9
140552 LOG1 S3 我收到1的心跳,我之前term为9
140552 LOG1 S3 我为fw,term为9
140552 LOG1 S4 我收到1的心跳,我之前term为9
140553 LOG1 S4 我为fw,term为9
140553 LOG1 S5 我收到1的心跳,我之前term为9
140553 LOG1 S5 我为fw,term为9
140554 LOG1 S6 我收到1的心跳,我之前term为9
140554 LOG1 S6 我为fw,term为9
141029 LOG1 S1 我收到2的心跳,我之前term为9
141030 LOG1 S3 我收到2的心跳,我之前term为9
141031 LOG1 S4 我收到2的心跳,我之前term为9
141032 LOG1 S5 我收到2的心跳,我之前term为9
141033 LOG1 S6 我收到2的心跳,我之前term为9
141424 VOTE S6 发送失败
141567 LOG1 S0 我收到1的心跳,我之前term为9
141567 LOG1 S0 我为fw,term为9
141605 LOG1 S2 我收到1的心跳,我之前term为9
142000 LOG1 S2 我为fw,term为9
142002 VOTE S6 发送失败
142004 LOG1 S3 我收到1的心跳,我之前term为9
142004 LOG1 S3 我为fw,term为9
142107 VOTE S4 发送失败
142121 LOG1 S4 我收到1的心跳,我之前term为9
142121 LOG1 S4 我为fw,term为9
142122 VOTE S4 发送失败
142121 LOG1 S1 我收到5的心跳,我之前term为9
142123 LOG1 S5 我收到1的心跳,我之前term为9
142123 LOG1 S5 我为fw,term为9
142124 LOG1 S6 我收到1的心跳,我之前term为9
142125 LOG1 S6 我为fw,term为9
142128 LOG1 S2 我收到5的心跳,我之前term为9
142130 LOG1 S3 我收到5的心跳,我之前term为9
142132 LOG1 S4 我收到5的心跳,我之前term为9
142134 LOG1 S6 我收到5的心跳,我之前term为9
142568 LOG1 S0 我收到1的心跳,我之前term为9
142568 LOG1 S0 我为fw,term为9
142569 LOG1 S2 我收到1的心跳,我之前term为9
142569 LOG1 S2 我为fw,term为9
142569 LOG1 S3 我收到1的心跳,我之前term为9
142569 LOG1 S3 我为fw,term为9
142570 LOG1 S4 我收到1的心跳,我之前term为9
142571 LOG1 S4 我为fw,term为9
142572 LOG1 S5 我收到1的心跳,我之前term为9
142572 LOG1 S5 我为fw,term为9
142575 LOG1 S6 我收到1的心跳,我之前term为9
142576 LOG1 S6 我为fw,term为9
142645 VOTE S4 发送失败
142862 VOTE S2 发送失败
142865 LOG1 S4 我收到0的心跳,我之前term为9
142866 LOG1 S5 我收到0的心跳,我之前term为9
142866 LOG1 S6 我收到0的心跳,我之前term为9
143520 VOTE S3 发送失败
143572 LOG1 S0 我收到1的心跳,我之前term为9
143573 LOG1 S0 我为fw,term为9
143575 LOG1 S2 我收到1的心跳,我之前term为9
143576 LOG1 S2 我为fw,term为9
143578 LOG1 S3 我收到1的心跳,我之前term为9
143579 LOG1 S3 我为fw,term为9
143580 LOG1 S4 我收到1的心跳,我之前term为9
143580 LOG1 S4 我为fw,term为9
143583 LOG1 S5 我收到1的心跳,我之前term为9
143583 LOG1 S5 我为fw,term为9
143584 LOG1 S6 我收到1的心跳,我之前term为9
143584 LOG1 S6 我为fw,term为9
143847 VOTE S4 发送失败
144034 LOG1 S2 我收到0的心跳,我之前term为9
144035 LOG1 S3 我收到0的心跳,我之前term为9
144036 LOG1 S4 我收到0的心跳,我之前term为9
144036 LOG1 S5 我收到0的心跳,我之前term为9
144037 LOG1 S6 我收到0的心跳,我之前term为9
144330 VOTE S2 发送失败
144425 VOTE S2 发送失败
144512 LOG1 S4 我收到5的心跳,我之前term为9
144515 LOG1 S6 我收到5的心跳,我之前term为9
144595 LOG1 S0 我收到1的心跳,我之前term为9
144596 LOG1 S0 我为fw,term为9
144610 LOG1 S2 我收到1的心跳,我之前term为9
144610 LOG1 S2 我为fw,term为9
144990 LOG1 S0 我身份被查
144991 LOG1 S1 我身份被查
144991 LOG1 S2 我身份被查
144991 LOG1 S3 我身份被查
144991 LOG1 S4 我身份被查
144991 LOG1 S5 我身份被查
144991 LOG1 S6 我身份被查
  ... Passed --   7.0  7  459   90766    0
144991 LOG1 S3 我收到1的心跳,我之前term为9
144991 LOG1 S3 我为fw,term为9
FAIL
exit status 1
FAIL	6.5840/raft	14.694s
